#
# There is insufficient memory for the Java Runtime Environment to continue.
# Native memory allocation (malloc) failed to allocate 401216 bytes. Error detail: Chunk::new
# Possible reasons:
#   The system is out of physical RAM or swap space
#   This process is running with CompressedOops enabled, and the Java Heap may be blocking the growth of the native heap
# Possible solutions:
#   Reduce memory load on the system
#   Increase physical memory or swap space
#   Check if swap backing store is full
#   Decrease Java heap size (-Xmx/-Xms)
#   Decrease number of Java threads
#   Decrease Java thread stack sizes (-Xss)
#   Set larger code cache with -XX:ReservedCodeCacheSize=
#   JVM is running with Unscaled Compressed Oops mode in which the Java heap is
#     placed in the first 4GB address space. The Java Heap base address is the
#     maximum limit for the native heap growth. Please use -XX:HeapBaseMinAddress
#     to set the Java Heap base and to place the Java Heap above 4GB virtual address.
# This output file may be truncated or incomplete.
#
#  Out of Memory Error (arena.cpp:168), pid=5592, tid=10616
#
# JRE version: OpenJDK Runtime Environment Temurin-21.0.10+7 (21.0.10+7) (build 21.0.10+7-LTS)
# Java VM: OpenJDK 64-Bit Server VM Temurin-21.0.10+7 (21.0.10+7-LTS, mixed mode, sharing, tiered, compressed oops, compressed class ptrs, parallel gc, windows-amd64)
# No core dump will be written. Minidumps are not enabled by default on client versions of Windows
#

---------------  S U M M A R Y ------------

Command Line: --add-modules=ALL-SYSTEM --add-opens=java.base/java.util=ALL-UNNAMED --add-opens=java.base/java.lang=ALL-UNNAMED --add-opens=java.base/sun.nio.fs=ALL-UNNAMED -Declipse.application=org.eclipse.jdt.ls.core.id1 -Dosgi.bundles.defaultStartLevel=4 -Declipse.product=org.eclipse.jdt.ls.core.product -Djava.import.generatesMetadataFilesAtProjectRoot=false -DDetectVMInstallationsJob.disabled=true -Dfile.encoding=utf8 -XX:+UseParallelGC -XX:GCTimeRatio=4 -XX:AdaptiveSizePolicyWeight=90 -Dsun.zip.disableMemoryMapping=true -Xmx2G -Xms100m -Xlog:disable -javaagent:c:\Users\vothi\.vscode\extensions\redhat.java-1.54.0-win32-x64\lombok\lombok-1.18.39-4050.jar -XX:+HeapDumpOnOutOfMemoryError -XX:HeapDumpPath=c:\Users\vothi\AppData\Roaming\Code\User\workspaceStorage\e2ec343072c3df4871035c3780abb845\redhat.java -Daether.dependencyCollector.impl=bf c:\Users\vothi\.vscode\extensions\redhat.java-1.54.0-win32-x64\server\plugins\org.eclipse.equinox.launcher_1.7.100.v20251111-0406.jar -configuration c:\Users\vothi\AppData\Roaming\Code\User\globalStorage\redhat.java\1.54.0\config_win -data c:\Users\vothi\AppData\Roaming\Code\User\workspaceStorage\e2ec343072c3df4871035c3780abb845\redhat.java\jdt_ws --pipe=\\.\pipe\lsp-3d8e0528a380ce0d65147ccfc04c447f-sock

Host: 11th Gen Intel(R) Core(TM) i5-1135G7 @ 2.40GHz, 8 cores, 15G,  Windows 11 , 64 bit Build 26100 (10.0.26100.8115)
Time: Sat Jun 20 16:16:00 2026 SE Asia Standard Time elapsed time: 35.670810 seconds (0d 0h 0m 35s)

---------------  T H R E A D  ---------------

Current thread (0x000002c5533183a0):  JavaThread "C2 CompilerThread0" daemon [_thread_in_native, id=10616, stack(0x000000cc18d00000,0x000000cc18e00000) (1024K)]


Current CompileTask:
C2:35670 7431   !   4       java.nio.file.FileTreeWalker::next (144 bytes)

Stack: [0x000000cc18d00000,0x000000cc18e00000]
Native frames: (J=compiled Java code, j=interpreted, Vv=VM code, C=native code)
V  [jvm.dll+0x6d7a39]
V  [jvm.dll+0x8b4b26]
V  [jvm.dll+0x8b70de]
V  [jvm.dll+0x8b77c3]
V  [jvm.dll+0x284346]
V  [jvm.dll+0xc66ed]
V  [jvm.dll+0xc6c31]
V  [jvm.dll+0x2fb29e]
V  [jvm.dll+0x5fe884]
V  [jvm.dll+0x255b17]
V  [jvm.dll+0x24dc0b]
V  [jvm.dll+0x24ba42]
V  [jvm.dll+0x1cb34e]
V  [jvm.dll+0x25b85d]
V  [jvm.dll+0x259dea]
V  [jvm.dll+0x3f857e]
V  [jvm.dll+0x85f59d]
V  [jvm.dll+0x6d626d]
C  [ucrtbase.dll+0x37b0]
C  [KERNEL32.DLL+0x2e8d7]
C  [ntdll.dll+0x8c3fc]


---------------  P R O C E S S  ---------------

Threads class SMR info:
_java_thread_list=0x000002c573803e30, length=48, elements={
0x000002c553391970, 0x000002c55344af70, 0x000002c55344bbd0, 0x000002c55344dd90,
0x000002c553304f60, 0x000002c5533075e0, 0x000002c553314db0, 0x000002c5533183a0,
0x000002c56b5d0500, 0x000002c56b7a5300, 0x000002c56b7a5990, 0x000002c56b7a66b0,
0x000002c56b7a6d40, 0x000002c56b7a6020, 0x000002c56b7a73d0, 0x000002c56b7a7a60,
0x000002c56b7a8780, 0x000002c56b7a80f0, 0x000002c571257cd0, 0x000002c571257640,
0x000002c571256920, 0x000002c5717331f0, 0x000002c570646ff0, 0x000002c571255c00,
0x000002c571254850, 0x000002c571255570, 0x000002c571258360, 0x000002c571254ee0,
0x000002c5712589f0, 0x000002c571259710, 0x000002c571259080, 0x000002c571256fb0,
0x000002c571256290, 0x000002c57125be70, 0x000002c571259da0, 0x000002c57125a430,
0x000002c57125b7e0, 0x000002c57125aac0, 0x000002c57125b150, 0x000002c573915b30,
0x000002c573916850, 0x000002c573917c00, 0x000002c573917570, 0x000002c573916ee0,
0x000002c5739161c0, 0x000002c573914780, 0x000002c573914e10, 0x000002c57206abe0
}

Java Threads: ( => current thread )
  0x000002c553391970 JavaThread "main"                              [_thread_blocked, id=13128, stack(0x000000cc18300000,0x000000cc18400000) (1024K)]
  0x000002c55344af70 JavaThread "Reference Handler"          daemon [_thread_blocked, id=20428, stack(0x000000cc18700000,0x000000cc18800000) (1024K)]
  0x000002c55344bbd0 JavaThread "Finalizer"                  daemon [_thread_blocked, id=7024, stack(0x000000cc18800000,0x000000cc18900000) (1024K)]
  0x000002c55344dd90 JavaThread "Signal Dispatcher"          daemon [_thread_blocked, id=7272, stack(0x000000cc18900000,0x000000cc18a00000) (1024K)]
  0x000002c553304f60 JavaThread "Attach Listener"            daemon [_thread_blocked, id=8292, stack(0x000000cc18a00000,0x000000cc18b00000) (1024K)]
  0x000002c5533075e0 JavaThread "Service Thread"             daemon [_thread_blocked, id=3276, stack(0x000000cc18b00000,0x000000cc18c00000) (1024K)]
  0x000002c553314db0 JavaThread "Monitor Deflation Thread"   daemon [_thread_blocked, id=16172, stack(0x000000cc18c00000,0x000000cc18d00000) (1024K)]
=>0x000002c5533183a0 JavaThread "C2 CompilerThread0"         daemon [_thread_in_native, id=10616, stack(0x000000cc18d00000,0x000000cc18e00000) (1024K)]
  0x000002c56b5d0500 JavaThread "C1 CompilerThread0"         daemon [_thread_in_vm, id=12524, stack(0x000000cc18e00000,0x000000cc18f00000) (1024K)]
  0x000002c56b7a5300 JavaThread "Common-Cleaner"             daemon [_thread_blocked, id=5820, stack(0x000000cc19000000,0x000000cc19100000) (1024K)]
  0x000002c56b7a5990 JavaThread "Notification Thread"        daemon [_thread_blocked, id=18376, stack(0x000000cc19100000,0x000000cc19200000) (1024K)]
  0x000002c56b7a66b0 JavaThread "Active Thread: Equinox Container: 96216e93-dd73-436c-a1a3-e2c423475afd"        [_thread_blocked, id=11716, stack(0x000000cc19900000,0x000000cc19a00000) (1024K)]
  0x000002c56b7a6d40 JavaThread "Refresh Thread: Equinox Container: 96216e93-dd73-436c-a1a3-e2c423475afd" daemon [_thread_blocked, id=6820, stack(0x000000cc18f00000,0x000000cc19000000) (1024K)]
  0x000002c56b7a6020 JavaThread "Framework Event Dispatcher: Equinox Container: 96216e93-dd73-436c-a1a3-e2c423475afd" daemon [_thread_blocked, id=20968, stack(0x000000cc19a00000,0x000000cc19b00000) (1024K)]
  0x000002c56b7a73d0 JavaThread "Start Level: Equinox Container: 96216e93-dd73-436c-a1a3-e2c423475afd" daemon [_thread_blocked, id=15560, stack(0x000000cc19b00000,0x000000cc19c00000) (1024K)]
  0x000002c56b7a7a60 JavaThread "Bundle File Closer"         daemon [_thread_blocked, id=3220, stack(0x000000cc19d00000,0x000000cc19e00000) (1024K)]
  0x000002c56b7a8780 JavaThread "SCR Component Actor"        daemon [_thread_blocked, id=23076, stack(0x000000cc19e00000,0x000000cc19f00000) (1024K)]
  0x000002c56b7a80f0 JavaThread "Worker-JM"                         [_thread_blocked, id=23240, stack(0x000000cc1a000000,0x000000cc1a100000) (1024K)]
  0x000002c571257cd0 JavaThread "JNA Cleaner"                daemon [_thread_blocked, id=23308, stack(0x000000cc19c00000,0x000000cc19d00000) (1024K)]
  0x000002c571257640 JavaThread "Worker-0: Initialize workspace"        [_thread_blocked, id=23312, stack(0x000000cc19f00000,0x000000cc1a000000) (1024K)]
  0x000002c571256920 JavaThread "Worker-1"                          [_thread_blocked, id=23316, stack(0x000000cc1a100000,0x000000cc1a200000) (1024K)]
  0x000002c5717331f0 JavaThread "C2 CompilerThread1"         daemon [_thread_in_native, id=23380, stack(0x000000cc1a200000,0x000000cc1a300000) (1024K)]
  0x000002c570646ff0 JavaThread "C2 CompilerThread2"         daemon [_thread_in_native, id=23384, stack(0x000000cc1a300000,0x000000cc1a400000) (1024K)]
  0x000002c571255c00 JavaThread "Java indexing"              daemon [_thread_blocked, id=23456, stack(0x000000cc1a400000,0x000000cc1a500000) (1024K)]
  0x000002c571254850 JavaThread "Worker-2"                          [_thread_blocked, id=23468, stack(0x000000cc1a700000,0x000000cc1a800000) (1024K)]
  0x000002c571255570 JavaThread "Worker-3"                          [_thread_blocked, id=23472, stack(0x000000cc1a800000,0x000000cc1a900000) (1024K)]
  0x000002c571258360 JavaThread "Thread-1"                   daemon [_thread_in_native, id=23476, stack(0x000000cc1a900000,0x000000cc1aa00000) (1024K)]
  0x000002c571254ee0 JavaThread "Thread-2"                   daemon [_thread_in_native, id=23480, stack(0x000000cc1aa00000,0x000000cc1ab00000) (1024K)]
  0x000002c5712589f0 JavaThread "Thread-3"                   daemon [_thread_in_native, id=23484, stack(0x000000cc1ab00000,0x000000cc1ac00000) (1024K)]
  0x000002c571259710 JavaThread "Thread-4"                   daemon [_thread_in_native, id=23488, stack(0x000000cc1ac00000,0x000000cc1ad00000) (1024K)]
  0x000002c571259080 JavaThread "Thread-5"                   daemon [_thread_in_native, id=23492, stack(0x000000cc1ad00000,0x000000cc1ae00000) (1024K)]
  0x000002c571256fb0 JavaThread "Thread-6"                   daemon [_thread_in_native, id=23496, stack(0x000000cc1ae00000,0x000000cc1af00000) (1024K)]
  0x000002c571256290 JavaThread "Thread-7"                   daemon [_thread_in_native, id=23500, stack(0x000000cc1af00000,0x000000cc1b000000) (1024K)]
  0x000002c57125be70 JavaThread "Thread-8"                   daemon [_thread_in_native, id=23504, stack(0x000000cc1b000000,0x000000cc1b100000) (1024K)]
  0x000002c571259da0 JavaThread "Thread-9"                   daemon [_thread_in_native, id=23508, stack(0x000000cc1b100000,0x000000cc1b200000) (1024K)]
  0x000002c57125a430 JavaThread "pool-2-thread-1"                   [_thread_blocked, id=23512, stack(0x000000cc1b200000,0x000000cc1b300000) (1024K)]
  0x000002c57125b7e0 JavaThread "Worker-4"                          [_thread_blocked, id=23516, stack(0x000000cc1b300000,0x000000cc1b400000) (1024K)]
  0x000002c57125aac0 JavaThread "Worker-5"                          [_thread_blocked, id=23520, stack(0x000000cc1b400000,0x000000cc1b500000) (1024K)]
  0x000002c57125b150 JavaThread "WorkspaceEventsHandler"            [_thread_blocked, id=23532, stack(0x000000cc1b500000,0x000000cc1b600000) (1024K)]
  0x000002c573915b30 JavaThread "pool-1-thread-1"                   [_thread_in_vm, id=23536, stack(0x000000cc1b600000,0x000000cc1b700000) (1024K)]
  0x000002c573916850 JavaThread "ForkJoinPool.commonPool-worker-1" daemon [_thread_blocked, id=20228, stack(0x000000cc1b800000,0x000000cc1b900000) (1024K)]
  0x000002c573917c00 JavaThread "ForkJoinPool.commonPool-worker-2" daemon [_thread_blocked, id=12756, stack(0x000000cc1b900000,0x000000cc1ba00000) (1024K)]
  0x000002c573917570 JavaThread "ForkJoinPool.commonPool-worker-3" daemon [_thread_blocked, id=11244, stack(0x000000cc1ba00000,0x000000cc1bb00000) (1024K)]
  0x000002c573916ee0 JavaThread "ForkJoinPool.commonPool-worker-4" daemon [_thread_blocked, id=7648, stack(0x000000cc1bb00000,0x000000cc1bc00000) (1024K)]
  0x000002c5739161c0 JavaThread "ForkJoinPool.commonPool-worker-5" daemon [_thread_blocked, id=12572, stack(0x000000cc1bc00000,0x000000cc1bd00000) (1024K)]
  0x000002c573914780 JavaThread "ForkJoinPool.commonPool-worker-6" daemon [_thread_blocked, id=1580, stack(0x000000cc1bd00000,0x000000cc1be00000) (1024K)]
  0x000002c573914e10 JavaThread "ForkJoinPool.commonPool-worker-7" daemon [_thread_blocked, id=8304, stack(0x000000cc1be00000,0x000000cc1bf00000) (1024K)]
  0x000002c57206abe0 JavaThread "Keep-Alive-Timer"           daemon [_thread_blocked, id=17496, stack(0x000000cc1bf00000,0x000000cc1c000000) (1024K)]
Total: 48

Other Threads:
  0x000002c5533035f0 VMThread "VM Thread"                           [id=5240, stack(0x000000cc18600000,0x000000cc18700000) (1024K)]
  0x000002c5533fca40 WatcherThread "VM Periodic Task Thread"        [id=17920, stack(0x000000cc18500000,0x000000cc18600000) (1024K)]
  0x000002c5533aefe0 WorkerThread "GC Thread#0"                     [id=2356, stack(0x000000cc18400000,0x000000cc18500000) (1024K)]
  0x000002c56b96fbb0 WorkerThread "GC Thread#1"                     [id=16932, stack(0x000000cc19200000,0x000000cc19300000) (1024K)]
  0x000002c56b96ff60 WorkerThread "GC Thread#2"                     [id=18496, stack(0x000000cc19300000,0x000000cc19400000) (1024K)]
  0x000002c56b970310 WorkerThread "GC Thread#3"                     [id=3664, stack(0x000000cc19400000,0x000000cc19500000) (1024K)]
  0x000002c56b9706c0 WorkerThread "GC Thread#4"                     [id=18256, stack(0x000000cc19500000,0x000000cc19600000) (1024K)]
  0x000002c5705d13d0 WorkerThread "GC Thread#5"                     [id=21492, stack(0x000000cc19600000,0x000000cc19700000) (1024K)]
  0x000002c5705d1780 WorkerThread "GC Thread#6"                     [id=16940, stack(0x000000cc19700000,0x000000cc19800000) (1024K)]
  0x000002c5708b5f30 WorkerThread "GC Thread#7"                     [id=11008, stack(0x000000cc19800000,0x000000cc19900000) (1024K)]
Total: 10

Threads with active compile tasks:
C2 CompilerThread0  35704 7431   !   4       java.nio.file.FileTreeWalker::next (144 bytes)
C1 CompilerThread0  35705 7468   !   3       org.eclipse.jdt.internal.core.util.DeduplicationUtil::intern (149 bytes)
C2 CompilerThread1  35705 7466       4       java.util.ArrayList::equalsRange (85 bytes)
C2 CompilerThread2  35705 7439       4       jdk.internal.jimage.ImageLocation::getFullName (109 bytes)
Total: 4

VM state: not at safepoint (normal execution)

VM Mutex/Monitor currently owned by a thread:  ([mutex/lock_event])
[0x00007ffb1a89c4e0] Metaspace_lock - owner thread: 0x000002c56b5d0500

Heap address: 0x0000000080000000, size: 2048 MB, Compressed Oops mode: 32-bit

CDS archive(s) mapped at: [0x000002c500000000-0x000002c500ba0000-0x000002c500ba0000), size 12189696, SharedBaseAddress: 0x000002c500000000, ArchiveRelocationMode: 1.
Compressed class space mapped at: 0x000002c501000000-0x000002c541000000, reserved size: 1073741824
Narrow klass base: 0x000002c500000000, Narrow klass shift: 0, Narrow klass range: 0x100000000

GC Precious Log:
 CardTable entry size: 512
 CPUs: 8 total, 8 available
 Memory: 16100M
 Large Page Support: Disabled
 NUMA Support: Disabled
 Compressed Oops: Enabled (32-bit)
 Alignments: Space 512K, Generation 512K, Heap 2M
 Heap Min Capacity: 100M
 Heap Initial Capacity: 100M
 Heap Max Capacity: 2G
 Pre-touch: Disabled
 Parallel Workers: 8

Heap:
 PSYoungGen      total 22528K, used 15810K [0x00000000d5580000, 0x00000000d6e00000, 0x0000000100000000)
  eden space 20992K, 68% used [0x00000000d5580000,0x00000000d63788a0,0x00000000d6a00000)
  from space 1536K, 97% used [0x00000000d6b00000,0x00000000d6c78030,0x00000000d6c80000)
  to   space 1024K, 0% used [0x00000000d6d00000,0x00000000d6d00000,0x00000000d6e00000)
 ParOldGen       total 68608K, used 40830K [0x0000000080000000, 0x0000000084300000, 0x00000000d5580000)
  object space 68608K, 59% used [0x0000000080000000,0x00000000827df9c0,0x0000000084300000)
 Metaspace       used 53260K, committed 54592K, reserved 1114112K
  class space    used 5860K, committed 6464K, reserved 1048576K

Card table byte_map: [0x000002c552d30000,0x000002c553140000] _byte_map_base: 0x000002c552930000

Marking Bits: (ParMarkBitMap*) 0x00007ffb1a8a3450
 Begin Bits: [0x000002c565840000, 0x000002c567840000)
 End Bits:   [0x000002c567840000, 0x000002c569840000)

Polling page: 0x000002c551210000

Metaspace:

Usage:
  Non-class:     46.29 MB used.
      Class:      5.72 MB used.
       Both:     52.01 MB used.

Virtual space:
  Non-class space:       64.00 MB reserved,      47.00 MB ( 73%) committed,  1 nodes.
      Class space:        1.00 GB reserved,       6.31 MB ( <1%) committed,  1 nodes.
             Both:        1.06 GB reserved,      53.31 MB (  5%) committed. 

Chunk freelists:
   Non-Class:  944.00 KB
       Class:  9.60 MB
        Both:  10.52 MB

MaxMetaspaceSize: unlimited
CompressedClassSpaceSize: 1.00 GB
Initial GC threshold: 21.00 MB
Current GC threshold: 58.38 MB
CDS: on
 - commit_granule_bytes: 65536.
 - commit_granule_words: 8192.
 - virtual_space_node_default_size: 8388608.
 - enlarge_chunks_in_place: 1.
 - use_allocation_guard: 0.


Internal statistics:

num_allocs_failed_limit: 6.
num_arena_births: 1022.
num_arena_deaths: 14.
num_vsnodes_births: 2.
num_vsnodes_deaths: 0.
num_space_committed: 853.
num_space_uncommitted: 0.
num_chunks_returned_to_freelist: 20.
num_chunks_taken_from_freelist: 3265.
num_chunk_merges: 5.
num_chunk_splits: 2003.
num_chunks_enlarged: 1129.
num_inconsistent_stats: 0.

CodeHeap 'non-profiled nmethods': size=120000Kb used=3779Kb max_used=3779Kb free=116220Kb
 bounds [0x000002c55e060000, 0x000002c55e420000, 0x000002c565590000]
CodeHeap 'profiled nmethods': size=120000Kb used=14201Kb max_used=14201Kb free=105798Kb
 bounds [0x000002c556590000, 0x000002c557370000, 0x000002c55dac0000]
CodeHeap 'non-nmethods': size=5760Kb used=1442Kb max_used=1491Kb free=4317Kb
 bounds [0x000002c55dac0000, 0x000002c55dd30000, 0x000002c55e060000]
CodeCache: size=245760Kb, used=19422Kb, max_used=19471Kb, free=226335Kb
 total_blobs=7602, nmethods=6881, adapters=625, full_count=0
Compilation: enabled, stopped_count=0, restarted_count=0

Compilation events (20 events):
Event: 35.626 Thread 0x000002c5717331f0 7435   !   4       jdk.internal.jrtfs.JrtFileSystem::lookup (23 bytes)
Event: 35.628 Thread 0x000002c56b5d0500 nmethod 7437 0x000002c55735f610 code [0x000002c55735fa00, 0x000002c557361340]
Event: 35.628 Thread 0x000002c570646ff0 nmethod 7434 0x000002c55e40b010 code [0x000002c55e40b1e0, 0x000002c55e40b578]
Event: 35.628 Thread 0x000002c570646ff0 7439       4       jdk.internal.jimage.ImageLocation::getFullName (109 bytes)
Event: 35.635 Thread 0x000002c56b5d0500 7443       1       org.eclipse.core.runtime.Status::getSeverity (5 bytes)
Event: 35.635 Thread 0x000002c56b5d0500 nmethod 7443 0x000002c55e40b890 code [0x000002c55e40ba20, 0x000002c55e40bae8]
Event: 35.640 Thread 0x000002c5717331f0 nmethod 7435 0x000002c55e40bb90 code [0x000002c55e40bde0, 0x000002c55e40c930]
Event: 35.641 Thread 0x000002c5717331f0 7442       4       java.util.ArrayList::hashCodeRange (68 bytes)
Event: 35.644 Thread 0x000002c56b5d0500 7444 %     3       org.eclipse.jdt.internal.core.util.Util::splitOn @ 37 (134 bytes)
Event: 35.645 Thread 0x000002c5717331f0 nmethod 7442 0x000002c55e40d010 code [0x000002c55e40d200, 0x000002c55e40d680]
Event: 35.645 Thread 0x000002c56b5d0500 nmethod 7444% 0x000002c557361b90 code [0x000002c557361e80, 0x000002c5573631b0]
Event: 35.646 Thread 0x000002c5717331f0 7441       4       java.util.ArrayList::equalsRange (85 bytes)
Event: 35.646 Thread 0x000002c56b5d0500 7445       1       org.eclipse.jdt.internal.compiler.impl.CompilerOptions::getFirstSupportedJdkLevel (4 bytes)
Event: 35.646 Thread 0x000002c56b5d0500 nmethod 7445 0x000002c55e40d890 code [0x000002c55e40da20, 0x000002c55e40dad0]
Event: 35.646 Thread 0x000002c56b5d0500 7446 %     3       org.eclipse.jdt.internal.core.util.Util::splitOn @ 78 (134 bytes)
Event: 35.648 Thread 0x000002c56b5d0500 nmethod 7446% 0x000002c557363910 code [0x000002c557363c00, 0x000002c557364f30]
Event: 35.649 Thread 0x000002c56b5d0500 7448       3       org.eclipse.jdt.internal.core.util.Util::splitOn (134 bytes)
Event: 35.650 Thread 0x000002c56b5d0500 nmethod 7448 0x000002c557365710 code [0x000002c5573659e0, 0x000002c557366c10]
Event: 35.668 Thread 0x000002c5717331f0 nmethod 7441 0x000002c55e40db90 code [0x000002c55e40dda0, 0x000002c55e40e3d8]
Event: 35.668 Thread 0x000002c5717331f0 7451       4       org.eclipse.jdt.internal.core.util.Util::splitOn (134 bytes)

GC Heap History (20 events):
Event: 32.074 GC heap before
{Heap before GC invocations=16 (full 2):
 PSYoungGen      total 22528K, used 20992K [0x00000000d5580000, 0x00000000d7280000, 0x0000000100000000)
  eden space 20992K, 100% used [0x00000000d5580000,0x00000000d6a00000,0x00000000d6a00000)
  from space 1536K, 0% used [0x00000000d6a00000,0x00000000d6a00000,0x00000000d6b80000)
  to   space 3584K, 0% used [0x00000000d6f00000,0x00000000d6f00000,0x00000000d7280000)
 ParOldGen       total 68608K, used 20582K [0x0000000080000000, 0x0000000084300000, 0x00000000d5580000)
  object space 68608K, 30% used [0x0000000080000000,0x0000000081419b08,0x0000000084300000)
 Metaspace       used 37234K, committed 38464K, reserved 1114112K
  class space    used 3863K, committed 4416K, reserved 1048576K
}
Event: 32.077 GC heap after
{Heap after GC invocations=16 (full 2):
 PSYoungGen      total 22528K, used 1463K [0x00000000d5580000, 0x00000000d7080000, 0x0000000100000000)
  eden space 20992K, 0% used [0x00000000d5580000,0x00000000d5580000,0x00000000d6a00000)
  from space 1536K, 95% used [0x00000000d6f00000,0x00000000d706de28,0x00000000d7080000)
  to   space 2048K, 0% used [0x00000000d6c80000,0x00000000d6c80000,0x00000000d6e80000)
 ParOldGen       total 68608K, used 20590K [0x0000000080000000, 0x0000000084300000, 0x00000000d5580000)
  object space 68608K, 30% used [0x0000000080000000,0x000000008141bb08,0x0000000084300000)
 Metaspace       used 37234K, committed 38464K, reserved 1114112K
  class space    used 3863K, committed 4416K, reserved 1048576K
}
Event: 32.312 GC heap before
{Heap before GC invocations=17 (full 2):
 PSYoungGen      total 22528K, used 22455K [0x00000000d5580000, 0x00000000d7080000, 0x0000000100000000)
  eden space 20992K, 100% used [0x00000000d5580000,0x00000000d6a00000,0x00000000d6a00000)
  from space 1536K, 95% used [0x00000000d6f00000,0x00000000d706de28,0x00000000d7080000)
  to   space 2048K, 0% used [0x00000000d6c80000,0x00000000d6c80000,0x00000000d6e80000)
 ParOldGen       total 68608K, used 20590K [0x0000000080000000, 0x0000000084300000, 0x00000000d5580000)
  object space 68608K, 30% used [0x0000000080000000,0x000000008141bb08,0x0000000084300000)
 Metaspace       used 40004K, committed 41280K, reserved 1114112K
  class space    used 4203K, committed 4736K, reserved 1048576K
}
Event: 32.316 GC heap after
{Heap after GC invocations=17 (full 2):
 PSYoungGen      total 23040K, used 1914K [0x00000000d5580000, 0x00000000d6f80000, 0x0000000100000000)
  eden space 20992K, 0% used [0x00000000d5580000,0x00000000d5580000,0x00000000d6a00000)
  from space 2048K, 93% used [0x00000000d6c80000,0x00000000d6e5e9d0,0x00000000d6e80000)
  to   space 1024K, 0% used [0x00000000d6e80000,0x00000000d6e80000,0x00000000d6f80000)
 ParOldGen       total 68608K, used 21784K [0x0000000080000000, 0x0000000084300000, 0x00000000d5580000)
  object space 68608K, 31% used [0x0000000080000000,0x0000000081546040,0x0000000084300000)
 Metaspace       used 40004K, committed 41280K, reserved 1114112K
  class space    used 4203K, committed 4736K, reserved 1048576K
}
Event: 32.790 GC heap before
{Heap before GC invocations=18 (full 2):
 PSYoungGen      total 23040K, used 22906K [0x00000000d5580000, 0x00000000d6f80000, 0x0000000100000000)
  eden space 20992K, 100% used [0x00000000d5580000,0x00000000d6a00000,0x00000000d6a00000)
  from space 2048K, 93% used [0x00000000d6c80000,0x00000000d6e5e9d0,0x00000000d6e80000)
  to   space 1024K, 0% used [0x00000000d6e80000,0x00000000d6e80000,0x00000000d6f80000)
 ParOldGen       total 68608K, used 21784K [0x0000000080000000, 0x0000000084300000, 0x00000000d5580000)
  object space 68608K, 31% used [0x0000000080000000,0x0000000081546040,0x0000000084300000)
 Metaspace       used 42273K, committed 43520K, reserved 1114112K
  class space    used 4517K, committed 5120K, reserved 1048576K
}
Event: 32.792 GC heap after
{Heap after GC invocations=18 (full 2):
 PSYoungGen      total 22016K, used 1005K [0x00000000d5580000, 0x00000000d7000000, 0x0000000100000000)
  eden space 20992K, 0% used [0x00000000d5580000,0x00000000d5580000,0x00000000d6a00000)
  from space 1024K, 98% used [0x00000000d6e80000,0x00000000d6f7b6a0,0x00000000d6f80000)
  to   space 3072K, 0% used [0x00000000d6a00000,0x00000000d6a00000,0x00000000d6d00000)
 ParOldGen       total 68608K, used 23610K [0x0000000080000000, 0x0000000084300000, 0x00000000d5580000)
  object space 68608K, 34% used [0x0000000080000000,0x000000008170eb98,0x0000000084300000)
 Metaspace       used 42273K, committed 43520K, reserved 1114112K
  class space    used 4517K, committed 5120K, reserved 1048576K
}
Event: 32.944 GC heap before
{Heap before GC invocations=19 (full 2):
 PSYoungGen      total 22016K, used 21997K [0x00000000d5580000, 0x00000000d7000000, 0x0000000100000000)
  eden space 20992K, 100% used [0x00000000d5580000,0x00000000d6a00000,0x00000000d6a00000)
  from space 1024K, 98% used [0x00000000d6e80000,0x00000000d6f7b6a0,0x00000000d6f80000)
  to   space 3072K, 0% used [0x00000000d6a00000,0x00000000d6a00000,0x00000000d6d00000)
 ParOldGen       total 68608K, used 23610K [0x0000000080000000, 0x0000000084300000, 0x00000000d5580000)
  object space 68608K, 34% used [0x0000000080000000,0x000000008170eb98,0x0000000084300000)
 Metaspace       used 42869K, committed 44160K, reserved 1114112K
  class space    used 4589K, committed 5184K, reserved 1048576K
}
Event: 32.947 GC heap after
{Heap after GC invocations=19 (full 2):
 PSYoungGen      total 24064K, used 3051K [0x00000000d5580000, 0x00000000d7800000, 0x0000000100000000)
  eden space 20992K, 0% used [0x00000000d5580000,0x00000000d5580000,0x00000000d6a00000)
  from space 3072K, 99% used [0x00000000d6a00000,0x00000000d6cfada8,0x00000000d6d00000)
  to   space 7168K, 0% used [0x00000000d7100000,0x00000000d7100000,0x00000000d7800000)
 ParOldGen       total 68608K, used 26935K [0x0000000080000000, 0x0000000084300000, 0x00000000d5580000)
  object space 68608K, 39% used [0x0000000080000000,0x0000000081a4dce0,0x0000000084300000)
 Metaspace       used 42869K, committed 44160K, reserved 1114112K
  class space    used 4589K, committed 5184K, reserved 1048576K
}
Event: 33.162 GC heap before
{Heap before GC invocations=20 (full 2):
 PSYoungGen      total 24064K, used 24038K [0x00000000d5580000, 0x00000000d7800000, 0x0000000100000000)
  eden space 20992K, 99% used [0x00000000d5580000,0x00000000d69fed10,0x00000000d6a00000)
  from space 3072K, 99% used [0x00000000d6a00000,0x00000000d6cfada8,0x00000000d6d00000)
  to   space 7168K, 0% used [0x00000000d7100000,0x00000000d7100000,0x00000000d7800000)
 ParOldGen       total 68608K, used 26935K [0x0000000080000000, 0x0000000084300000, 0x00000000d5580000)
  object space 68608K, 39% used [0x0000000080000000,0x0000000081a4dce0,0x0000000084300000)
 Metaspace       used 44351K, committed 45632K, reserved 1114112K
  class space    used 4794K, committed 5376K, reserved 1048576K
}
Event: 33.167 GC heap after
{Heap after GC invocations=20 (full 2):
 PSYoungGen      total 26624K, used 5569K [0x00000000d5580000, 0x00000000d7680000, 0x0000000100000000)
  eden space 20992K, 0% used [0x00000000d5580000,0x00000000d5580000,0x00000000d6a00000)
  from space 5632K, 98% used [0x00000000d7100000,0x00000000d7670580,0x00000000d7680000)
  to   space 6144K, 0% used [0x00000000d6a80000,0x00000000d6a80000,0x00000000d7080000)
 ParOldGen       total 68608K, used 29889K [0x0000000080000000, 0x0000000084300000, 0x00000000d5580000)
  object space 68608K, 43% used [0x0000000080000000,0x0000000081d306a8,0x0000000084300000)
 Metaspace       used 44351K, committed 45632K, reserved 1114112K
  class space    used 4794K, committed 5376K, reserved 1048576K
}
Event: 33.503 GC heap before
{Heap before GC invocations=21 (full 2):
 PSYoungGen      total 26624K, used 26561K [0x00000000d5580000, 0x00000000d7680000, 0x0000000100000000)
  eden space 20992K, 100% used [0x00000000d5580000,0x00000000d6a00000,0x00000000d6a00000)
  from space 5632K, 98% used [0x00000000d7100000,0x00000000d7670580,0x00000000d7680000)
  to   space 6144K, 0% used [0x00000000d6a80000,0x00000000d6a80000,0x00000000d7080000)
 ParOldGen       total 68608K, used 29889K [0x0000000080000000, 0x0000000084300000, 0x00000000d5580000)
  object space 68608K, 43% used [0x0000000080000000,0x0000000081d306a8,0x0000000084300000)
 Metaspace       used 46253K, committed 47552K, reserved 1114112K
  class space    used 5045K, committed 5632K, reserved 1048576K
}
Event: 33.508 GC heap after
{Heap after GC invocations=21 (full 2):
 PSYoungGen      total 23552K, used 2144K [0x00000000d5580000, 0x00000000d7180000, 0x0000000100000000)
  eden space 20992K, 0% used [0x00000000d5580000,0x00000000d5580000,0x00000000d6a00000)
  from space 2560K, 83% used [0x00000000d6a80000,0x00000000d6c98058,0x00000000d6d00000)
  to   space 3584K, 0% used [0x00000000d6e00000,0x00000000d6e00000,0x00000000d7180000)
 ParOldGen       total 68608K, used 35196K [0x0000000080000000, 0x0000000084300000, 0x00000000d5580000)
  object space 68608K, 51% used [0x0000000080000000,0x000000008225f0c8,0x0000000084300000)
 Metaspace       used 46253K, committed 47552K, reserved 1114112K
  class space    used 5045K, committed 5632K, reserved 1048576K
}
Event: 34.060 GC heap before
{Heap before GC invocations=22 (full 2):
 PSYoungGen      total 23552K, used 23136K [0x00000000d5580000, 0x00000000d7180000, 0x0000000100000000)
  eden space 20992K, 100% used [0x00000000d5580000,0x00000000d6a00000,0x00000000d6a00000)
  from space 2560K, 83% used [0x00000000d6a80000,0x00000000d6c98058,0x00000000d6d00000)
  to   space 3584K, 0% used [0x00000000d6e00000,0x00000000d6e00000,0x00000000d7180000)
 ParOldGen       total 68608K, used 35196K [0x0000000080000000, 0x0000000084300000, 0x00000000d5580000)
  object space 68608K, 51% used [0x0000000080000000,0x000000008225f0c8,0x0000000084300000)
 Metaspace       used 48719K, committed 50048K, reserved 1114112K
  class space    used 5362K, committed 5952K, reserved 1048576K
}
Event: 34.064 GC heap after
{Heap after GC invocations=22 (full 2):
 PSYoungGen      total 22528K, used 1376K [0x00000000d5580000, 0x00000000d6f80000, 0x0000000100000000)
  eden space 20992K, 0% used [0x00000000d5580000,0x00000000d5580000,0x00000000d6a00000)
  from space 1536K, 89% used [0x00000000d6e00000,0x00000000d6f58000,0x00000000d6f80000)
  to   space 2048K, 0% used [0x00000000d6b80000,0x00000000d6b80000,0x00000000d6d80000)
 ParOldGen       total 68608K, used 37220K [0x0000000080000000, 0x0000000084300000, 0x00000000d5580000)
  object space 68608K, 54% used [0x0000000080000000,0x0000000082459120,0x0000000084300000)
 Metaspace       used 48719K, committed 50048K, reserved 1114112K
  class space    used 5362K, committed 5952K, reserved 1048576K
}
Event: 34.779 GC heap before
{Heap before GC invocations=23 (full 2):
 PSYoungGen      total 22528K, used 22367K [0x00000000d5580000, 0x00000000d6f80000, 0x0000000100000000)
  eden space 20992K, 99% used [0x00000000d5580000,0x00000000d69ffe28,0x00000000d6a00000)
  from space 1536K, 89% used [0x00000000d6e00000,0x00000000d6f58000,0x00000000d6f80000)
  to   space 2048K, 0% used [0x00000000d6b80000,0x00000000d6b80000,0x00000000d6d80000)
 ParOldGen       total 68608K, used 37220K [0x0000000080000000, 0x0000000084300000, 0x00000000d5580000)
  object space 68608K, 54% used [0x0000000080000000,0x0000000082459120,0x0000000084300000)
 Metaspace       used 51276K, committed 52608K, reserved 1114112K
  class space    used 5674K, committed 6272K, reserved 1048576K
}
Event: 34.783 GC heap after
{Heap after GC invocations=23 (full 2):
 PSYoungGen      total 22528K, used 1435K [0x00000000d5580000, 0x00000000d6e80000, 0x0000000100000000)
  eden space 20992K, 0% used [0x00000000d5580000,0x00000000d5580000,0x00000000d6a00000)
  from space 1536K, 93% used [0x00000000d6b80000,0x00000000d6ce6ea8,0x00000000d6d00000)
  to   space 1536K, 0% used [0x00000000d6d00000,0x00000000d6d00000,0x00000000d6e80000)
 ParOldGen       total 68608K, used 38416K [0x0000000080000000, 0x0000000084300000, 0x00000000d5580000)
  object space 68608K, 55% used [0x0000000080000000,0x0000000082584130,0x0000000084300000)
 Metaspace       used 51276K, committed 52608K, reserved 1114112K
  class space    used 5674K, committed 6272K, reserved 1048576K
}
Event: 35.284 GC heap before
{Heap before GC invocations=24 (full 2):
 PSYoungGen      total 22528K, used 22408K [0x00000000d5580000, 0x00000000d6e80000, 0x0000000100000000)
  eden space 20992K, 99% used [0x00000000d5580000,0x00000000d69fb340,0x00000000d6a00000)
  from space 1536K, 93% used [0x00000000d6b80000,0x00000000d6ce6ea8,0x00000000d6d00000)
  to   space 1536K, 0% used [0x00000000d6d00000,0x00000000d6d00000,0x00000000d6e80000)
 ParOldGen       total 68608K, used 38416K [0x0000000080000000, 0x0000000084300000, 0x00000000d5580000)
  object space 68608K, 55% used [0x0000000080000000,0x0000000082584130,0x0000000084300000)
 Metaspace       used 51890K, committed 53184K, reserved 1114112K
  class space    used 5736K, committed 6272K, reserved 1048576K
}
Event: 35.287 GC heap after
{Heap after GC invocations=24 (full 2):
 PSYoungGen      total 22016K, used 864K [0x00000000d5580000, 0x00000000d6e00000, 0x0000000100000000)
  eden space 20992K, 0% used [0x00000000d5580000,0x00000000d5580000,0x00000000d6a00000)
  from space 1024K, 84% used [0x00000000d6d00000,0x00000000d6dd8000,0x00000000d6e00000)
  to   space 1536K, 0% used [0x00000000d6b00000,0x00000000d6b00000,0x00000000d6c80000)
 ParOldGen       total 68608K, used 39710K [0x0000000080000000, 0x0000000084300000, 0x00000000d5580000)
  object space 68608K, 57% used [0x0000000080000000,0x00000000826c79b0,0x0000000084300000)
 Metaspace       used 51890K, committed 53184K, reserved 1114112K
  class space    used 5736K, committed 6272K, reserved 1048576K
}
Event: 35.618 GC heap before
{Heap before GC invocations=25 (full 2):
 PSYoungGen      total 22016K, used 21856K [0x00000000d5580000, 0x00000000d6e00000, 0x0000000100000000)
  eden space 20992K, 100% used [0x00000000d5580000,0x00000000d6a00000,0x00000000d6a00000)
  from space 1024K, 84% used [0x00000000d6d00000,0x00000000d6dd8000,0x00000000d6e00000)
  to   space 1536K, 0% used [0x00000000d6b00000,0x00000000d6b00000,0x00000000d6c80000)
 ParOldGen       total 68608K, used 39710K [0x0000000080000000, 0x0000000084300000, 0x00000000d5580000)
  object space 68608K, 57% used [0x0000000080000000,0x00000000826c79b0,0x0000000084300000)
 Metaspace       used 53252K, committed 54592K, reserved 1114112K
  class space    used 5860K, committed 6464K, reserved 1048576K
}
Event: 35.621 GC heap after
{Heap after GC invocations=25 (full 2):
 PSYoungGen      total 22528K, used 1504K [0x00000000d5580000, 0x00000000d6e00000, 0x0000000100000000)
  eden space 20992K, 0% used [0x00000000d5580000,0x00000000d5580000,0x00000000d6a00000)
  from space 1536K, 97% used [0x00000000d6b00000,0x00000000d6c78030,0x00000000d6c80000)
  to   space 1024K, 0% used [0x00000000d6d00000,0x00000000d6d00000,0x00000000d6e00000)
 ParOldGen       total 68608K, used 40830K [0x0000000080000000, 0x0000000084300000, 0x00000000d5580000)
  object space 68608K, 59% used [0x0000000080000000,0x00000000827df9c0,0x0000000084300000)
 Metaspace       used 53252K, committed 54592K, reserved 1114112K
  class space    used 5860K, committed 6464K, reserved 1048576K
}

Dll operation events (12 events):
Event: 0.034 Loaded shared library c:\Users\vothi\.vscode\extensions\redhat.java-1.54.0-win32-x64\jre\21.0.10-win32-x86_64\bin\java.dll
Event: 0.138 Loaded shared library c:\Users\vothi\.vscode\extensions\redhat.java-1.54.0-win32-x64\jre\21.0.10-win32-x86_64\bin\zip.dll
Event: 0.161 Loaded shared library C:\Users\vothi\.vscode\extensions\redhat.java-1.54.0-win32-x64\jre\21.0.10-win32-x86_64\bin\instrument.dll
Event: 0.169 Loaded shared library C:\Users\vothi\.vscode\extensions\redhat.java-1.54.0-win32-x64\jre\21.0.10-win32-x86_64\bin\net.dll
Event: 0.171 Loaded shared library C:\Users\vothi\.vscode\extensions\redhat.java-1.54.0-win32-x64\jre\21.0.10-win32-x86_64\bin\nio.dll
Event: 0.176 Loaded shared library C:\Users\vothi\.vscode\extensions\redhat.java-1.54.0-win32-x64\jre\21.0.10-win32-x86_64\bin\zip.dll
Event: 0.199 Loaded shared library C:\Users\vothi\.vscode\extensions\redhat.java-1.54.0-win32-x64\jre\21.0.10-win32-x86_64\bin\jimage.dll
Event: 0.276 Loaded shared library c:\Users\vothi\.vscode\extensions\redhat.java-1.54.0-win32-x64\jre\21.0.10-win32-x86_64\bin\verify.dll
Event: 17.521 Loaded shared library C:\Users\vothi\AppData\Roaming\Code\User\globalStorage\redhat.java\1.54.0\config_win\org.eclipse.equinox.launcher\org.eclipse.equinox.launcher.win32.win32.x86_64_1.3.0.v20260203-2149\eclipse_11919.dll
Event: 29.717 Loaded shared library C:\Users\vothi\AppData\Local\Temp\jna-112397084\jna9717272047440515025.dll
Event: 32.027 Loaded shared library C:\Users\vothi\.vscode\extensions\redhat.java-1.54.0-win32-x64\jre\21.0.10-win32-x86_64\bin\sunmscapi.dll
Event: 32.249 Loaded shared library C:\Users\vothi\.vscode\extensions\redhat.java-1.54.0-win32-x64\jre\21.0.10-win32-x86_64\bin\extnet.dll

Deoptimization events (20 events):
Event: 35.577 Thread 0x000002c573915b30 Uncommon trap: trap_request=0xffffffc6 fr.pc=0x000002c55e40211c relative=0x00000000000003dc
Event: 35.577 Thread 0x000002c573915b30 Uncommon trap: reason=bimorphic_or_optimized_type_check action=maybe_recompile pc=0x000002c55e40211c method=jdk.internal.jimage.ImageReader$SharedImageReader.findNode(Ljava/lang/String;)Ljdk/internal/jimage/ImageReader$Node; @ 22 c2
Event: 35.577 Thread 0x000002c573915b30 DEOPT PACKING pc=0x000002c55e40211c sp=0x000000cc1b6fca20
Event: 35.577 Thread 0x000002c573915b30 DEOPT UNPACKING pc=0x000002c55db16da2 sp=0x000000cc1b6fc9e8 mode 2
Event: 35.577 Thread 0x000002c573915b30 Uncommon trap: trap_request=0xffffffc6 fr.pc=0x000002c55e40211c relative=0x00000000000003dc
Event: 35.577 Thread 0x000002c573915b30 Uncommon trap: reason=bimorphic_or_optimized_type_check action=maybe_recompile pc=0x000002c55e40211c method=jdk.internal.jimage.ImageReader$SharedImageReader.findNode(Ljava/lang/String;)Ljdk/internal/jimage/ImageReader$Node; @ 22 c2
Event: 35.577 Thread 0x000002c573915b30 DEOPT PACKING pc=0x000002c55e40211c sp=0x000000cc1b6fca20
Event: 35.577 Thread 0x000002c573915b30 DEOPT UNPACKING pc=0x000002c55db16da2 sp=0x000000cc1b6fc9e8 mode 2
Event: 35.577 Thread 0x000002c573915b30 Uncommon trap: trap_request=0xffffffc6 fr.pc=0x000002c55e40211c relative=0x00000000000003dc
Event: 35.577 Thread 0x000002c573915b30 Uncommon trap: reason=bimorphic_or_optimized_type_check action=maybe_recompile pc=0x000002c55e40211c method=jdk.internal.jimage.ImageReader$SharedImageReader.findNode(Ljava/lang/String;)Ljdk/internal/jimage/ImageReader$Node; @ 22 c2
Event: 35.577 Thread 0x000002c573915b30 DEOPT PACKING pc=0x000002c55e40211c sp=0x000000cc1b6fca20
Event: 35.577 Thread 0x000002c573915b30 DEOPT UNPACKING pc=0x000002c55db16da2 sp=0x000000cc1b6fc9e8 mode 2
Event: 35.577 Thread 0x000002c573915b30 Uncommon trap: trap_request=0xffffffc6 fr.pc=0x000002c55e40211c relative=0x00000000000003dc
Event: 35.577 Thread 0x000002c573915b30 Uncommon trap: reason=bimorphic_or_optimized_type_check action=maybe_recompile pc=0x000002c55e40211c method=jdk.internal.jimage.ImageReader$SharedImageReader.findNode(Ljava/lang/String;)Ljdk/internal/jimage/ImageReader$Node; @ 22 c2
Event: 35.577 Thread 0x000002c573915b30 DEOPT PACKING pc=0x000002c55e40211c sp=0x000000cc1b6fca20
Event: 35.577 Thread 0x000002c573915b30 DEOPT UNPACKING pc=0x000002c55db16da2 sp=0x000000cc1b6fc9e8 mode 2
Event: 35.643 Thread 0x000002c573915b30 Uncommon trap: trap_request=0xffffff45 fr.pc=0x000002c55e40a0b8 relative=0x00000000000012b8
Event: 35.643 Thread 0x000002c573915b30 Uncommon trap: reason=unstable_if action=reinterpret pc=0x000002c55e40a0b8 method=org.eclipse.jdt.internal.core.util.Util.splitOn(CLjava/lang/String;II)[Ljava/lang/String; @ 21 c2
Event: 35.643 Thread 0x000002c573915b30 DEOPT PACKING pc=0x000002c55e40a0b8 sp=0x000000cc1b6fcc40
Event: 35.643 Thread 0x000002c573915b30 DEOPT UNPACKING pc=0x000002c55db16da2 sp=0x000000cc1b6fcc08 mode 2

Classes loaded (20 events):
Event: 35.427 Loading class sun/nio/ch/FileChannelImpl$DefaultUnmapper
Event: 35.427 Loading class sun/nio/ch/FileChannelImpl$Unmapper
Event: 35.427 Loading class jdk/internal/access/foreign/UnmapperProxy
Event: 35.427 Loading class jdk/internal/access/foreign/UnmapperProxy done
Event: 35.427 Loading class sun/nio/ch/FileChannelImpl$Unmapper done
Event: 35.427 Loading class sun/nio/ch/FileChannelImpl$DefaultUnmapper done
Event: 35.428 Loading class sun/nio/ch/Util$4
Event: 35.428 Loading class sun/nio/ch/Util$4 done
Event: 35.445 Loading class java/nio/file/ClosedDirectoryStreamException
Event: 35.445 Loading class java/nio/file/ClosedDirectoryStreamException done
Event: 35.445 Loading class jdk/internal/jrtfs/JrtFileSystem
Event: 35.446 Loading class jdk/internal/jrtfs/JrtFileSystem done
Event: 35.446 Loading class jdk/internal/jrtfs/JrtPath
Event: 35.447 Loading class jdk/internal/jrtfs/JrtPath done
Event: 35.447 Loading class jdk/internal/jimage/ImageReader$Node
Event: 35.447 Loading class jdk/internal/jimage/ImageReader$Node done
Event: 35.454 Loading class java/nio/ByteBufferAsIntBufferL
Event: 35.454 Loading class java/nio/ByteBufferAsIntBufferL done
Event: 35.457 Loading class jdk/internal/jimage/ImageReader$Directory
Event: 35.457 Loading class jdk/internal/jimage/ImageReader$Directory done

Classes unloaded (7 events):
Event: 30.323 Thread 0x000002c5533035f0 Unloading class 0x000002c5011a5000 'java/lang/invoke/LambdaForm$MH+0x000002c5011a5000'
Event: 30.323 Thread 0x000002c5533035f0 Unloading class 0x000002c5011a4c00 'java/lang/invoke/LambdaForm$MH+0x000002c5011a4c00'
Event: 30.323 Thread 0x000002c5533035f0 Unloading class 0x000002c5011a4800 'java/lang/invoke/LambdaForm$MH+0x000002c5011a4800'
Event: 30.323 Thread 0x000002c5533035f0 Unloading class 0x000002c5011a4400 'java/lang/invoke/LambdaForm$MH+0x000002c5011a4400'
Event: 30.323 Thread 0x000002c5533035f0 Unloading class 0x000002c5011a4000 'java/lang/invoke/LambdaForm$BMH+0x000002c5011a4000'
Event: 30.323 Thread 0x000002c5533035f0 Unloading class 0x000002c5011a3c00 'java/lang/invoke/LambdaForm$DMH+0x000002c5011a3c00'
Event: 30.323 Thread 0x000002c5533035f0 Unloading class 0x000002c5011a2800 'java/lang/invoke/LambdaForm$DMH+0x000002c5011a2800'

Classes redefined (0 events):
No events

Internal exceptions (20 events):
Event: 35.223 Thread 0x000002c571255570 Exception <a 'sun/nio/fs/WindowsException'{0x00000000d68f1ef0}> (0x00000000d68f1ef0) 
thrown [s\src\hotspot\share\prims\jni.cpp, line 520]
Event: 35.224 Thread 0x000002c571255570 Exception <a 'sun/nio/fs/WindowsException'{0x00000000d68f5a10}> (0x00000000d68f5a10) 
thrown [s\src\hotspot\share\prims\jni.cpp, line 520]
Event: 35.226 Thread 0x000002c571255570 Exception <a 'sun/nio/fs/WindowsException'{0x00000000d68f96f0}> (0x00000000d68f96f0) 
thrown [s\src\hotspot\share\prims\jni.cpp, line 520]
Event: 35.228 Thread 0x000002c571255570 Exception <a 'sun/nio/fs/WindowsException'{0x00000000d68fd118}> (0x00000000d68fd118) 
thrown [s\src\hotspot\share\prims\jni.cpp, line 520]
Event: 35.229 Thread 0x000002c571255570 Exception <a 'sun/nio/fs/WindowsException'{0x00000000d6901f78}> (0x00000000d6901f78) 
thrown [s\src\hotspot\share\prims\jni.cpp, line 520]
Event: 35.234 Thread 0x000002c571255570 Exception <a 'sun/nio/fs/WindowsException'{0x00000000d6905c48}> (0x00000000d6905c48) 
thrown [s\src\hotspot\share\prims\jni.cpp, line 520]
Event: 35.235 Thread 0x000002c571255570 Exception <a 'sun/nio/fs/WindowsException'{0x00000000d6909ab0}> (0x00000000d6909ab0) 
thrown [s\src\hotspot\share\prims\jni.cpp, line 520]
Event: 35.236 Thread 0x000002c571255570 Exception <a 'sun/nio/fs/WindowsException'{0x00000000d690d410}> (0x00000000d690d410) 
thrown [s\src\hotspot\share\prims\jni.cpp, line 520]
Event: 35.238 Thread 0x000002c571255570 Exception <a 'sun/nio/fs/WindowsException'{0x00000000d69112e8}> (0x00000000d69112e8) 
thrown [s\src\hotspot\share\prims\jni.cpp, line 520]
Event: 35.240 Thread 0x000002c571255570 Exception <a 'sun/nio/fs/WindowsException'{0x00000000d6914b98}> (0x00000000d6914b98) 
thrown [s\src\hotspot\share\prims\jni.cpp, line 520]
Event: 35.241 Thread 0x000002c571255570 Exception <a 'sun/nio/fs/WindowsException'{0x00000000d6918b10}> (0x00000000d6918b10) 
thrown [s\src\hotspot\share\prims\jni.cpp, line 520]
Event: 35.241 Thread 0x000002c571255570 Exception <a 'sun/nio/fs/WindowsException'{0x00000000d691c058}> (0x00000000d691c058) 
thrown [s\src\hotspot\share\prims\jni.cpp, line 520]
Event: 35.243 Thread 0x000002c571255570 Exception <a 'sun/nio/fs/WindowsException'{0x00000000d691f7c8}> (0x00000000d691f7c8) 
thrown [s\src\hotspot\share\prims\jni.cpp, line 520]
Event: 35.244 Thread 0x000002c571255570 Exception <a 'sun/nio/fs/WindowsException'{0x00000000d6923ca8}> (0x00000000d6923ca8) 
thrown [s\src\hotspot\share\prims\jni.cpp, line 520]
Event: 35.245 Thread 0x000002c571255570 Exception <a 'sun/nio/fs/WindowsException'{0x00000000d6927758}> (0x00000000d6927758) 
thrown [s\src\hotspot\share\prims\jni.cpp, line 520]
Event: 35.247 Thread 0x000002c571255570 Exception <a 'sun/nio/fs/WindowsException'{0x00000000d692b4c0}> (0x00000000d692b4c0) 
thrown [s\src\hotspot\share\prims\jni.cpp, line 520]
Event: 35.249 Thread 0x000002c571255570 Exception <a 'sun/nio/fs/WindowsException'{0x00000000d692f530}> (0x00000000d692f530) 
thrown [s\src\hotspot\share\prims\jni.cpp, line 520]
Event: 35.251 Thread 0x000002c571255570 Exception <a 'sun/nio/fs/WindowsException'{0x00000000d6933d28}> (0x00000000d6933d28) 
thrown [s\src\hotspot\share\prims\jni.cpp, line 520]
Event: 35.428 Thread 0x000002c573915b30 Implicit null exception at 0x000002c55e38b983 to 0x000002c55e38bc04
Event: 35.430 Thread 0x000002c573915b30 Exception <a 'java/lang/NoSuchMethodError'{0x00000000d5bfd398}: 'java.lang.Object java.lang.invoke.DelegatingMethodHandle$Holder.reinvoke_L(java.lang.Object, int, long, java.lang.Object, java.lang.Object, int, java.lang.Object)'> (0x00000000d5bfd398) 
thrown [s\src\hotspot\share\interpreter\linkResolver.cpp, line 773]

ZGC Phase Switch (0 events):
No events

VM Operations (20 events):
Event: 35.284 Executing safepoint VM operation: ParallelGCFailedAllocation (Allocation Failure)
Event: 35.287 Executing safepoint VM operation: ParallelGCFailedAllocation (Allocation Failure) done
Event: 35.329 Executing non-safepoint VM operation: HandshakeAllThreads (Deoptimize)
Event: 35.329 Executing non-safepoint VM operation: HandshakeAllThreads (Deoptimize) done
Event: 35.331 Executing non-safepoint VM operation: HandshakeAllThreads (Deoptimize)
Event: 35.331 Executing non-safepoint VM operation: HandshakeAllThreads (Deoptimize) done
Event: 35.411 Executing non-safepoint VM operation: HandshakeAllThreads (Deoptimize)
Event: 35.411 Executing non-safepoint VM operation: HandshakeAllThreads (Deoptimize) done
Event: 35.414 Executing non-safepoint VM operation: HandshakeAllThreads (Deoptimize)
Event: 35.414 Executing non-safepoint VM operation: HandshakeAllThreads (Deoptimize) done
Event: 35.445 Executing non-safepoint VM operation: HandshakeAllThreads (Deoptimize)
Event: 35.445 Executing non-safepoint VM operation: HandshakeAllThreads (Deoptimize) done
Event: 35.455 Executing non-safepoint VM operation: HandshakeAllThreads (Deoptimize)
Event: 35.455 Executing non-safepoint VM operation: HandshakeAllThreads (Deoptimize) done
Event: 35.456 Executing non-safepoint VM operation: HandshakeAllThreads (Deoptimize)
Event: 35.457 Executing non-safepoint VM operation: HandshakeAllThreads (Deoptimize) done
Event: 35.517 Executing non-safepoint VM operation: HandshakeAllThreads (Deoptimize)
Event: 35.517 Executing non-safepoint VM operation: HandshakeAllThreads (Deoptimize) done
Event: 35.618 Executing safepoint VM operation: ParallelGCFailedAllocation (Allocation Failure)
Event: 35.621 Executing safepoint VM operation: ParallelGCFailedAllocation (Allocation Failure) done

Memory protections (0 events):
No events

Nmethod flushes (20 events):
Event: 31.789 Thread 0x000002c5533035f0 flushing  nmethod 0x000002c556b91f10
Event: 31.789 Thread 0x000002c5533035f0 flushing  nmethod 0x000002c556b93110
Event: 31.789 Thread 0x000002c5533035f0 flushing  nmethod 0x000002c556b94210
Event: 31.789 Thread 0x000002c5533035f0 flushing  nmethod 0x000002c556b94990
Event: 31.789 Thread 0x000002c5533035f0 flushing  nmethod 0x000002c556b95f10
Event: 31.789 Thread 0x000002c5533035f0 flushing  nmethod 0x000002c556b96410
Event: 31.789 Thread 0x000002c5533035f0 flushing  nmethod 0x000002c556b97e10
Event: 31.789 Thread 0x000002c5533035f0 flushing  nmethod 0x000002c556b98210
Event: 31.789 Thread 0x000002c5533035f0 flushing  nmethod 0x000002c556ba2c90
Event: 31.789 Thread 0x000002c5533035f0 flushing  nmethod 0x000002c556ba3d90
Event: 31.789 Thread 0x000002c5533035f0 flushing  nmethod 0x000002c556bbc790
Event: 31.789 Thread 0x000002c5533035f0 flushing  nmethod 0x000002c556bd1410
Event: 31.789 Thread 0x000002c5533035f0 flushing  nmethod 0x000002c556bd7e90
Event: 31.789 Thread 0x000002c5533035f0 flushing  nmethod 0x000002c556bde810
Event: 31.789 Thread 0x000002c5533035f0 flushing  nmethod 0x000002c556c63d10
Event: 31.789 Thread 0x000002c5533035f0 flushing  nmethod 0x000002c556c87110
Event: 31.789 Thread 0x000002c5533035f0 flushing  nmethod 0x000002c556c99c10
Event: 31.789 Thread 0x000002c5533035f0 flushing  nmethod 0x000002c556c9a090
Event: 31.789 Thread 0x000002c5533035f0 flushing  nmethod 0x000002c556cb8f90
Event: 31.789 Thread 0x000002c5533035f0 flushing  nmethod 0x000002c556cba790

Events (20 events):
Event: 31.464 Thread 0x000002c553391970 Thread added: 0x000002c571256290
Event: 31.464 Thread 0x000002c553391970 Thread added: 0x000002c57125be70
Event: 31.465 Thread 0x000002c553391970 Thread added: 0x000002c571259da0
Event: 31.500 Thread 0x000002c553391970 Thread added: 0x000002c57125a430
Event: 31.618 Thread 0x000002c571255570 Thread added: 0x000002c57125b7e0
Event: 31.684 Thread 0x000002c57125b7e0 Thread added: 0x000002c57125aac0
Event: 32.055 Thread 0x000002c553391970 Thread added: 0x000002c57125b150
Event: 32.056 Thread 0x000002c553391970 Thread added: 0x000002c573915b30
Event: 32.871 Thread 0x000002c571256920 Thread added: 0x000002c573916850
Event: 32.872 Thread 0x000002c571256920 Thread added: 0x000002c573917c00
Event: 32.873 Thread 0x000002c573917c00 Thread added: 0x000002c573917570
Event: 32.873 Thread 0x000002c573916850 Thread added: 0x000002c573916ee0
Event: 32.874 Thread 0x000002c573917570 Thread added: 0x000002c5739161c0
Event: 32.874 Thread 0x000002c573916ee0 Thread added: 0x000002c573914780
Event: 32.874 Thread 0x000002c5739161c0 Thread added: 0x000002c573914e10
Event: 33.053 Thread 0x000002c571257640 Thread added: 0x000002c5739154a0
Event: 33.055 Thread 0x000002c5739154a0 Thread exited: 0x000002c5739154a0
Event: 33.271 Thread 0x000002c571257640 Thread added: 0x000002c57206abe0
Event: 34.761 Thread 0x000002c571255570 Thread added: 0x000002c57206e060
Event: 35.253 Thread 0x000002c57206e060 Thread exited: 0x000002c57206e060


Dynamic libraries:
0x00007ff6b2850000 - 0x00007ff6b285e000 	c:\Users\vothi\.vscode\extensions\redhat.java-1.54.0-win32-x64\jre\21.0.10-win32-x86_64\bin\java.exe
0x00007ffc1a440000 - 0x00007ffc1a6a7000 	C:\WINDOWS\SYSTEM32\ntdll.dll
0x00007ffc198d0000 - 0x00007ffc19999000 	C:\WINDOWS\System32\KERNEL32.DLL
0x00007ffc17be0000 - 0x00007ffc17fd4000 	C:\WINDOWS\System32\KERNELBASE.dll
0x00007ffc179d0000 - 0x00007ffc17b1b000 	C:\WINDOWS\System32\ucrtbase.dll
0x00007ffbfa9e0000 - 0x00007ffbfa9f8000 	c:\Users\vothi\.vscode\extensions\redhat.java-1.54.0-win32-x64\jre\21.0.10-win32-x86_64\bin\jli.dll
0x00007ffc1a090000 - 0x00007ffc1a255000 	C:\WINDOWS\System32\USER32.dll
0x00007ffc17fe0000 - 0x00007ffc18007000 	C:\WINDOWS\System32\win32u.dll
0x00007ffc18fd0000 - 0x00007ffc18ffb000 	C:\WINDOWS\System32\GDI32.dll
0x00007ffc180a0000 - 0x00007ffc181ca000 	C:\WINDOWS\System32\gdi32full.dll
0x00007ffc17920000 - 0x00007ffc179c3000 	C:\WINDOWS\System32\msvcp_win.dll
0x00007ffc08670000 - 0x00007ffc0868e000 	c:\Users\vothi\.vscode\extensions\redhat.java-1.54.0-win32-x64\jre\21.0.10-win32-x86_64\bin\VCRUNTIME140.dll
0x00007ffbee710000 - 0x00007ffbee9a3000 	C:\WINDOWS\WinSxS\amd64_microsoft.windows.common-controls_6595b64144ccf1df_6.0.26100.8115_none_3e075c82e3354f9c\COMCTL32.dll
0x00007ffc19670000 - 0x00007ffc19719000 	C:\WINDOWS\System32\msvcrt.dll
0x00007ffc18390000 - 0x00007ffc183c2000 	C:\WINDOWS\System32\IMM32.DLL
0x00007ffbf8650000 - 0x00007ffbf865c000 	c:\Users\vothi\.vscode\extensions\redhat.java-1.54.0-win32-x64\jre\21.0.10-win32-x86_64\bin\vcruntime140_1.dll
0x00007ffbf85c0000 - 0x00007ffbf864d000 	c:\Users\vothi\.vscode\extensions\redhat.java-1.54.0-win32-x64\jre\21.0.10-win32-x86_64\bin\msvcp140.dll
0x00007ffb19be0000 - 0x00007ffb1a981000 	c:\Users\vothi\.vscode\extensions\redhat.java-1.54.0-win32-x64\jre\21.0.10-win32-x86_64\bin\server\jvm.dll
0x00007ffc1a340000 - 0x00007ffc1a3f6000 	C:\WINDOWS\System32\ADVAPI32.dll
0x00007ffc1a260000 - 0x00007ffc1a307000 	C:\WINDOWS\System32\sechost.dll
0x00007ffc181d0000 - 0x00007ffc182e8000 	C:\WINDOWS\System32\RPCRT4.dll
0x00007ffc18b40000 - 0x00007ffc18bc0000 	C:\WINDOWS\System32\WS2_32.dll
0x00007ffc16b70000 - 0x00007ffc16bce000 	C:\WINDOWS\SYSTEM32\POWRPROF.dll
0x00007ffc0ea10000 - 0x00007ffc0ea1b000 	C:\WINDOWS\SYSTEM32\VERSION.dll
0x00007ffc0ead0000 - 0x00007ffc0eb06000 	C:\WINDOWS\SYSTEM32\WINMM.dll
0x00007ffc16b50000 - 0x00007ffc16b64000 	C:\WINDOWS\SYSTEM32\UMPDC.dll
0x00007ffc15aa0000 - 0x00007ffc15abb000 	C:\WINDOWS\SYSTEM32\kernel.appcore.dll
0x00007ffbf85b0000 - 0x00007ffbf85ba000 	c:\Users\vothi\.vscode\extensions\redhat.java-1.54.0-win32-x64\jre\21.0.10-win32-x86_64\bin\jimage.dll
0x00007ffc0fd00000 - 0x00007ffc0ff42000 	C:\WINDOWS\SYSTEM32\DBGHELP.DLL
0x00007ffc19cf0000 - 0x00007ffc1a072000 	C:\WINDOWS\System32\combase.dll
0x00007ffc197f0000 - 0x00007ffc198c7000 	C:\WINDOWS\System32\OLEAUT32.dll
0x00007ffbef2e0000 - 0x00007ffbef31b000 	C:\WINDOWS\SYSTEM32\dbgcore.DLL
0x00007ffc17580000 - 0x00007ffc17625000 	C:\WINDOWS\System32\bcryptPrimitives.dll
0x00007ffbd59d0000 - 0x00007ffbd59df000 	c:\Users\vothi\.vscode\extensions\redhat.java-1.54.0-win32-x64\jre\21.0.10-win32-x86_64\bin\instrument.dll
0x00007ffbcf5f0000 - 0x00007ffbcf610000 	c:\Users\vothi\.vscode\extensions\redhat.java-1.54.0-win32-x64\jre\21.0.10-win32-x86_64\bin\java.dll
0x00007ffc183d0000 - 0x00007ffc18b36000 	C:\WINDOWS\System32\SHELL32.dll
0x00007ffc17630000 - 0x00007ffc1779a000 	C:\WINDOWS\System32\wintypes.dll
0x00007ffc16d10000 - 0x00007ffc17575000 	C:\WINDOWS\System32\windows.storage.dll
0x00007ffc18d30000 - 0x00007ffc18e27000 	C:\WINDOWS\System32\SHCORE.dll
0x00007ffc19ba0000 - 0x00007ffc19c06000 	C:\WINDOWS\System32\shlwapi.dll
0x00007ffc16c30000 - 0x00007ffc16c59000 	C:\WINDOWS\SYSTEM32\profapi.dll
0x00007ffbce860000 - 0x00007ffbce878000 	c:\Users\vothi\.vscode\extensions\redhat.java-1.54.0-win32-x64\jre\21.0.10-win32-x86_64\bin\zip.dll
0x00007ffbf85a0000 - 0x00007ffbf85b0000 	C:\Users\vothi\.vscode\extensions\redhat.java-1.54.0-win32-x64\jre\21.0.10-win32-x86_64\bin\net.dll
0x00007ffc10bf0000 - 0x00007ffc10d1d000 	C:\WINDOWS\SYSTEM32\WINHTTP.dll
0x00007ffc16010000 - 0x00007ffc1607c000 	C:\WINDOWS\system32\mswsock.dll
0x00007ffbce710000 - 0x00007ffbce726000 	C:\Users\vothi\.vscode\extensions\redhat.java-1.54.0-win32-x64\jre\21.0.10-win32-x86_64\bin\nio.dll
0x00007ffbcf290000 - 0x00007ffbcf2a0000 	c:\Users\vothi\.vscode\extensions\redhat.java-1.54.0-win32-x64\jre\21.0.10-win32-x86_64\bin\verify.dll
0x00007ffbc7270000 - 0x00007ffbc72b5000 	C:\Users\vothi\AppData\Roaming\Code\User\globalStorage\redhat.java\1.54.0\config_win\org.eclipse.equinox.launcher\org.eclipse.equinox.launcher.win32.win32.x86_64_1.3.0.v20260203-2149\eclipse_11919.dll
0x00007ffc18e30000 - 0x00007ffc18fc7000 	C:\WINDOWS\System32\ole32.dll
0x00007ffc162f0000 - 0x00007ffc1630b000 	C:\WINDOWS\SYSTEM32\CRYPTSP.dll
0x00007ffc15a00000 - 0x00007ffc15a39000 	C:\WINDOWS\system32\rsaenh.dll
0x00007ffc160c0000 - 0x00007ffc160f3000 	C:\WINDOWS\SYSTEM32\USERENV.dll
0x00007ffc16c00000 - 0x00007ffc16c2a000 	C:\WINDOWS\SYSTEM32\bcrypt.dll
0x00007ffc16310000 - 0x00007ffc1631c000 	C:\WINDOWS\SYSTEM32\CRYPTBASE.dll
0x00007ffc15510000 - 0x00007ffc15542000 	C:\WINDOWS\SYSTEM32\IPHLPAPI.DLL
0x00007ffc19a70000 - 0x00007ffc19a7a000 	C:\WINDOWS\System32\NSI.dll
0x00007ffbb7ff0000 - 0x00007ffbb8039000 	C:\Users\vothi\AppData\Local\Temp\jna-112397084\jna9717272047440515025.dll
0x00007ffc197e0000 - 0x00007ffc197e8000 	C:\WINDOWS\System32\PSAPI.DLL
0x00007ffc10fe0000 - 0x00007ffc10ffd000 	C:\WINDOWS\SYSTEM32\dhcpcsvc6.DLL
0x00007ffc10fb0000 - 0x00007ffc10fd5000 	C:\WINDOWS\SYSTEM32\dhcpcsvc.DLL
0x00007ffbcdfd0000 - 0x00007ffbcdfde000 	C:\Users\vothi\.vscode\extensions\redhat.java-1.54.0-win32-x64\jre\21.0.10-win32-x86_64\bin\sunmscapi.dll
0x00007ffc177a0000 - 0x00007ffc17917000 	C:\WINDOWS\System32\CRYPT32.dll
0x00007ffc16510000 - 0x00007ffc16540000 	C:\WINDOWS\SYSTEM32\ncrypt.dll
0x00007ffc164c0000 - 0x00007ffc164ff000 	C:\WINDOWS\SYSTEM32\NTASN1.dll
0x00007ffc155f0000 - 0x00007ffc15722000 	C:\WINDOWS\SYSTEM32\DNSAPI.dll
0x00007ffc0ea20000 - 0x00007ffc0ea2b000 	C:\Windows\System32\rasadhlp.dll
0x00007ffc11170000 - 0x00007ffc111f6000 	C:\WINDOWS\System32\fwpuclnt.dll
0x00007ffbccdf0000 - 0x00007ffbccdf9000 	C:\Users\vothi\.vscode\extensions\redhat.java-1.54.0-win32-x64\jre\21.0.10-win32-x86_64\bin\extnet.dll

JVMTI agents:
c:\Users\vothi\.vscode\extensions\redhat.java-1.54.0-win32-x64\lombok\lombok-1.18.39-4050.jar path:c:\Users\vothi\.vscode\extensions\redhat.java-1.54.0-win32-x64\jre\21.0.10-win32-x86_64\bin\instrument.dll, loaded, initialized, instrumentlib options:none

dbghelp: loaded successfully - version: 4.0.5 - missing functions: none
symbol engine: initialized successfully - sym options: 0x614 - pdb path: .;c:\Users\vothi\.vscode\extensions\redhat.java-1.54.0-win32-x64\jre\21.0.10-win32-x86_64\bin;C:\WINDOWS\SYSTEM32;C:\WINDOWS\WinSxS\amd64_microsoft.windows.common-controls_6595b64144ccf1df_6.0.26100.8115_none_3e075c82e3354f9c;c:\Users\vothi\.vscode\extensions\redhat.java-1.54.0-win32-x64\jre\21.0.10-win32-x86_64\bin\server;C:\Users\vothi\AppData\Roaming\Code\User\globalStorage\redhat.java\1.54.0\config_win\org.eclipse.equinox.launcher\org.eclipse.equinox.launcher.win32.win32.x86_64_1.3.0.v20260203-2149;C:\Users\vothi\AppData\Local\Temp\jna-112397084

VM Arguments:
jvm_args: --add-modules=ALL-SYSTEM --add-opens=java.base/java.util=ALL-UNNAMED --add-opens=java.base/java.lang=ALL-UNNAMED --add-opens=java.base/sun.nio.fs=ALL-UNNAMED -Declipse.application=org.eclipse.jdt.ls.core.id1 -Dosgi.bundles.defaultStartLevel=4 -Declipse.product=org.eclipse.jdt.ls.core.product -Djava.import.generatesMetadataFilesAtProjectRoot=false -DDetectVMInstallationsJob.disabled=true -Dfile.encoding=utf8 -XX:+UseParallelGC -XX:GCTimeRatio=4 -XX:AdaptiveSizePolicyWeight=90 -Dsun.zip.disableMemoryMapping=true -Xmx2G -Xms100m -Xlog:disable -javaagent:c:\Users\vothi\.vscode\extensions\redhat.java-1.54.0-win32-x64\lombok\lombok-1.18.39-4050.jar -XX:+HeapDumpOnOutOfMemoryError -XX:HeapDumpPath=c:\Users\vothi\AppData\Roaming\Code\User\workspaceStorage\e2ec343072c3df4871035c3780abb845\redhat.java -Daether.dependencyCollector.impl=bf 
java_command: c:\Users\vothi\.vscode\extensions\redhat.java-1.54.0-win32-x64\server\plugins\org.eclipse.equinox.launcher_1.7.100.v20251111-0406.jar -configuration c:\Users\vothi\AppData\Roaming\Code\User\globalStorage\redhat.java\1.54.0\config_win -data c:\Users\vothi\AppData\Roaming\Code\User\workspaceStorage\e2ec343072c3df4871035c3780abb845\redhat.java\jdt_ws --pipe=\\.\pipe\lsp-3d8e0528a380ce0d65147ccfc04c447f-sock
java_class_path (initial): c:\Users\vothi\.vscode\extensions\redhat.java-1.54.0-win32-x64\server\plugins\org.eclipse.equinox.launcher_1.7.100.v20251111-0406.jar
Launcher Type: SUN_STANDARD

[Global flags]
    uintx AdaptiveSizePolicyWeight                 = 90                                        {product} {command line}
     intx CICompilerCount                          = 4                                         {product} {ergonomic}
    uintx GCTimeRatio                              = 4                                         {product} {command line}
     bool HeapDumpOnOutOfMemoryError               = true                                   {manageable} {command line}
    ccstr HeapDumpPath                             = c:\Users\vothi\AppData\Roaming\Code\User\workspaceStorage\e2ec343072c3df4871035c3780abb845\redhat.java         {manageable} {command line}
   size_t InitialHeapSize                          = 104857600                                 {product} {command line}
   size_t MaxHeapSize                              = 2147483648                                {product} {command line}
   size_t MaxNewSize                               = 715653120                                 {product} {ergonomic}
   size_t MinHeapDeltaBytes                        = 524288                                    {product} {ergonomic}
   size_t MinHeapSize                              = 104857600                                 {product} {command line}
   size_t NewSize                                  = 34603008                                  {product} {ergonomic}
    uintx NonNMethodCodeHeapSize                   = 5839372                                {pd product} {ergonomic}
    uintx NonProfiledCodeHeapSize                  = 122909434                              {pd product} {ergonomic}
   size_t OldSize                                  = 70254592                                  {product} {ergonomic}
    uintx ProfiledCodeHeapSize                     = 122909434                              {pd product} {ergonomic}
    uintx ReservedCodeCacheSize                    = 251658240                              {pd product} {ergonomic}
     bool SegmentedCodeCache                       = true                                      {product} {ergonomic}
   size_t SoftMaxHeapSize                          = 2147483648                             {manageable} {ergonomic}
     bool UseCompressedOops                        = true                           {product lp64_product} {ergonomic}
     bool UseLargePagesIndividualAllocation        = false                                  {pd product} {ergonomic}
     bool UseParallelGC                            = true                                      {product} {command line}

Logging:
Log output configuration:
 #0: stdout all=off uptime,level,tags foldmultilines=false
 #1: stderr all=off uptime,level,tags foldmultilines=false

Release file:
JAVA_VERSION="21.0.10" 
MODULES="java.base java.compiler java.datatransfer java.xml java.prefs java.desktop java.instrument java.logging java.management java.security.sasl java.naming java.rmi java.management.rmi java.net.http java.scripting java.security.jgss java.transaction.xa java.sql java.sql.rowset java.xml.crypto java.se java.smartcardio jdk.accessibility jdk.internal.jvmstat jdk.attach jdk.charsets jdk.internal.opt jdk.zipfs jdk.compiler jdk.crypto.ec jdk.crypto.cryptoki jdk.crypto.mscapi jdk.dynalink jdk.internal.ed jdk.editpad jdk.hotspot.agent jdk.httpserver jdk.internal.le jdk.internal.vm.ci jdk.internal.vm.compiler jdk.internal.vm.compiler.management jdk.jartool jdk.javadoc jdk.jcmd jdk.management jdk.management.agent jdk.jconsole jdk.jdeps jdk.jdwp.agent jdk.jdi jdk.jfr jdk.jshell jdk.jsobject jdk.jstatd jdk.localedata jdk.management.jfr jdk.naming.dns jdk.naming.rmi jdk.net jdk.nio.mapmode jdk.random jdk.sctp jdk.security.auth jdk.security.jgss jdk.unsupported jdk.unsupported.desktop jdk.xml.dom" 

Environment Variables:
JAVA_HOME=C:\Program Files\Java\jdk-17
PATH=C:\Program Files\Common Files\Oracle\Java\javapath;C:\Program Files\Microsoft\jdk-11.0.16.101-hotspot\bin;C:\WINDOWS\system32;C:\WINDOWS;C:\WINDOWS\System32\Wbem;C:\WINDOWS\System32\WindowsPowerShell\v1.0\;C:\WINDOWS\System32\OpenSSH\;C:\Program Files\Git\cmd;C:\Program Files (x86)\Microsoft SQL Server\160\Tools\Binn\;C:\Program Files\Microsoft SQL Server\160\Tools\Binn\;C:\Program Files\Microsoft SQL Server\Client SDK\ODBC\170\Tools\Binn\;C:\Program Files\Microsoft SQL Server\160\DTS\Binn\;C:\Users\vothi\Downloads\mingw-w64-v11.0.0.zip\mingw-w64-v11.0.0;C:\Program Files\PuTTY\;C:\Program Files\Java\jdk-17\bin;C:\Program Files\nodejs\;D:\wamp\bin\php\php8.3.14;D:\maven\apache-maven-3.9.11\bin;C:\Program Files\Docker\Docker\resources\bin;C:\ProgramData\ComposerSetup\bin;C:\Program Files (x86)\ComposerSetup;C:\Program Files\PostgreSQL\18\bin;E:\cursor\resources\app\bin;C:\Program Files\qemu;C:\msys64\mingw64\bin;D:\Sdk_andr\emulator;D:\Sdk_andr\platform-tools;E:\FlutterSDK\flutter\bin;C:\Users\vothi\AppData\Local\Programs\Python\Launcher\;C:\Users\vothi\AppData\Local\Microsoft\WindowsApps;C:\Users\vothi\AppData\Local\GitHubDesktop\bin;C:\Users\vothi\AppData\Local\Programs\Microsoft VS Code\bin;C:\msys64\ucrt64\bin;D:\Software\node_modules\npm\node_modules\@npmcli\arborist\lib\node.js;C:\Program Files\nodejs\;D:\IntelliJ IDEA Community Edition 2025.1.3\bin;;C:\Users\vothi\AppData\Roaming\npm;C:\Users\vothi\AppData\Roaming\Composer\vendor\bin;D:\IntelliJ IDEA 2025.3.3\bin;D:\app\Antigravity\bin
USERNAME=vothi
OS=Windows_NT
PROCESSOR_IDENTIFIER=Intel64 Family 6 Model 140 Stepping 1, GenuineIntel
TMP=C:\Users\vothi\AppData\Local\Temp
TEMP=C:\Users\vothi\AppData\Local\Temp




Periodic native trim disabled

---------------  S Y S T E M  ---------------

OS:
 Windows 11 , 64 bit Build 26100 (10.0.26100.8115)
OS uptime: 0 days 1:49 hours
Hyper-V role detected

CPU: total 8 (initial active 8) (4 cores per cpu, 2 threads per core) family 6 model 140 stepping 1 microcode 0xbc, cx8, cmov, fxsr, ht, mmx, 3dnowpref, sse, sse2, sse3, ssse3, sse4.1, sse4.2, popcnt, lzcnt, tsc, tscinvbit, avx, avx2, aes, erms, clmul, bmi1, bmi2, adx, avx512f, avx512dq, avx512cd, avx512bw, avx512vl, sha, fma, vzeroupper, avx512_vpopcntdq, avx512_vpclmulqdq, avx512_vaes, avx512_vnni, clflush, clflushopt, clwb, avx512_vbmi2, avx512_vbmi, hv, rdtscp, rdpid, fsrm, gfni, avx512_bitalg, f16c, cet_ibt, cet_ss, avx512_ifma
Processor Information for the first 8 processors :
  Max Mhz: 2419, Current Mhz: 2419, Mhz Limit: 2419

Memory: 4k page, system-wide physical 16100M (1460M free)
TotalPageFile size 27487M (AvailPageFile size 0M)
current process WorkingSet (physical memory assigned to process): 260M, peak: 265M
current process commit charge ("private bytes"): 355M, peak: 362M

vm_info: OpenJDK 64-Bit Server VM (21.0.10+7-LTS) for windows-amd64 JRE (21.0.10+7-LTS), built on 2026-01-20T00:00:00Z by "admin" with MS VC++ 17.12 (VS2022)

END.
