#
# There is insufficient memory for the Java Runtime Environment to continue.
# Native memory allocation (malloc) failed to allocate 684176 bytes. Error detail: Chunk::new
# Possible reasons:
#   The system is out of physical RAM or swap space
#   This process is running with CompressedOops enabled, and the Java Heap may be blocking the growth of the native heap
# Possible solutions:
#   Reduce memory load on the system
#   Increase physical memory or swap space
#   Check if swap backing store is full
#   Decrease Java heap size (-Xmx/-Xms)
#   Decrease number of Java threads
#   Decrease Java thread stack sizes (-Xss)
#   Set larger code cache with -XX:ReservedCodeCacheSize=
#   JVM is running with Unscaled Compressed Oops mode in which the Java heap is
#     placed in the first 4GB address space. The Java Heap base address is the
#     maximum limit for the native heap growth. Please use -XX:HeapBaseMinAddress
#     to set the Java Heap base and to place the Java Heap above 4GB virtual address.
# This output file may be truncated or incomplete.
#
#  Out of Memory Error (arena.cpp:168), pid=16752, tid=12716
#
# JRE version: OpenJDK Runtime Environment Temurin-21.0.10+7 (21.0.10+7) (build 21.0.10+7-LTS)
# Java VM: OpenJDK 64-Bit Server VM Temurin-21.0.10+7 (21.0.10+7-LTS, mixed mode, sharing, tiered, compressed oops, compressed class ptrs, parallel gc, windows-amd64)
# No core dump will be written. Minidumps are not enabled by default on client versions of Windows
#

---------------  S U M M A R Y ------------

Command Line: --add-modules=ALL-SYSTEM --add-opens=java.base/java.util=ALL-UNNAMED --add-opens=java.base/java.lang=ALL-UNNAMED --add-opens=java.base/sun.nio.fs=ALL-UNNAMED -Declipse.application=org.eclipse.jdt.ls.core.id1 -Dosgi.bundles.defaultStartLevel=4 -Declipse.product=org.eclipse.jdt.ls.core.product -Djava.import.generatesMetadataFilesAtProjectRoot=false -DDetectVMInstallationsJob.disabled=true -Dfile.encoding=utf8 -XX:+UseParallelGC -XX:GCTimeRatio=4 -XX:AdaptiveSizePolicyWeight=90 -Dsun.zip.disableMemoryMapping=true -Xmx2G -Xms100m -Xlog:disable -javaagent:c:\Users\vothi\.vscode\extensions\redhat.java-1.54.0-win32-x64\lombok\lombok-1.18.39-4050.jar c:\Users\vothi\.vscode\extensions\redhat.java-1.54.0-win32-x64\server\plugins\org.eclipse.equinox.launcher_1.7.100.v20251111-0406.jar -configuration c:\Users\vothi\AppData\Roaming\Code\User\globalStorage\redhat.java\1.54.0\config_ss_win -data c:\Users\vothi\AppData\Roaming\Code\User\workspaceStorage\e2ec343072c3df4871035c3780abb845\redhat.java\ss_ws --pipe=\\.\pipe\lsp-33a52ffe4248332f4b811a83914bfcef-sock

Host: 11th Gen Intel(R) Core(TM) i5-1135G7 @ 2.40GHz, 8 cores, 15G,  Windows 11 , 64 bit Build 26100 (10.0.26100.8115)
Time: Sat Jun 20 16:26:26 2026 SE Asia Standard Time elapsed time: 12.098042 seconds (0d 0h 0m 12s)

---------------  T H R E A D  ---------------

Current thread (0x00000171d0a9c1c0):  JavaThread "C2 CompilerThread0" daemon [_thread_in_native, id=12716, stack(0x0000006653f00000,0x0000006654000000) (1024K)]


Current CompileTask:
C2:12098 3840       4       java.lang.invoke.MethodType::makeImpl (109 bytes)

Stack: [0x0000006653f00000,0x0000006654000000]
Native frames: (J=compiled Java code, j=interpreted, Vv=VM code, C=native code)
V  [jvm.dll+0x6d7a39]
V  [jvm.dll+0x8b4b26]
V  [jvm.dll+0x8b70de]
V  [jvm.dll+0x8b77c3]
V  [jvm.dll+0x284346]
V  [jvm.dll+0xc66ed]
V  [jvm.dll+0xc6c31]
V  [jvm.dll+0x2fb29e]
V  [jvm.dll+0x5fe884]
V  [jvm.dll+0x255b17]
V  [jvm.dll+0x24dc0b]
V  [jvm.dll+0x24ba42]
V  [jvm.dll+0x1cb34e]
V  [jvm.dll+0x25b85d]
V  [jvm.dll+0x259dea]
V  [jvm.dll+0x3f857e]
V  [jvm.dll+0x85f59d]
V  [jvm.dll+0x6d626d]
C  [ucrtbase.dll+0x37b0]
C  [KERNEL32.DLL+0x2e8d7]
C  [ntdll.dll+0x8c3fc]


---------------  P R O C E S S  ---------------

Threads class SMR info:
_java_thread_list=0x00000172183d7070, length=40, elements={
0x00000171ba01ed40, 0x00000171ba0da2e0, 0x00000171ba0dc670, 0x00000171d0a94d40,
0x00000171d0a97f60, 0x00000171d0a989c0, 0x00000171d0a9b430, 0x00000171d0a9c1c0,
0x00000171d0ace8e0, 0x000001721363af50, 0x000001721375c630, 0x0000017218748a90,
0x0000017218661c10, 0x00000172186cf760, 0x00000172189c5c80, 0x0000017218923ee0,
0x0000017218219d70, 0x000001721821b420, 0x00000172135067d0, 0x0000017213506e60,
0x0000017213504700, 0x0000017213504070, 0x0000017213506140, 0x00000172135039e0,
0x0000017213504d90, 0x0000017213505420, 0x0000017213505ab0, 0x000001721933e400,
0x00000172193411f0, 0x000001721933f120, 0x000001721933f7b0, 0x0000017219341880,
0x000001721933fe40, 0x00000172193404d0, 0x0000017219340b60, 0x0000017219341f10,
0x000001721933ea90, 0x0000017219344670, 0x0000017218589680, 0x0000017219342c30
}

Java Threads: ( => current thread )
  0x00000171ba01ed40 JavaThread "main"                              [_thread_blocked, id=5392, stack(0x0000006653500000,0x0000006653600000) (1024K)]
  0x00000171ba0da2e0 JavaThread "Reference Handler"          daemon [_thread_blocked, id=13468, stack(0x0000006653900000,0x0000006653a00000) (1024K)]
  0x00000171ba0dc670 JavaThread "Finalizer"                  daemon [_thread_blocked, id=2992, stack(0x0000006653a00000,0x0000006653b00000) (1024K)]
  0x00000171d0a94d40 JavaThread "Signal Dispatcher"          daemon [_thread_blocked, id=20400, stack(0x0000006653b00000,0x0000006653c00000) (1024K)]
  0x00000171d0a97f60 JavaThread "Attach Listener"            daemon [_thread_blocked, id=23436, stack(0x0000006653c00000,0x0000006653d00000) (1024K)]
  0x00000171d0a989c0 JavaThread "Service Thread"             daemon [_thread_blocked, id=3024, stack(0x0000006653d00000,0x0000006653e00000) (1024K)]
  0x00000171d0a9b430 JavaThread "Monitor Deflation Thread"   daemon [_thread_blocked, id=12200, stack(0x0000006653e00000,0x0000006653f00000) (1024K)]
=>0x00000171d0a9c1c0 JavaThread "C2 CompilerThread0"         daemon [_thread_in_native, id=12716, stack(0x0000006653f00000,0x0000006654000000) (1024K)]
  0x00000171d0ace8e0 JavaThread "C1 CompilerThread0"         daemon [_thread_blocked, id=12888, stack(0x0000006654000000,0x0000006654100000) (1024K)]
  0x000001721363af50 JavaThread "Common-Cleaner"             daemon [_thread_blocked, id=4624, stack(0x0000006654200000,0x0000006654300000) (1024K)]
  0x000001721375c630 JavaThread "Notification Thread"        daemon [_thread_blocked, id=8532, stack(0x0000006654300000,0x0000006654400000) (1024K)]
  0x0000017218748a90 JavaThread "Active Thread: Equinox Container: 17095062-ea42-4226-90e1-d0563ea05a0e"        [_thread_blocked, id=9604, stack(0x0000006654400000,0x0000006654500000) (1024K)]
  0x0000017218661c10 JavaThread "Framework Event Dispatcher: Equinox Container: 17095062-ea42-4226-90e1-d0563ea05a0e" daemon [_thread_blocked, id=12228, stack(0x0000006654b00000,0x0000006654c00000) (1024K)]
  0x00000172186cf760 JavaThread "Start Level: Equinox Container: 17095062-ea42-4226-90e1-d0563ea05a0e" daemon [_thread_blocked, id=23340, stack(0x0000006654c00000,0x0000006654d00000) (1024K)]
  0x00000172189c5c80 JavaThread "SCR Component Actor"        daemon [_thread_blocked, id=11036, stack(0x0000006654100000,0x0000006654200000) (1024K)]
  0x0000017218923ee0 JavaThread "Worker-JM"                         [_thread_blocked, id=20452, stack(0x0000006654e00000,0x0000006654f00000) (1024K)]
  0x0000017218219d70 JavaThread "JNA Cleaner"                daemon [_thread_blocked, id=1564, stack(0x0000006654f00000,0x0000006655000000) (1024K)]
  0x000001721821b420 JavaThread "Worker-0"                          [_thread_blocked, id=4116, stack(0x0000006655000000,0x0000006655100000) (1024K)]
  0x00000172135067d0 JavaThread "Worker-1"                          [_thread_blocked, id=13744, stack(0x0000006655100000,0x0000006655200000) (1024K)]
  0x0000017213506e60 JavaThread "Thread-1"                   daemon [_thread_in_native, id=13968, stack(0x0000006655400000,0x0000006655500000) (1024K)]
  0x0000017213504700 JavaThread "Thread-2"                   daemon [_thread_in_native, id=5040, stack(0x0000006655500000,0x0000006655600000) (1024K)]
  0x0000017213504070 JavaThread "Thread-3"                   daemon [_thread_in_native, id=23220, stack(0x0000006655600000,0x0000006655700000) (1024K)]
  0x0000017213506140 JavaThread "Thread-4"                   daemon [_thread_in_native, id=14976, stack(0x0000006655700000,0x0000006655800000) (1024K)]
  0x00000172135039e0 JavaThread "Thread-5"                   daemon [_thread_in_native, id=18076, stack(0x0000006655800000,0x0000006655900000) (1024K)]
  0x0000017213504d90 JavaThread "Thread-6"                   daemon [_thread_in_native, id=21700, stack(0x0000006655900000,0x0000006655a00000) (1024K)]
  0x0000017213505420 JavaThread "Thread-7"                   daemon [_thread_in_native, id=16168, stack(0x0000006655a00000,0x0000006655b00000) (1024K)]
  0x0000017213505ab0 JavaThread "Thread-8"                   daemon [_thread_in_native, id=4544, stack(0x0000006655b00000,0x0000006655c00000) (1024K)]
  0x000001721933e400 JavaThread "Thread-9"                   daemon [_thread_in_native, id=13956, stack(0x0000006655c00000,0x0000006655d00000) (1024K)]
  0x00000172193411f0 JavaThread "pool-2-thread-1"                   [_thread_blocked, id=20192, stack(0x0000006655d00000,0x0000006655e00000) (1024K)]
  0x000001721933f120 JavaThread "Worker-2"                          [_thread_blocked, id=11680, stack(0x0000006655e00000,0x0000006655f00000) (1024K)]
  0x000001721933f7b0 JavaThread "WorkspaceEventsHandler"            [_thread_blocked, id=17016, stack(0x0000006655f00000,0x0000006656000000) (1024K)]
  0x0000017219341880 JavaThread "pool-1-thread-1"                   [_thread_blocked, id=23008, stack(0x0000006656000000,0x0000006656100000) (1024K)]
  0x000001721933fe40 JavaThread "ForkJoinPool.commonPool-worker-1" daemon [_thread_in_vm, id=16864, stack(0x0000006656100000,0x0000006656200000) (1024K)]
  0x00000172193404d0 JavaThread "ForkJoinPool.commonPool-worker-2" daemon [_thread_blocked, id=13920, stack(0x0000006656200000,0x0000006656300000) (1024K)]
  0x0000017219340b60 JavaThread "ForkJoinPool.commonPool-worker-3" daemon [_thread_blocked, id=17072, stack(0x0000006656300000,0x0000006656400000) (1024K)]
  0x0000017219341f10 JavaThread "ForkJoinPool.commonPool-worker-4" daemon [_thread_blocked, id=664, stack(0x0000006656400000,0x0000006656500000) (1024K)]
  0x000001721933ea90 JavaThread "ForkJoinPool.commonPool-worker-5" daemon [_thread_blocked, id=12140, stack(0x0000006656500000,0x0000006656600000) (1024K)]
  0x0000017219344670 JavaThread "ForkJoinPool.commonPool-worker-6" daemon [_thread_blocked, id=9656, stack(0x0000006656600000,0x0000006656700000) (1024K)]
  0x0000017218589680 JavaThread "C2 CompilerThread1"         daemon [_thread_blocked, id=21692, stack(0x0000006656700000,0x0000006656800000) (1024K)]
  0x0000017219342c30 JavaThread "ForkJoinPool.commonPool-worker-7" daemon [_thread_blocked, id=22572, stack(0x0000006656800000,0x0000006656900000) (1024K)]
Total: 40

Other Threads:
  0x00000171ba0bfb60 VMThread "VM Thread"                           [id=14204, stack(0x0000006653800000,0x0000006653900000) (1024K)]
  0x00000171ba089d40 WatcherThread "VM Periodic Task Thread"        [id=6596, stack(0x0000006653700000,0x0000006653800000) (1024K)]
  0x00000171ba03c550 WorkerThread "GC Thread#0"                     [id=8056, stack(0x0000006653600000,0x0000006653700000) (1024K)]
  0x00000172181731d0 WorkerThread "GC Thread#1"                     [id=16692, stack(0x0000006654500000,0x0000006654600000) (1024K)]
  0x000001721816ede0 WorkerThread "GC Thread#2"                     [id=21516, stack(0x0000006654600000,0x0000006654700000) (1024K)]
  0x0000017218173580 WorkerThread "GC Thread#3"                     [id=5736, stack(0x0000006654700000,0x0000006654800000) (1024K)]
  0x0000017218173930 WorkerThread "GC Thread#4"                     [id=23544, stack(0x0000006654800000,0x0000006654900000) (1024K)]
  0x00000172184a4e10 WorkerThread "GC Thread#5"                     [id=21556, stack(0x0000006654900000,0x0000006654a00000) (1024K)]
  0x00000172184a51c0 WorkerThread "GC Thread#6"                     [id=22988, stack(0x0000006654a00000,0x0000006654b00000) (1024K)]
  0x0000017218661150 WorkerThread "GC Thread#7"                     [id=16732, stack(0x0000006654d00000,0x0000006654e00000) (1024K)]
Total: 10

Threads with active compile tasks:
C2 CompilerThread0  12145 3840       4       java.lang.invoke.MethodType::makeImpl (109 bytes)
Total: 1

VM state: not at safepoint (normal execution)

VM Mutex/Monitor currently owned by a thread:  ([mutex/lock_event])
[0x00007ffb24bcc4e0] Metaspace_lock - owner thread: 0x000001721933fe40

Heap address: 0x0000000080000000, size: 2048 MB, Compressed Oops mode: 32-bit

CDS archive(s) mapped at: [0x00000171d1000000-0x00000171d1ba0000-0x00000171d1ba0000), size 12189696, SharedBaseAddress: 0x00000171d1000000, ArchiveRelocationMode: 1.
Compressed class space mapped at: 0x00000171d2000000-0x0000017212000000, reserved size: 1073741824
Narrow klass base: 0x00000171d1000000, Narrow klass shift: 0, Narrow klass range: 0x100000000

GC Precious Log:
 CardTable entry size: 512
 CPUs: 8 total, 8 available
 Memory: 16100M
 Large Page Support: Disabled
 NUMA Support: Disabled
 Compressed Oops: Enabled (32-bit)
 Alignments: Space 512K, Generation 512K, Heap 2M
 Heap Min Capacity: 100M
 Heap Initial Capacity: 100M
 Heap Max Capacity: 2G
 Pre-touch: Disabled
 Parallel Workers: 8

Heap:
 PSYoungGen      total 26624K, used 11867K [0x00000000d5580000, 0x00000000d7580000, 0x0000000100000000)
  eden space 23552K, 37% used [0x00000000d5580000,0x00000000d5e1aaa8,0x00000000d6c80000)
  from space 3072K, 99% used [0x00000000d6e80000,0x00000000d717c390,0x00000000d7180000)
  to   space 4096K, 0% used [0x00000000d7180000,0x00000000d7180000,0x00000000d7580000)
 ParOldGen       total 68608K, used 13444K [0x0000000080000000, 0x0000000084300000, 0x00000000d5580000)
  object space 68608K, 19% used [0x0000000080000000,0x0000000080d211d0,0x0000000084300000)
 Metaspace       used 31175K, committed 32128K, reserved 1114112K
  class space    used 3137K, committed 3584K, reserved 1048576K

Card table byte_map: [0x00000171b99c0000,0x00000171b9dd0000] _byte_map_base: 0x00000171b95c0000

Marking Bits: (ParMarkBitMap*) 0x00007ffb24bd3450
 Begin Bits: [0x00000171cc4d0000, 0x00000171ce4d0000)
 End Bits:   [0x00000171ce4d0000, 0x00000171d04d0000)

Polling page: 0x00000171b7eb0000

Metaspace:

Usage:
  Non-class:     27.38 MB used.
      Class:      3.06 MB used.
       Both:     30.45 MB used.

Virtual space:
  Non-class space:       64.00 MB reserved,      27.88 MB ( 44%) committed,  1 nodes.
      Class space:        1.00 GB reserved,       3.50 MB ( <1%) committed,  1 nodes.
             Both:        1.06 GB reserved,      31.38 MB (  3%) committed. 

Chunk freelists:
   Non-Class:  3.30 MB
       Class:  12.50 MB
        Both:  15.79 MB

MaxMetaspaceSize: unlimited
CompressedClassSpaceSize: 1.00 GB
Initial GC threshold: 21.00 MB
Current GC threshold: 35.00 MB
CDS: on
 - commit_granule_bytes: 65536.
 - commit_granule_words: 8192.
 - virtual_space_node_default_size: 8388608.
 - enlarge_chunks_in_place: 1.
 - use_allocation_guard: 0.


Internal statistics:

num_allocs_failed_limit: 3.
num_arena_births: 576.
num_arena_deaths: 14.
num_vsnodes_births: 2.
num_vsnodes_deaths: 0.
num_space_committed: 502.
num_space_uncommitted: 0.
num_chunks_returned_to_freelist: 17.
num_chunks_taken_from_freelist: 1828.
num_chunk_merges: 9.
num_chunk_splits: 1164.
num_chunks_enlarged: 731.
num_inconsistent_stats: 0.

CodeHeap 'non-profiled nmethods': size=120000Kb used=1803Kb max_used=1803Kb free=118196Kb
 bounds [0x00000171c4cf0000, 0x00000171c4f60000, 0x00000171cc220000]
CodeHeap 'profiled nmethods': size=120000Kb used=7607Kb max_used=7607Kb free=112392Kb
 bounds [0x00000171bd220000, 0x00000171bd990000, 0x00000171c4750000]
CodeHeap 'non-nmethods': size=5760Kb used=1360Kb max_used=1377Kb free=4399Kb
 bounds [0x00000171c4750000, 0x00000171c49c0000, 0x00000171c4cf0000]
CodeCache: size=245760Kb, used=10770Kb, max_used=10787Kb, free=234987Kb
 total_blobs=4502, nmethods=3858, adapters=550, full_count=0
Compilation: enabled, stopped_count=0, restarted_count=0

Compilation events (20 events):
Event: 12.027 Thread 0x00000171d0ace8e0 nmethod 3842 0x00000171bd981410 code [0x00000171bd9815a0, 0x00000171bd981698]
Event: 12.056 Thread 0x0000017218589680 nmethod 3841 0x00000171c4eafc90 code [0x00000171c4eaff40, 0x00000171c4eb0d28]
Event: 12.065 Thread 0x0000017218589680 3843       4       java.security.CodeSource::getCertificates (95 bytes)
Event: 12.070 Thread 0x00000171d0ace8e0 3845       3       org.eclipse.core.runtime.Path::<init> (9 bytes)
Event: 12.071 Thread 0x00000171d0ace8e0 nmethod 3845 0x00000171bd981710 code [0x00000171bd9818c0, 0x00000171bd981a00]
Event: 12.071 Thread 0x00000171d0ace8e0 3846       3       org.eclipse.core.runtime.Path::isAbsolute (13 bytes)
Event: 12.071 Thread 0x00000171d0ace8e0 nmethod 3846 0x00000171bd981a90 code [0x00000171bd981c40, 0x00000171bd981db8]
Event: 12.073 Thread 0x00000171d0ace8e0 3847       3       org.eclipse.core.runtime.Path::<init> (161 bytes)
Event: 12.074 Thread 0x0000017218589680 nmethod 3843 0x00000171c4eb1910 code [0x00000171c4eb1b00, 0x00000171c4eb2020]
Event: 12.075 Thread 0x0000017218589680 3844       4       java.lang.ThreadLocal$ThreadLocalMap::set (133 bytes)
Event: 12.077 Thread 0x00000171d0ace8e0 nmethod 3847 0x00000171bd981e90 code [0x00000171bd9821a0, 0x00000171bd983098]
Event: 12.077 Thread 0x00000171d0ace8e0 3848       3       org.eclipse.jdt.internal.core.JavaModelManager::getJavaModelManager (4 bytes)
Event: 12.077 Thread 0x00000171d0ace8e0 nmethod 3848 0x00000171bd983810 code [0x00000171bd9839a0, 0x00000171bd983a98]
Event: 12.083 Thread 0x0000017218589680 nmethod 3844 0x00000171c4eb2390 code [0x00000171c4eb2560, 0x00000171c4eb2930]
Event: 12.087 Thread 0x00000171d0ace8e0 3849       3       java.lang.Module::allows (60 bytes)
Event: 12.088 Thread 0x00000171d0ace8e0 nmethod 3849 0x00000171bd983b10 code [0x00000171bd983d20, 0x00000171bd984320]
Event: 12.088 Thread 0x00000171d0ace8e0 3850       3       java.lang.invoke.InnerClassLambdaMetafactory::generateConstructor (154 bytes)
Event: 12.090 Thread 0x00000171d0ace8e0 nmethod 3850 0x00000171bd984490 code [0x00000171bd984780, 0x00000171bd9856b0]
Event: 12.090 Thread 0x00000171d0ace8e0 3851   !   3       java.lang.invoke.InnerClassLambdaMetafactory::generateInnerClass (506 bytes)
Event: 12.095 Thread 0x00000171d0ace8e0 nmethod 3851 0x00000171bd985c10 code [0x00000171bd9860a0, 0x00000171bd987fe0]

GC Heap History (20 events):
Event: 1.458 GC heap before
{Heap before GC invocations=1 (full 0):
 PSYoungGen      total 29696K, used 25600K [0x00000000d5580000, 0x00000000d7680000, 0x0000000100000000)
  eden space 25600K, 100% used [0x00000000d5580000,0x00000000d6e80000,0x00000000d6e80000)
  from space 4096K, 0% used [0x00000000d7280000,0x00000000d7280000,0x00000000d7680000)
  to   space 4096K, 0% used [0x00000000d6e80000,0x00000000d6e80000,0x00000000d7280000)
 ParOldGen       total 68608K, used 0K [0x0000000080000000, 0x0000000084300000, 0x00000000d5580000)
  object space 68608K, 0% used [0x0000000080000000,0x0000000080000000,0x0000000084300000)
 Metaspace       used 4375K, committed 4608K, reserved 1114112K
  class space    used 474K, committed 576K, reserved 1048576K
}
Event: 1.469 GC heap after
{Heap after GC invocations=1 (full 0):
 PSYoungGen      total 29696K, used 3303K [0x00000000d5580000, 0x00000000d7680000, 0x0000000100000000)
  eden space 25600K, 0% used [0x00000000d5580000,0x00000000d5580000,0x00000000d6e80000)
  from space 4096K, 80% used [0x00000000d6e80000,0x00000000d71b9e98,0x00000000d7280000)
  to   space 4096K, 0% used [0x00000000d7280000,0x00000000d7280000,0x00000000d7680000)
 ParOldGen       total 68608K, used 8K [0x0000000080000000, 0x0000000084300000, 0x00000000d5580000)
  object space 68608K, 0% used [0x0000000080000000,0x0000000080002000,0x0000000084300000)
 Metaspace       used 4375K, committed 4608K, reserved 1114112K
  class space    used 474K, committed 576K, reserved 1048576K
}
Event: 3.283 GC heap before
{Heap before GC invocations=2 (full 0):
 PSYoungGen      total 29696K, used 28903K [0x00000000d5580000, 0x00000000d7680000, 0x0000000100000000)
  eden space 25600K, 100% used [0x00000000d5580000,0x00000000d6e80000,0x00000000d6e80000)
  from space 4096K, 80% used [0x00000000d6e80000,0x00000000d71b9e98,0x00000000d7280000)
  to   space 4096K, 0% used [0x00000000d7280000,0x00000000d7280000,0x00000000d7680000)
 ParOldGen       total 68608K, used 8K [0x0000000080000000, 0x0000000084300000, 0x00000000d5580000)
  object space 68608K, 0% used [0x0000000080000000,0x0000000080002000,0x0000000084300000)
 Metaspace       used 8153K, committed 8448K, reserved 1114112K
  class space    used 864K, committed 960K, reserved 1048576K
}
Event: 3.293 GC heap after
{Heap after GC invocations=2 (full 0):
 PSYoungGen      total 29696K, used 4093K [0x00000000d5580000, 0x00000000d7680000, 0x0000000100000000)
  eden space 25600K, 0% used [0x00000000d5580000,0x00000000d5580000,0x00000000d6e80000)
  from space 4096K, 99% used [0x00000000d7280000,0x00000000d767f680,0x00000000d7680000)
  to   space 4096K, 0% used [0x00000000d6e80000,0x00000000d6e80000,0x00000000d7280000)
 ParOldGen       total 68608K, used 1128K [0x0000000080000000, 0x0000000084300000, 0x00000000d5580000)
  object space 68608K, 1% used [0x0000000080000000,0x000000008011a020,0x0000000084300000)
 Metaspace       used 8153K, committed 8448K, reserved 1114112K
  class space    used 864K, committed 960K, reserved 1048576K
}
Event: 5.117 GC heap before
{Heap before GC invocations=3 (full 0):
 PSYoungGen      total 29696K, used 29693K [0x00000000d5580000, 0x00000000d7680000, 0x0000000100000000)
  eden space 25600K, 100% used [0x00000000d5580000,0x00000000d6e80000,0x00000000d6e80000)
  from space 4096K, 99% used [0x00000000d7280000,0x00000000d767f680,0x00000000d7680000)
  to   space 4096K, 0% used [0x00000000d6e80000,0x00000000d6e80000,0x00000000d7280000)
 ParOldGen       total 68608K, used 1128K [0x0000000080000000, 0x0000000084300000, 0x00000000d5580000)
  object space 68608K, 1% used [0x0000000080000000,0x000000008011a020,0x0000000084300000)
 Metaspace       used 13022K, committed 13568K, reserved 1114112K
  class space    used 1376K, committed 1600K, reserved 1048576K
}
Event: 5.126 GC heap after
{Heap after GC invocations=3 (full 0):
 PSYoungGen      total 29696K, used 4076K [0x00000000d5580000, 0x00000000d7680000, 0x0000000100000000)
  eden space 25600K, 0% used [0x00000000d5580000,0x00000000d5580000,0x00000000d6e80000)
  from space 4096K, 99% used [0x00000000d6e80000,0x00000000d727b088,0x00000000d7280000)
  to   space 4096K, 0% used [0x00000000d7280000,0x00000000d7280000,0x00000000d7680000)
 ParOldGen       total 68608K, used 2918K [0x0000000080000000, 0x0000000084300000, 0x00000000d5580000)
  object space 68608K, 4% used [0x0000000080000000,0x00000000802d9bc8,0x0000000084300000)
 Metaspace       used 13022K, committed 13568K, reserved 1114112K
  class space    used 1376K, committed 1600K, reserved 1048576K
}
Event: 6.685 GC heap before
{Heap before GC invocations=4 (full 0):
 PSYoungGen      total 29696K, used 29676K [0x00000000d5580000, 0x00000000d7680000, 0x0000000100000000)
  eden space 25600K, 100% used [0x00000000d5580000,0x00000000d6e80000,0x00000000d6e80000)
  from space 4096K, 99% used [0x00000000d6e80000,0x00000000d727b088,0x00000000d7280000)
  to   space 4096K, 0% used [0x00000000d7280000,0x00000000d7280000,0x00000000d7680000)
 ParOldGen       total 68608K, used 2918K [0x0000000080000000, 0x0000000084300000, 0x00000000d5580000)
  object space 68608K, 4% used [0x0000000080000000,0x00000000802d9bc8,0x0000000084300000)
 Metaspace       used 16222K, committed 16832K, reserved 1114112K
  class space    used 1725K, committed 1984K, reserved 1048576K
}
Event: 6.696 GC heap after
{Heap after GC invocations=4 (full 0):
 PSYoungGen      total 29696K, used 4087K [0x00000000d5580000, 0x00000000d7680000, 0x0000000100000000)
  eden space 25600K, 0% used [0x00000000d5580000,0x00000000d5580000,0x00000000d6e80000)
  from space 4096K, 99% used [0x00000000d7280000,0x00000000d767df90,0x00000000d7680000)
  to   space 4096K, 0% used [0x00000000d6e80000,0x00000000d6e80000,0x00000000d7280000)
 ParOldGen       total 68608K, used 6313K [0x0000000080000000, 0x0000000084300000, 0x00000000d5580000)
  object space 68608K, 9% used [0x0000000080000000,0x000000008062a720,0x0000000084300000)
 Metaspace       used 16222K, committed 16832K, reserved 1114112K
  class space    used 1725K, committed 1984K, reserved 1048576K
}
Event: 7.799 GC heap before
{Heap before GC invocations=5 (full 0):
 PSYoungGen      total 29696K, used 29687K [0x00000000d5580000, 0x00000000d7680000, 0x0000000100000000)
  eden space 25600K, 100% used [0x00000000d5580000,0x00000000d6e80000,0x00000000d6e80000)
  from space 4096K, 99% used [0x00000000d7280000,0x00000000d767df90,0x00000000d7680000)
  to   space 4096K, 0% used [0x00000000d6e80000,0x00000000d6e80000,0x00000000d7280000)
 ParOldGen       total 68608K, used 6313K [0x0000000080000000, 0x0000000084300000, 0x00000000d5580000)
  object space 68608K, 9% used [0x0000000080000000,0x000000008062a720,0x0000000084300000)
 Metaspace       used 19453K, committed 20096K, reserved 1114112K
  class space    used 1933K, committed 2176K, reserved 1048576K
}
Event: 7.806 GC heap after
{Heap after GC invocations=5 (full 0):
 PSYoungGen      total 29184K, used 4088K [0x00000000d5580000, 0x00000000d7900000, 0x0000000100000000)
  eden space 25088K, 0% used [0x00000000d5580000,0x00000000d5580000,0x00000000d6e00000)
  from space 4096K, 99% used [0x00000000d6e80000,0x00000000d727e2e8,0x00000000d7280000)
  to   space 5632K, 0% used [0x00000000d7380000,0x00000000d7380000,0x00000000d7900000)
 ParOldGen       total 68608K, used 6790K [0x0000000080000000, 0x0000000084300000, 0x00000000d5580000)
  object space 68608K, 9% used [0x0000000080000000,0x00000000806a1850,0x0000000084300000)
 Metaspace       used 19453K, committed 20096K, reserved 1114112K
  class space    used 1933K, committed 2176K, reserved 1048576K
}
Event: 8.282 GC heap before
{Heap before GC invocations=6 (full 0):
 PSYoungGen      total 29184K, used 15187K [0x00000000d5580000, 0x00000000d7900000, 0x0000000100000000)
  eden space 25088K, 44% used [0x00000000d5580000,0x00000000d6056a30,0x00000000d6e00000)
  from space 4096K, 99% used [0x00000000d6e80000,0x00000000d727e2e8,0x00000000d7280000)
  to   space 5632K, 0% used [0x00000000d7380000,0x00000000d7380000,0x00000000d7900000)
 ParOldGen       total 68608K, used 6790K [0x0000000080000000, 0x0000000084300000, 0x00000000d5580000)
  object space 68608K, 9% used [0x0000000080000000,0x00000000806a1850,0x0000000084300000)
 Metaspace       used 20872K, committed 21504K, reserved 1114112K
  class space    used 2061K, committed 2304K, reserved 1048576K
}
Event: 8.290 GC heap after
{Heap after GC invocations=6 (full 0):
 PSYoungGen      total 30208K, used 4652K [0x00000000d5580000, 0x00000000d7880000, 0x0000000100000000)
  eden space 25088K, 0% used [0x00000000d5580000,0x00000000d5580000,0x00000000d6e00000)
  from space 5120K, 90% used [0x00000000d7380000,0x00000000d780b0b8,0x00000000d7880000)
  to   space 5120K, 0% used [0x00000000d6e80000,0x00000000d6e80000,0x00000000d7380000)
 ParOldGen       total 68608K, used 6790K [0x0000000080000000, 0x0000000084300000, 0x00000000d5580000)
  object space 68608K, 9% used [0x0000000080000000,0x00000000806a1850,0x0000000084300000)
 Metaspace       used 20872K, committed 21504K, reserved 1114112K
  class space    used 2061K, committed 2304K, reserved 1048576K
}
Event: 8.290 GC heap before
{Heap before GC invocations=7 (full 1):
 PSYoungGen      total 30208K, used 4652K [0x00000000d5580000, 0x00000000d7880000, 0x0000000100000000)
  eden space 25088K, 0% used [0x00000000d5580000,0x00000000d5580000,0x00000000d6e00000)
  from space 5120K, 90% used [0x00000000d7380000,0x00000000d780b0b8,0x00000000d7880000)
  to   space 5120K, 0% used [0x00000000d6e80000,0x00000000d6e80000,0x00000000d7380000)
 ParOldGen       total 68608K, used 6790K [0x0000000080000000, 0x0000000084300000, 0x00000000d5580000)
  object space 68608K, 9% used [0x0000000080000000,0x00000000806a1850,0x0000000084300000)
 Metaspace       used 20872K, committed 21504K, reserved 1114112K
  class space    used 2061K, committed 2304K, reserved 1048576K
}
Event: 8.337 GC heap after
{Heap after GC invocations=7 (full 1):
 PSYoungGen      total 30208K, used 0K [0x00000000d5580000, 0x00000000d7880000, 0x0000000100000000)
  eden space 25088K, 0% used [0x00000000d5580000,0x00000000d5580000,0x00000000d6e00000)
  from space 5120K, 0% used [0x00000000d7380000,0x00000000d7380000,0x00000000d7880000)
  to   space 5120K, 0% used [0x00000000d6e80000,0x00000000d6e80000,0x00000000d7380000)
 ParOldGen       total 68608K, used 10811K [0x0000000080000000, 0x0000000084300000, 0x00000000d5580000)
  object space 68608K, 15% used [0x0000000080000000,0x0000000080a8ef90,0x0000000084300000)
 Metaspace       used 20859K, committed 21504K, reserved 1114112K
  class space    used 2057K, committed 2304K, reserved 1048576K
}
Event: 9.190 GC heap before
{Heap before GC invocations=8 (full 1):
 PSYoungGen      total 30208K, used 25088K [0x00000000d5580000, 0x00000000d7880000, 0x0000000100000000)
  eden space 25088K, 100% used [0x00000000d5580000,0x00000000d6e00000,0x00000000d6e00000)
  from space 5120K, 0% used [0x00000000d7380000,0x00000000d7380000,0x00000000d7880000)
  to   space 5120K, 0% used [0x00000000d6e80000,0x00000000d6e80000,0x00000000d7380000)
 ParOldGen       total 68608K, used 10811K [0x0000000080000000, 0x0000000084300000, 0x00000000d5580000)
  object space 68608K, 15% used [0x0000000080000000,0x0000000080a8ef90,0x0000000084300000)
 Metaspace       used 23129K, committed 23872K, reserved 1114112K
  class space    used 2241K, committed 2560K, reserved 1048576K
}
Event: 9.195 GC heap after
{Heap after GC invocations=8 (full 1):
 PSYoungGen      total 27648K, used 2602K [0x00000000d5580000, 0x00000000d7480000, 0x0000000100000000)
  eden space 24576K, 0% used [0x00000000d5580000,0x00000000d5580000,0x00000000d6d80000)
  from space 3072K, 84% used [0x00000000d6e80000,0x00000000d710aa50,0x00000000d7180000)
  to   space 3072K, 0% used [0x00000000d7180000,0x00000000d7180000,0x00000000d7480000)
 ParOldGen       total 68608K, used 10819K [0x0000000080000000, 0x0000000084300000, 0x00000000d5580000)
  object space 68608K, 15% used [0x0000000080000000,0x0000000080a90f90,0x0000000084300000)
 Metaspace       used 23129K, committed 23872K, reserved 1114112K
  class space    used 2241K, committed 2560K, reserved 1048576K
}
Event: 10.313 GC heap before
{Heap before GC invocations=9 (full 1):
 PSYoungGen      total 27648K, used 27178K [0x00000000d5580000, 0x00000000d7480000, 0x0000000100000000)
  eden space 24576K, 100% used [0x00000000d5580000,0x00000000d6d80000,0x00000000d6d80000)
  from space 3072K, 84% used [0x00000000d6e80000,0x00000000d710aa50,0x00000000d7180000)
  to   space 3072K, 0% used [0x00000000d7180000,0x00000000d7180000,0x00000000d7480000)
 ParOldGen       total 68608K, used 10819K [0x0000000080000000, 0x0000000084300000, 0x00000000d5580000)
  object space 68608K, 15% used [0x0000000080000000,0x0000000080a90f90,0x0000000084300000)
 Metaspace       used 26814K, committed 27648K, reserved 1114112K
  class space    used 2645K, committed 3008K, reserved 1048576K
}
Event: 10.318 GC heap after
{Heap after GC invocations=9 (full 1):
 PSYoungGen      total 27136K, used 2982K [0x00000000d5580000, 0x00000000d7480000, 0x0000000100000000)
  eden space 24064K, 0% used [0x00000000d5580000,0x00000000d5580000,0x00000000d6d00000)
  from space 3072K, 97% used [0x00000000d7180000,0x00000000d74699d0,0x00000000d7480000)
  to   space 3072K, 0% used [0x00000000d6e80000,0x00000000d6e80000,0x00000000d7180000)
 ParOldGen       total 68608K, used 12390K [0x0000000080000000, 0x0000000084300000, 0x00000000d5580000)
  object space 68608K, 18% used [0x0000000080000000,0x0000000080c199b0,0x0000000084300000)
 Metaspace       used 26814K, committed 27648K, reserved 1114112K
  class space    used 2645K, committed 3008K, reserved 1048576K
}
Event: 11.435 GC heap before
{Heap before GC invocations=10 (full 1):
 PSYoungGen      total 27136K, used 27046K [0x00000000d5580000, 0x00000000d7480000, 0x0000000100000000)
  eden space 24064K, 100% used [0x00000000d5580000,0x00000000d6d00000,0x00000000d6d00000)
  from space 3072K, 97% used [0x00000000d7180000,0x00000000d74699d0,0x00000000d7480000)
  to   space 3072K, 0% used [0x00000000d6e80000,0x00000000d6e80000,0x00000000d7180000)
 ParOldGen       total 68608K, used 12390K [0x0000000080000000, 0x0000000084300000, 0x00000000d5580000)
  object space 68608K, 18% used [0x0000000080000000,0x0000000080c199b0,0x0000000084300000)
 Metaspace       used 29927K, committed 30848K, reserved 1114112K
  class space    used 3006K, committed 3392K, reserved 1048576K
}
Event: 11.440 GC heap after
{Heap after GC invocations=10 (full 1):
 PSYoungGen      total 26624K, used 3056K [0x00000000d5580000, 0x00000000d7580000, 0x0000000100000000)
  eden space 23552K, 0% used [0x00000000d5580000,0x00000000d5580000,0x00000000d6c80000)
  from space 3072K, 99% used [0x00000000d6e80000,0x00000000d717c390,0x00000000d7180000)
  to   space 4096K, 0% used [0x00000000d7180000,0x00000000d7180000,0x00000000d7580000)
 ParOldGen       total 68608K, used 13444K [0x0000000080000000, 0x0000000084300000, 0x00000000d5580000)
  object space 68608K, 19% used [0x0000000080000000,0x0000000080d211d0,0x0000000084300000)
 Metaspace       used 29927K, committed 30848K, reserved 1114112K
  class space    used 3006K, committed 3392K, reserved 1048576K
}

Dll operation events (10 events):
Event: 0.023 Loaded shared library c:\Users\vothi\.vscode\extensions\redhat.java-1.54.0-win32-x64\jre\21.0.10-win32-x86_64\bin\java.dll
Event: 0.119 Loaded shared library c:\Users\vothi\.vscode\extensions\redhat.java-1.54.0-win32-x64\jre\21.0.10-win32-x86_64\bin\zip.dll
Event: 0.159 Loaded shared library C:\Users\vothi\.vscode\extensions\redhat.java-1.54.0-win32-x64\jre\21.0.10-win32-x86_64\bin\instrument.dll
Event: 0.169 Loaded shared library C:\Users\vothi\.vscode\extensions\redhat.java-1.54.0-win32-x64\jre\21.0.10-win32-x86_64\bin\net.dll
Event: 0.173 Loaded shared library C:\Users\vothi\.vscode\extensions\redhat.java-1.54.0-win32-x64\jre\21.0.10-win32-x86_64\bin\nio.dll
Event: 0.179 Loaded shared library C:\Users\vothi\.vscode\extensions\redhat.java-1.54.0-win32-x64\jre\21.0.10-win32-x86_64\bin\zip.dll
Event: 0.231 Loaded shared library C:\Users\vothi\.vscode\extensions\redhat.java-1.54.0-win32-x64\jre\21.0.10-win32-x86_64\bin\jimage.dll
Event: 0.363 Loaded shared library c:\Users\vothi\.vscode\extensions\redhat.java-1.54.0-win32-x64\jre\21.0.10-win32-x86_64\bin\verify.dll
Event: 3.221 Loaded shared library C:\Users\vothi\AppData\Roaming\Code\User\globalStorage\redhat.java\1.54.0\config_ss_win\org.eclipse.equinox.launcher\org.eclipse.equinox.launcher.win32.win32.x86_64_1.3.0.v20260203-2149\eclipse_11919.dll
Event: 6.203 Loaded shared library C:\Users\vothi\AppData\Local\Temp\jna-112397084\jna1259416321368288406.dll

Deoptimization events (20 events):
Event: 11.956 Thread 0x0000017219340b60 Uncommon trap: trap_request=0xffffff54 fr.pc=0x00000171c4e0e28c relative=0x0000000000004eec
Event: 11.956 Thread 0x0000017219340b60 Uncommon trap: reason=speculate_null_assert action=make_not_entrant pc=0x00000171c4e0e28c method=jdk.internal.util.ReferencedKeyMap.internKey(Ljdk/internal/util/ReferencedKeyMap;Ljava/lang/Object;)Ljava/lang/Object; @ 28 c2
Event: 11.956 Thread 0x0000017219340b60 DEOPT PACKING pc=0x00000171c4e0e28c sp=0x00000066563fdf60
Event: 11.956 Thread 0x0000017219340b60 DEOPT UNPACKING pc=0x00000171c47a6da2 sp=0x00000066563fde20 mode 2
Event: 11.958 Thread 0x00000172193404d0 Uncommon trap: trap_request=0xffffff45 fr.pc=0x00000171c4e42b64 relative=0x0000000000000884
Event: 11.958 Thread 0x00000172193404d0 Uncommon trap: reason=unstable_if action=reinterpret pc=0x00000171c4e42b64 method=java.util.concurrent.ConcurrentHashMap.addCount(JI)V @ 34 c2
Event: 11.958 Thread 0x00000172193404d0 DEOPT PACKING pc=0x00000171c4e42b64 sp=0x00000066562fd860
Event: 11.958 Thread 0x00000172193404d0 DEOPT UNPACKING pc=0x00000171c47a6da2 sp=0x00000066562fd720 mode 2
Event: 11.958 Thread 0x000001721933ea90 Uncommon trap: trap_request=0xffffff45 fr.pc=0x00000171c4d9e508 relative=0x0000000000000148
Event: 11.958 Thread 0x000001721933ea90 Uncommon trap: reason=unstable_if action=reinterpret pc=0x00000171c4d9e508 method=java.util.concurrent.ConcurrentHashMap.addCount(JI)V @ 7 c2
Event: 11.958 Thread 0x000001721933ea90 DEOPT PACKING pc=0x00000171c4d9e508 sp=0x00000066565fd4e0
Event: 11.958 Thread 0x000001721933ea90 DEOPT UNPACKING pc=0x00000171c47a6da2 sp=0x00000066565fd440 mode 2
Event: 11.964 Thread 0x0000017219340b60 Uncommon trap: trap_request=0xffffff45 fr.pc=0x00000171c4ea58c4 relative=0x0000000000000284
Event: 11.964 Thread 0x0000017219340b60 Uncommon trap: reason=unstable_if action=reinterpret pc=0x00000171c4ea58c4 method=org.eclipse.core.internal.watson.ElementTree.getElementData(Lorg/eclipse/core/runtime/IPath;)Ljava/lang/Object; @ 29 c2
Event: 11.964 Thread 0x0000017219340b60 DEOPT PACKING pc=0x00000171c4ea58c4 sp=0x00000066563fede0
Event: 11.964 Thread 0x0000017219340b60 DEOPT UNPACKING pc=0x00000171c47a6da2 sp=0x00000066563fed98 mode 2
Event: 11.991 Thread 0x0000017219341880 Uncommon trap: trap_request=0xffffff45 fr.pc=0x00000171c4d07ea0 relative=0x0000000000000100
Event: 11.991 Thread 0x0000017219341880 Uncommon trap: reason=unstable_if action=reinterpret pc=0x00000171c4d07ea0 method=java.lang.StringCoding.countPositives([BII)I @ 17 c2
Event: 11.991 Thread 0x0000017219341880 DEOPT PACKING pc=0x00000171c4d07ea0 sp=0x00000066560fe230
Event: 11.991 Thread 0x0000017219341880 DEOPT UNPACKING pc=0x00000171c47a6da2 sp=0x00000066560fe1d0 mode 2

Classes loaded (20 events):
Event: 11.942 Loading class java/util/concurrent/CancellationException
Event: 11.942 Loading class java/util/concurrent/CancellationException done
Event: 11.943 Loading class java/util/concurrent/CompletableFuture$UniAccept
Event: 11.945 Loading class java/util/concurrent/CompletableFuture$UniAccept done
Event: 11.945 Loading class java/util/concurrent/CompletableFuture$UniExceptionally
Event: 11.945 Loading class java/util/concurrent/CompletableFuture$UniExceptionally done
Event: 11.950 Loading class java/nio/file/InvalidPathException
Event: 11.950 Loading class java/nio/file/InvalidPathException done
Event: 12.077 Loading class java/nio/channels/ClosedByInterruptException
Event: 12.077 Loading class java/nio/channels/AsynchronousCloseException
Event: 12.077 Loading class java/nio/channels/ClosedChannelException
Event: 12.077 Loading class java/nio/channels/ClosedChannelException done
Event: 12.077 Loading class java/nio/channels/AsynchronousCloseException done
Event: 12.077 Loading class java/nio/channels/ClosedByInterruptException done
Event: 12.078 Loading class java/nio/file/FileSystemNotFoundException
Event: 12.078 Loading class java/nio/file/FileSystemNotFoundException done
Event: 12.078 Loading class java/nio/file/FileSystemAlreadyExistsException
Event: 12.078 Loading class java/nio/file/FileSystemAlreadyExistsException done
Event: 12.078 Loading class java/nio/file/ProviderNotFoundException
Event: 12.078 Loading class java/nio/file/ProviderNotFoundException done

Classes unloaded (7 events):
Event: 8.301 Thread 0x00000171ba0bfb60 Unloading class 0x00000171d2191400 'java/lang/invoke/LambdaForm$MH+0x00000171d2191400'
Event: 8.301 Thread 0x00000171ba0bfb60 Unloading class 0x00000171d2191000 'java/lang/invoke/LambdaForm$MH+0x00000171d2191000'
Event: 8.301 Thread 0x00000171ba0bfb60 Unloading class 0x00000171d2190c00 'java/lang/invoke/LambdaForm$MH+0x00000171d2190c00'
Event: 8.301 Thread 0x00000171ba0bfb60 Unloading class 0x00000171d2190800 'java/lang/invoke/LambdaForm$MH+0x00000171d2190800'
Event: 8.301 Thread 0x00000171ba0bfb60 Unloading class 0x00000171d2190400 'java/lang/invoke/LambdaForm$BMH+0x00000171d2190400'
Event: 8.301 Thread 0x00000171ba0bfb60 Unloading class 0x00000171d2190000 'java/lang/invoke/LambdaForm$DMH+0x00000171d2190000'
Event: 8.301 Thread 0x00000171ba0bfb60 Unloading class 0x00000171d218ec00 'java/lang/invoke/LambdaForm$DMH+0x00000171d218ec00'

Classes redefined (0 events):
No events

Internal exceptions (20 events):
Event: 10.248 Thread 0x00000172135067d0 Exception <a 'sun/nio/fs/WindowsException'{0x00000000d6c1e378}> (0x00000000d6c1e378) 
thrown [s\src\hotspot\share\prims\jni.cpp, line 520]
Event: 10.248 Thread 0x00000172135067d0 Exception <a 'sun/nio/fs/WindowsException'{0x00000000d6c1e9a8}> (0x00000000d6c1e9a8) 
thrown [s\src\hotspot\share\prims\jni.cpp, line 520]
Event: 10.249 Thread 0x00000172135067d0 Exception <a 'sun/nio/fs/WindowsException'{0x00000000d6c20020}> (0x00000000d6c20020) 
thrown [s\src\hotspot\share\prims\jni.cpp, line 520]
Event: 10.249 Thread 0x00000172135067d0 Exception <a 'sun/nio/fs/WindowsException'{0x00000000d6c20650}> (0x00000000d6c20650) 
thrown [s\src\hotspot\share\prims\jni.cpp, line 520]
Event: 10.252 Thread 0x00000172135067d0 Exception <a 'java/lang/NoSuchMethodError'{0x00000000d6c349c0}: 'void java.lang.invoke.DirectMethodHandle$Holder.invokeVirtual(java.lang.Object, java.lang.Object, java.lang.Object, java.lang.Object)'> (0x00000000d6c349c0) 
thrown [s\src\hotspot\share\interpreter\linkResolver.cpp, line 773]
Event: 10.627 Thread 0x00000172135067d0 Exception <a 'java/io/FileNotFoundException'{0x00000000d5afc460}> (0x00000000d5afc460) 
thrown [s\src\hotspot\share\prims\jni.cpp, line 520]
Event: 10.628 Thread 0x00000172135067d0 Exception <a 'java/io/FileNotFoundException'{0x00000000d5afda10}> (0x00000000d5afda10) 
thrown [s\src\hotspot\share\prims\jni.cpp, line 520]
Event: 10.629 Thread 0x00000172135067d0 Exception <a 'java/lang/NoSuchMethodError'{0x00000000d5b47df8}: 'java.lang.Object java.lang.invoke.DirectMethodHandle$Holder.newInvokeSpecial(java.lang.Object, java.lang.Object, java.lang.Object, int)'> (0x00000000d5b47df8) 
thrown [s\src\hotspot\share\interpreter\linkResolver.cpp, line 773]
Event: 10.639 Thread 0x00000172135067d0 Exception <a 'java/lang/NoSuchMethodError'{0x00000000d5b4bf08}: 'java.lang.Object java.lang.invoke.DirectMethodHandle$Holder.invokeSpecial(java.lang.Object, java.lang.Object, java.lang.Object, java.lang.Object, int)'> (0x00000000d5b4bf08) 
thrown [s\src\hotspot\share\interpreter\linkResolver.cpp, line 773]
Event: 10.641 Thread 0x00000172135067d0 Exception <a 'java/lang/NoSuchMethodError'{0x00000000d5b4f3a0}: 'java.lang.Object java.lang.invoke.Invokers$Holder.linkToTargetMethod(java.lang.Object, java.lang.Object, int, java.lang.Object)'> (0x00000000d5b4f3a0) 
thrown [s\src\hotspot\share\interpreter\linkResolver.cpp, line 773]
Event: 10.654 Thread 0x00000172135067d0 Exception <a 'java/lang/NoSuchMethodError'{0x00000000d5b99388}: 'void java.lang.invoke.DirectMethodHandle$Holder.invokeStaticInit(java.lang.Object, java.lang.Object, java.lang.Object)'> (0x00000000d5b99388) 
thrown [s\src\hotspot\share\interpreter\linkResolver.cpp, line 773]
Event: 10.851 Thread 0x00000171ba01ed40 Exception <a 'java/lang/NoSuchMethodError'{0x00000000d6074d88}: 'void java.lang.invoke.DirectMethodHandle$Holder.invokeSpecial(java.lang.Object, java.lang.Object, java.lang.Object, java.lang.Object, java.lang.Object, java.lang.Object)'> (0x00000000d6074d88) 
thrown [s\src\hotspot\share\interpreter\linkResolver.cpp, line 773]
Event: 10.854 Thread 0x00000171ba01ed40 Exception <a 'java/lang/IncompatibleClassChangeError'{0x00000000d607cc78}: Found class java.lang.Object, but interface was expected> (0x00000000d607cc78) 
thrown [s\src\hotspot\share\interpreter\linkResolver.cpp, line 840]
Event: 10.855 Thread 0x00000171ba01ed40 Exception <a 'java/lang/IncompatibleClassChangeError'{0x00000000d607ea28}: Found class java.lang.Object, but interface was expected> (0x00000000d607ea28) 
thrown [s\src\hotspot\share\interpreter\linkResolver.cpp, line 840]
Event: 11.279 Thread 0x0000017219341880 Exception <a 'java/lang/NoSuchMethodError'{0x00000000d66171b0}: 'java.lang.Object java.lang.invoke.DirectMethodHandle$Holder.invokeInterface(java.lang.Object, java.lang.Object, java.lang.Object)'> (0x00000000d66171b0) 
thrown [s\src\hotspot\share\interpreter\linkResolver.cpp, line 773]
Event: 11.362 Thread 0x0000017219341880 Exception <a 'java/io/FileNotFoundException'{0x00000000d66baf08}> (0x00000000d66baf08) 
thrown [s\src\hotspot\share\prims\jni.cpp, line 520]
Event: 11.418 Thread 0x0000017219341880 Exception <a 'sun/nio/fs/WindowsException'{0x00000000d6c94630}> (0x00000000d6c94630) 
thrown [s\src\hotspot\share\prims\jni.cpp, line 520]
Event: 11.682 Thread 0x0000017219341880 Exception <a 'java/lang/IncompatibleClassChangeError'{0x00000000d5918430}: Found class java.lang.Object, but interface was expected> (0x00000000d5918430) 
thrown [s\src\hotspot\share\interpreter\linkResolver.cpp, line 840]
Event: 11.823 Thread 0x0000017219341880 Implicit null exception at 0x00000171c4ea3fec to 0x00000171c4ea4be8
Event: 11.903 Thread 0x0000017219341880 Exception <a 'java/lang/IncompatibleClassChangeError'{0x00000000d59af2f0}: Found class java.lang.Object, but interface was expected> (0x00000000d59af2f0) 
thrown [s\src\hotspot\share\interpreter\linkResolver.cpp, line 840]

ZGC Phase Switch (0 events):
No events

VM Operations (20 events):
Event: 8.282 Executing safepoint VM operation: CollectForMetadataAllocation (Metadata GC Threshold)
Event: 8.337 Executing safepoint VM operation: CollectForMetadataAllocation (Metadata GC Threshold) done
Event: 9.190 Executing safepoint VM operation: ParallelGCFailedAllocation (Allocation Failure)
Event: 9.195 Executing safepoint VM operation: ParallelGCFailedAllocation (Allocation Failure) done
Event: 9.280 Executing non-safepoint VM operation: HandshakeAllThreads (Deoptimize)
Event: 9.280 Executing non-safepoint VM operation: HandshakeAllThreads (Deoptimize) done
Event: 9.410 Executing non-safepoint VM operation: HandshakeAllThreads (Deoptimize)
Event: 9.410 Executing non-safepoint VM operation: HandshakeAllThreads (Deoptimize) done
Event: 9.746 Executing non-safepoint VM operation: HandshakeAllThreads (Deoptimize)
Event: 9.746 Executing non-safepoint VM operation: HandshakeAllThreads (Deoptimize) done
Event: 10.312 Executing safepoint VM operation: ParallelGCFailedAllocation (Allocation Failure)
Event: 10.318 Executing safepoint VM operation: ParallelGCFailedAllocation (Allocation Failure) done
Event: 11.326 Executing safepoint VM operation: Cleanup
Event: 11.326 Executing safepoint VM operation: Cleanup done
Event: 11.330 Executing non-safepoint VM operation: HandshakeAllThreads (Deoptimize)
Event: 11.330 Executing non-safepoint VM operation: HandshakeAllThreads (Deoptimize) done
Event: 11.435 Executing safepoint VM operation: ParallelGCFailedAllocation (Allocation Failure)
Event: 11.440 Executing safepoint VM operation: ParallelGCFailedAllocation (Allocation Failure) done
Event: 11.469 Executing non-safepoint VM operation: HandshakeAllThreads (Deoptimize)
Event: 11.470 Executing non-safepoint VM operation: HandshakeAllThreads (Deoptimize) done

Memory protections (0 events):
No events

Nmethod flushes (0 events):
No events

Events (20 events):
Event: 10.063 Thread 0x00000171ba01ed40 Thread added: 0x0000017213504700
Event: 10.069 Thread 0x00000171ba01ed40 Thread added: 0x0000017213504070
Event: 10.070 Thread 0x00000171ba01ed40 Thread added: 0x0000017213506140
Event: 10.070 Thread 0x00000171ba01ed40 Thread added: 0x00000172135039e0
Event: 10.070 Thread 0x00000171ba01ed40 Thread added: 0x0000017213504d90
Event: 10.070 Thread 0x00000171ba01ed40 Thread added: 0x0000017213505420
Event: 10.070 Thread 0x00000171ba01ed40 Thread added: 0x0000017213505ab0
Event: 10.070 Thread 0x00000171ba01ed40 Thread added: 0x000001721933e400
Event: 10.170 Thread 0x00000171ba01ed40 Thread added: 0x00000172193411f0
Event: 10.369 Thread 0x000001721821b420 Thread added: 0x000001721933f120
Event: 10.891 Thread 0x00000171ba01ed40 Thread added: 0x000001721933f7b0
Event: 10.892 Thread 0x00000171ba01ed40 Thread added: 0x0000017219341880
Event: 11.943 Thread 0x0000017219341880 Thread added: 0x000001721933fe40
Event: 11.947 Thread 0x0000017219341880 Thread added: 0x00000172193404d0
Event: 11.949 Thread 0x0000017219341880 Thread added: 0x0000017219340b60
Event: 11.951 Thread 0x0000017219341880 Thread added: 0x0000017219341f10
Event: 11.956 Thread 0x0000017219341880 Thread added: 0x000001721933ea90
Event: 11.959 Thread 0x0000017219341880 Thread added: 0x0000017219344670
Event: 11.968 Thread 0x00000171d0a9c1c0 Thread added: 0x0000017218589680
Event: 11.969 Thread 0x0000017219341880 Thread added: 0x0000017219342c30


Dynamic libraries:
0x00007ff6b2850000 - 0x00007ff6b285e000 	c:\Users\vothi\.vscode\extensions\redhat.java-1.54.0-win32-x64\jre\21.0.10-win32-x86_64\bin\java.exe
0x00007ffc1a440000 - 0x00007ffc1a6a7000 	C:\WINDOWS\SYSTEM32\ntdll.dll
0x00007ffc198d0000 - 0x00007ffc19999000 	C:\WINDOWS\System32\KERNEL32.DLL
0x00007ffc17be0000 - 0x00007ffc17fd4000 	C:\WINDOWS\System32\KERNELBASE.dll
0x00007ffc179d0000 - 0x00007ffc17b1b000 	C:\WINDOWS\System32\ucrtbase.dll
0x00007ffc08670000 - 0x00007ffc08688000 	c:\Users\vothi\.vscode\extensions\redhat.java-1.54.0-win32-x64\jre\21.0.10-win32-x86_64\bin\jli.dll
0x00007ffc1a090000 - 0x00007ffc1a255000 	C:\WINDOWS\System32\USER32.dll
0x00007ffc17fe0000 - 0x00007ffc18007000 	C:\WINDOWS\System32\win32u.dll
0x00007ffc18fd0000 - 0x00007ffc18ffb000 	C:\WINDOWS\System32\GDI32.dll
0x00007ffc180a0000 - 0x00007ffc181ca000 	C:\WINDOWS\System32\gdi32full.dll
0x00007ffc17920000 - 0x00007ffc179c3000 	C:\WINDOWS\System32\msvcp_win.dll
0x00007ffbfa9e0000 - 0x00007ffbfa9fe000 	c:\Users\vothi\.vscode\extensions\redhat.java-1.54.0-win32-x64\jre\21.0.10-win32-x86_64\bin\VCRUNTIME140.dll
0x00007ffbee710000 - 0x00007ffbee9a3000 	C:\WINDOWS\WinSxS\amd64_microsoft.windows.common-controls_6595b64144ccf1df_6.0.26100.8115_none_3e075c82e3354f9c\COMCTL32.dll
0x00007ffc19670000 - 0x00007ffc19719000 	C:\WINDOWS\System32\msvcrt.dll
0x00007ffc18390000 - 0x00007ffc183c2000 	C:\WINDOWS\System32\IMM32.DLL
0x00007ffbf88a0000 - 0x00007ffbf88ac000 	c:\Users\vothi\.vscode\extensions\redhat.java-1.54.0-win32-x64\jre\21.0.10-win32-x86_64\bin\vcruntime140_1.dll
0x00007ffb9d1c0000 - 0x00007ffb9d24d000 	c:\Users\vothi\.vscode\extensions\redhat.java-1.54.0-win32-x64\jre\21.0.10-win32-x86_64\bin\msvcp140.dll
0x00007ffb23f10000 - 0x00007ffb24cb1000 	c:\Users\vothi\.vscode\extensions\redhat.java-1.54.0-win32-x64\jre\21.0.10-win32-x86_64\bin\server\jvm.dll
0x00007ffc1a340000 - 0x00007ffc1a3f6000 	C:\WINDOWS\System32\ADVAPI32.dll
0x00007ffc1a260000 - 0x00007ffc1a307000 	C:\WINDOWS\System32\sechost.dll
0x00007ffc181d0000 - 0x00007ffc182e8000 	C:\WINDOWS\System32\RPCRT4.dll
0x00007ffc18b40000 - 0x00007ffc18bc0000 	C:\WINDOWS\System32\WS2_32.dll
0x00007ffc0ead0000 - 0x00007ffc0eb06000 	C:\WINDOWS\SYSTEM32\WINMM.dll
0x00007ffc16b70000 - 0x00007ffc16bce000 	C:\WINDOWS\SYSTEM32\POWRPROF.dll
0x00007ffc0ea10000 - 0x00007ffc0ea1b000 	C:\WINDOWS\SYSTEM32\VERSION.dll
0x00007ffc16b50000 - 0x00007ffc16b64000 	C:\WINDOWS\SYSTEM32\UMPDC.dll
0x00007ffc15aa0000 - 0x00007ffc15abb000 	C:\WINDOWS\SYSTEM32\kernel.appcore.dll
0x00007ffbf8890000 - 0x00007ffbf889a000 	c:\Users\vothi\.vscode\extensions\redhat.java-1.54.0-win32-x64\jre\21.0.10-win32-x86_64\bin\jimage.dll
0x00007ffc0fd00000 - 0x00007ffc0ff42000 	C:\WINDOWS\SYSTEM32\DBGHELP.DLL
0x00007ffc19cf0000 - 0x00007ffc1a072000 	C:\WINDOWS\System32\combase.dll
0x00007ffc197f0000 - 0x00007ffc198c7000 	C:\WINDOWS\System32\OLEAUT32.dll
0x00007ffbef2e0000 - 0x00007ffbef31b000 	C:\WINDOWS\SYSTEM32\dbgcore.DLL
0x00007ffc17580000 - 0x00007ffc17625000 	C:\WINDOWS\System32\bcryptPrimitives.dll
0x00007ffbcf840000 - 0x00007ffbcf84f000 	c:\Users\vothi\.vscode\extensions\redhat.java-1.54.0-win32-x64\jre\21.0.10-win32-x86_64\bin\instrument.dll
0x00007ffbd8b70000 - 0x00007ffbd8b90000 	c:\Users\vothi\.vscode\extensions\redhat.java-1.54.0-win32-x64\jre\21.0.10-win32-x86_64\bin\java.dll
0x00007ffc183d0000 - 0x00007ffc18b36000 	C:\WINDOWS\System32\SHELL32.dll
0x00007ffc17630000 - 0x00007ffc1779a000 	C:\WINDOWS\System32\wintypes.dll
0x00007ffc16d10000 - 0x00007ffc17575000 	C:\WINDOWS\System32\windows.storage.dll
0x00007ffc18d30000 - 0x00007ffc18e27000 	C:\WINDOWS\System32\SHCORE.dll
0x00007ffc19ba0000 - 0x00007ffc19c06000 	C:\WINDOWS\System32\shlwapi.dll
0x00007ffc16c30000 - 0x00007ffc16c59000 	C:\WINDOWS\SYSTEM32\profapi.dll
0x00007ffbd8770000 - 0x00007ffbd8788000 	c:\Users\vothi\.vscode\extensions\redhat.java-1.54.0-win32-x64\jre\21.0.10-win32-x86_64\bin\zip.dll
0x00007ffbd59d0000 - 0x00007ffbd59e0000 	C:\Users\vothi\.vscode\extensions\redhat.java-1.54.0-win32-x64\jre\21.0.10-win32-x86_64\bin\net.dll
0x00007ffc10bf0000 - 0x00007ffc10d1d000 	C:\WINDOWS\SYSTEM32\WINHTTP.dll
0x00007ffc16010000 - 0x00007ffc1607c000 	C:\WINDOWS\system32\mswsock.dll
0x00007ffbcf860000 - 0x00007ffbcf876000 	C:\Users\vothi\.vscode\extensions\redhat.java-1.54.0-win32-x64\jre\21.0.10-win32-x86_64\bin\nio.dll
0x00007ffbccdc0000 - 0x00007ffbccdd0000 	c:\Users\vothi\.vscode\extensions\redhat.java-1.54.0-win32-x64\jre\21.0.10-win32-x86_64\bin\verify.dll
0x00007ffbc48b0000 - 0x00007ffbc48f5000 	C:\Users\vothi\AppData\Roaming\Code\User\globalStorage\redhat.java\1.54.0\config_ss_win\org.eclipse.equinox.launcher\org.eclipse.equinox.launcher.win32.win32.x86_64_1.3.0.v20260203-2149\eclipse_11919.dll
0x00007ffc18e30000 - 0x00007ffc18fc7000 	C:\WINDOWS\System32\ole32.dll
0x00007ffc162f0000 - 0x00007ffc1630b000 	C:\WINDOWS\SYSTEM32\CRYPTSP.dll
0x00007ffc15a00000 - 0x00007ffc15a39000 	C:\WINDOWS\system32\rsaenh.dll
0x00007ffc160c0000 - 0x00007ffc160f3000 	C:\WINDOWS\SYSTEM32\USERENV.dll
0x00007ffc16c00000 - 0x00007ffc16c2a000 	C:\WINDOWS\SYSTEM32\bcrypt.dll
0x00007ffc16310000 - 0x00007ffc1631c000 	C:\WINDOWS\SYSTEM32\CRYPTBASE.dll
0x00007ffc15510000 - 0x00007ffc15542000 	C:\WINDOWS\SYSTEM32\IPHLPAPI.DLL
0x00007ffc19a70000 - 0x00007ffc19a7a000 	C:\WINDOWS\System32\NSI.dll
0x00007ffb9cfe0000 - 0x00007ffb9d029000 	C:\Users\vothi\AppData\Local\Temp\jna-112397084\jna1259416321368288406.dll
0x00007ffc197e0000 - 0x00007ffc197e8000 	C:\WINDOWS\System32\PSAPI.DLL
0x00007ffc10fe0000 - 0x00007ffc10ffd000 	C:\WINDOWS\SYSTEM32\dhcpcsvc6.DLL
0x00007ffc10fb0000 - 0x00007ffc10fd5000 	C:\WINDOWS\SYSTEM32\dhcpcsvc.DLL

JVMTI agents:
c:\Users\vothi\.vscode\extensions\redhat.java-1.54.0-win32-x64\lombok\lombok-1.18.39-4050.jar path:c:\Users\vothi\.vscode\extensions\redhat.java-1.54.0-win32-x64\jre\21.0.10-win32-x86_64\bin\instrument.dll, loaded, initialized, instrumentlib options:none

dbghelp: loaded successfully - version: 4.0.5 - missing functions: none
symbol engine: initialized successfully - sym options: 0x614 - pdb path: .;c:\Users\vothi\.vscode\extensions\redhat.java-1.54.0-win32-x64\jre\21.0.10-win32-x86_64\bin;C:\WINDOWS\SYSTEM32;C:\WINDOWS\WinSxS\amd64_microsoft.windows.common-controls_6595b64144ccf1df_6.0.26100.8115_none_3e075c82e3354f9c;c:\Users\vothi\.vscode\extensions\redhat.java-1.54.0-win32-x64\jre\21.0.10-win32-x86_64\bin\server;C:\Users\vothi\AppData\Roaming\Code\User\globalStorage\redhat.java\1.54.0\config_ss_win\org.eclipse.equinox.launcher\org.eclipse.equinox.launcher.win32.win32.x86_64_1.3.0.v20260203-2149;C:\Users\vothi\AppData\Local\Temp\jna-112397084

VM Arguments:
jvm_args: --add-modules=ALL-SYSTEM --add-opens=java.base/java.util=ALL-UNNAMED --add-opens=java.base/java.lang=ALL-UNNAMED --add-opens=java.base/sun.nio.fs=ALL-UNNAMED -Declipse.application=org.eclipse.jdt.ls.core.id1 -Dosgi.bundles.defaultStartLevel=4 -Declipse.product=org.eclipse.jdt.ls.core.product -Djava.import.generatesMetadataFilesAtProjectRoot=false -DDetectVMInstallationsJob.disabled=true -Dfile.encoding=utf8 -XX:+UseParallelGC -XX:GCTimeRatio=4 -XX:AdaptiveSizePolicyWeight=90 -Dsun.zip.disableMemoryMapping=true -Xmx2G -Xms100m -Xlog:disable -javaagent:c:\Users\vothi\.vscode\extensions\redhat.java-1.54.0-win32-x64\lombok\lombok-1.18.39-4050.jar 
java_command: c:\Users\vothi\.vscode\extensions\redhat.java-1.54.0-win32-x64\server\plugins\org.eclipse.equinox.launcher_1.7.100.v20251111-0406.jar -configuration c:\Users\vothi\AppData\Roaming\Code\User\globalStorage\redhat.java\1.54.0\config_ss_win -data c:\Users\vothi\AppData\Roaming\Code\User\workspaceStorage\e2ec343072c3df4871035c3780abb845\redhat.java\ss_ws --pipe=\\.\pipe\lsp-33a52ffe4248332f4b811a83914bfcef-sock
java_class_path (initial): c:\Users\vothi\.vscode\extensions\redhat.java-1.54.0-win32-x64\server\plugins\org.eclipse.equinox.launcher_1.7.100.v20251111-0406.jar
Launcher Type: SUN_STANDARD

[Global flags]
    uintx AdaptiveSizePolicyWeight                 = 90                                        {product} {command line}
     intx CICompilerCount                          = 4                                         {product} {ergonomic}
    uintx GCTimeRatio                              = 4                                         {product} {command line}
   size_t InitialHeapSize                          = 104857600                                 {product} {command line}
   size_t MaxHeapSize                              = 2147483648                                {product} {command line}
   size_t MaxNewSize                               = 715653120                                 {product} {ergonomic}
   size_t MinHeapDeltaBytes                        = 524288                                    {product} {ergonomic}
   size_t MinHeapSize                              = 104857600                                 {product} {command line}
   size_t NewSize                                  = 34603008                                  {product} {ergonomic}
    uintx NonNMethodCodeHeapSize                   = 5839372                                {pd product} {ergonomic}
    uintx NonProfiledCodeHeapSize                  = 122909434                              {pd product} {ergonomic}
   size_t OldSize                                  = 70254592                                  {product} {ergonomic}
    uintx ProfiledCodeHeapSize                     = 122909434                              {pd product} {ergonomic}
    uintx ReservedCodeCacheSize                    = 251658240                              {pd product} {ergonomic}
     bool SegmentedCodeCache                       = true                                      {product} {ergonomic}
   size_t SoftMaxHeapSize                          = 2147483648                             {manageable} {ergonomic}
     bool UseCompressedOops                        = true                           {product lp64_product} {ergonomic}
     bool UseLargePagesIndividualAllocation        = false                                  {pd product} {ergonomic}
     bool UseParallelGC                            = true                                      {product} {command line}

Logging:
Log output configuration:
 #0: stdout all=off uptime,level,tags foldmultilines=false
 #1: stderr all=off uptime,level,tags foldmultilines=false

Release file:
JAVA_VERSION="21.0.10" 
MODULES="java.base java.compiler java.datatransfer java.xml java.prefs java.desktop java.instrument java.logging java.management java.security.sasl java.naming java.rmi java.management.rmi java.net.http java.scripting java.security.jgss java.transaction.xa java.sql java.sql.rowset java.xml.crypto java.se java.smartcardio jdk.accessibility jdk.internal.jvmstat jdk.attach jdk.charsets jdk.internal.opt jdk.zipfs jdk.compiler jdk.crypto.ec jdk.crypto.cryptoki jdk.crypto.mscapi jdk.dynalink jdk.internal.ed jdk.editpad jdk.hotspot.agent jdk.httpserver jdk.internal.le jdk.internal.vm.ci jdk.internal.vm.compiler jdk.internal.vm.compiler.management jdk.jartool jdk.javadoc jdk.jcmd jdk.management jdk.management.agent jdk.jconsole jdk.jdeps jdk.jdwp.agent jdk.jdi jdk.jfr jdk.jshell jdk.jsobject jdk.jstatd jdk.localedata jdk.management.jfr jdk.naming.dns jdk.naming.rmi jdk.net jdk.nio.mapmode jdk.random jdk.sctp jdk.security.auth jdk.security.jgss jdk.unsupported jdk.unsupported.desktop jdk.xml.dom" 

Environment Variables:
JAVA_HOME=C:\Program Files\Java\jdk-17
PATH=C:\Program Files\Common Files\Oracle\Java\javapath;C:\Program Files\Microsoft\jdk-11.0.16.101-hotspot\bin;C:\WINDOWS\system32;C:\WINDOWS;C:\WINDOWS\System32\Wbem;C:\WINDOWS\System32\WindowsPowerShell\v1.0\;C:\WINDOWS\System32\OpenSSH\;C:\Program Files\Git\cmd;C:\Program Files (x86)\Microsoft SQL Server\160\Tools\Binn\;C:\Program Files\Microsoft SQL Server\160\Tools\Binn\;C:\Program Files\Microsoft SQL Server\Client SDK\ODBC\170\Tools\Binn\;C:\Program Files\Microsoft SQL Server\160\DTS\Binn\;C:\Users\vothi\Downloads\mingw-w64-v11.0.0.zip\mingw-w64-v11.0.0;C:\Program Files\PuTTY\;C:\Program Files\Java\jdk-17\bin;C:\Program Files\nodejs\;D:\wamp\bin\php\php8.3.14;D:\maven\apache-maven-3.9.11\bin;C:\Program Files\Docker\Docker\resources\bin;C:\ProgramData\ComposerSetup\bin;C:\Program Files (x86)\ComposerSetup;C:\Program Files\PostgreSQL\18\bin;E:\cursor\resources\app\bin;C:\Program Files\qemu;C:\msys64\mingw64\bin;D:\Sdk_andr\emulator;D:\Sdk_andr\platform-tools;E:\FlutterSDK\flutter\bin;C:\Users\vothi\AppData\Local\Programs\Python\Launcher\;C:\Users\vothi\AppData\Local\Microsoft\WindowsApps;C:\Users\vothi\AppData\Local\GitHubDesktop\bin;C:\Users\vothi\AppData\Local\Programs\Microsoft VS Code\bin;C:\msys64\ucrt64\bin;D:\Software\node_modules\npm\node_modules\@npmcli\arborist\lib\node.js;C:\Program Files\nodejs\;D:\IntelliJ IDEA Community Edition 2025.1.3\bin;;C:\Users\vothi\AppData\Roaming\npm;C:\Users\vothi\AppData\Roaming\Composer\vendor\bin;D:\IntelliJ IDEA 2025.3.3\bin;D:\app\Antigravity\bin
USERNAME=vothi
OS=Windows_NT
PROCESSOR_IDENTIFIER=Intel64 Family 6 Model 140 Stepping 1, GenuineIntel
TMP=C:\Users\vothi\AppData\Local\Temp
TEMP=C:\Users\vothi\AppData\Local\Temp




Periodic native trim disabled

---------------  S Y S T E M  ---------------

OS:
 Windows 11 , 64 bit Build 26100 (10.0.26100.8115)
OS uptime: 0 days 2:00 hours
Hyper-V role detected

CPU: total 8 (initial active 8) (4 cores per cpu, 2 threads per core) family 6 model 140 stepping 1 microcode 0xbc, cx8, cmov, fxsr, ht, mmx, 3dnowpref, sse, sse2, sse3, ssse3, sse4.1, sse4.2, popcnt, lzcnt, tsc, tscinvbit, avx, avx2, aes, erms, clmul, bmi1, bmi2, adx, avx512f, avx512dq, avx512cd, avx512bw, avx512vl, sha, fma, vzeroupper, avx512_vpopcntdq, avx512_vpclmulqdq, avx512_vaes, avx512_vnni, clflush, clflushopt, clwb, avx512_vbmi2, avx512_vbmi, hv, rdtscp, rdpid, fsrm, gfni, avx512_bitalg, f16c, cet_ibt, cet_ss, avx512_ifma
Processor Information for the first 8 processors :
  Max Mhz: 2419, Current Mhz: 2419, Mhz Limit: 2419

Memory: 4k page, system-wide physical 16100M (1794M free)
TotalPageFile size 27487M (AvailPageFile size 0M)
current process WorkingSet (physical memory assigned to process): 158M, peak: 164M
current process commit charge ("private bytes"): 286M, peak: 296M

vm_info: OpenJDK 64-Bit Server VM (21.0.10+7-LTS) for windows-amd64 JRE (21.0.10+7-LTS), built on 2026-01-20T00:00:00Z by "admin" with MS VC++ 17.12 (VS2022)

END.
