#
# There is insufficient memory for the Java Runtime Environment to continue.
# Native memory allocation (malloc) failed to allocate 1090096 bytes. Error detail: Chunk::new
# Possible reasons:
#   The system is out of physical RAM or swap space
#   This process is running with CompressedOops enabled, and the Java Heap may be blocking the growth of the native heap
# Possible solutions:
#   Reduce memory load on the system
#   Increase physical memory or swap space
#   Check if swap backing store is full
#   Decrease Java heap size (-Xmx/-Xms)
#   Decrease number of Java threads
#   Decrease Java thread stack sizes (-Xss)
#   Set larger code cache with -XX:ReservedCodeCacheSize=
#   JVM is running with Unscaled Compressed Oops mode in which the Java heap is
#     placed in the first 4GB address space. The Java Heap base address is the
#     maximum limit for the native heap growth. Please use -XX:HeapBaseMinAddress
#     to set the Java Heap base and to place the Java Heap above 4GB virtual address.
# This output file may be truncated or incomplete.
#
#  Out of Memory Error (arena.cpp:168), pid=12764, tid=23012
#
# JRE version: OpenJDK Runtime Environment Temurin-21.0.10+7 (21.0.10+7) (build 21.0.10+7-LTS)
# Java VM: OpenJDK 64-Bit Server VM Temurin-21.0.10+7 (21.0.10+7-LTS, mixed mode, sharing, tiered, compressed oops, compressed class ptrs, parallel gc, windows-amd64)
# No core dump will be written. Minidumps are not enabled by default on client versions of Windows
#

---------------  S U M M A R Y ------------

Command Line: --add-modules=ALL-SYSTEM --add-opens=java.base/java.util=ALL-UNNAMED --add-opens=java.base/java.lang=ALL-UNNAMED --add-opens=java.base/sun.nio.fs=ALL-UNNAMED -Declipse.application=org.eclipse.jdt.ls.core.id1 -Dosgi.bundles.defaultStartLevel=4 -Declipse.product=org.eclipse.jdt.ls.core.product -Djava.import.generatesMetadataFilesAtProjectRoot=false -DDetectVMInstallationsJob.disabled=true -Dfile.encoding=utf8 -XX:+UseParallelGC -XX:GCTimeRatio=4 -XX:AdaptiveSizePolicyWeight=90 -Dsun.zip.disableMemoryMapping=true -Xmx2G -Xms100m -Xlog:disable -javaagent:c:\Users\vothi\.vscode\extensions\redhat.java-1.54.0-win32-x64\lombok\lombok-1.18.39-4050.jar -XX:+HeapDumpOnOutOfMemoryError -XX:HeapDumpPath=c:\Users\vothi\AppData\Roaming\Code\User\workspaceStorage\e2ec343072c3df4871035c3780abb845\redhat.java -Daether.dependencyCollector.impl=bf c:\Users\vothi\.vscode\extensions\redhat.java-1.54.0-win32-x64\server\plugins\org.eclipse.equinox.launcher_1.7.100.v20251111-0406.jar -configuration c:\Users\vothi\AppData\Roaming\Code\User\globalStorage\redhat.java\1.54.0\config_win -data c:\Users\vothi\AppData\Roaming\Code\User\workspaceStorage\e2ec343072c3df4871035c3780abb845\redhat.java\jdt_ws --pipe=\\.\pipe\lsp-cb6c7be6b7514b55e3a81ded02099a84-sock

Host: 11th Gen Intel(R) Core(TM) i5-1135G7 @ 2.40GHz, 8 cores, 15G,  Windows 11 , 64 bit Build 26100 (10.0.26100.8115)
Time: Sat Jun 20 16:16:06 2026 SE Asia Standard Time elapsed time: 5.793627 seconds (0d 0h 0m 5s)

---------------  T H R E A D  ---------------

Current thread (0x000002861623dbd0):  JavaThread "C2 CompilerThread1" daemon [_thread_in_native, id=23012, stack(0x000000fc59d00000,0x000000fc59e00000) (1024K)]


Current CompileTask:
C2:5793 4192       4       org.eclipse.osgi.internal.serviceregistry.ServiceRegistry::notifyHooksPrivileged (57 bytes)

Stack: [0x000000fc59d00000,0x000000fc59e00000]
Native frames: (J=compiled Java code, j=interpreted, Vv=VM code, C=native code)
V  [jvm.dll+0x6d7a39]
V  [jvm.dll+0x8b4b26]
V  [jvm.dll+0x8b70de]
V  [jvm.dll+0x8b77c3]
V  [jvm.dll+0x284346]
V  [jvm.dll+0xc66ed]
V  [jvm.dll+0xc6c31]
V  [jvm.dll+0x3bec01]
V  [jvm.dll+0x38b162]
V  [jvm.dll+0x38a5aa]
V  [jvm.dll+0x24c560]
V  [jvm.dll+0x24bb40]
V  [jvm.dll+0x1cb34e]
V  [jvm.dll+0x25b85d]
V  [jvm.dll+0x259dea]
V  [jvm.dll+0x3f857e]
V  [jvm.dll+0x85f59d]
V  [jvm.dll+0x6d626d]
C  [ucrtbase.dll+0x37b0]
C  [KERNEL32.DLL+0x2e8d7]
C  [ntdll.dll+0x8c3fc]


---------------  P R O C E S S  ---------------

Threads class SMR info:
_java_thread_list=0x0000028616cf8b50, length=24, elements={
0x00000285b7301dc0, 0x00000285b73ba4d0, 0x00000285b73bb550, 0x00000285cdd7e760,
0x00000285cdd7c690, 0x00000285cdd7edf0, 0x00000285cdd7d3b0, 0x00000285cdd9b620,
0x00000285cdd9d620, 0x00000285cdd7da40, 0x00000285cdd7f480, 0x00000285cdd7cd20,
0x00000285cdd7e0d0, 0x00000285cdd7c000, 0x00000286109ddd10, 0x00000286109df750,
0x00000286109dc2d0, 0x00000286109de3a0, 0x00000286109dd680, 0x00000286109dc960,
0x00000286109dcff0, 0x000002861623dbd0, 0x000002861623c090, 0x0000028616aa3d10
}

Java Threads: ( => current thread )
  0x00000285b7301dc0 JavaThread "main"                              [_thread_blocked, id=21196, stack(0x000000fc57e00000,0x000000fc57f00000) (1024K)]
  0x00000285b73ba4d0 JavaThread "Reference Handler"          daemon [_thread_blocked, id=20708, stack(0x000000fc58200000,0x000000fc58300000) (1024K)]
  0x00000285b73bb550 JavaThread "Finalizer"                  daemon [_thread_blocked, id=18676, stack(0x000000fc58300000,0x000000fc58400000) (1024K)]
  0x00000285cdd7e760 JavaThread "Signal Dispatcher"          daemon [_thread_blocked, id=16700, stack(0x000000fc58400000,0x000000fc58500000) (1024K)]
  0x00000285cdd7c690 JavaThread "Attach Listener"            daemon [_thread_blocked, id=22512, stack(0x000000fc58500000,0x000000fc58600000) (1024K)]
  0x00000285cdd7edf0 JavaThread "Service Thread"             daemon [_thread_blocked, id=22936, stack(0x000000fc58600000,0x000000fc58700000) (1024K)]
  0x00000285cdd7d3b0 JavaThread "Monitor Deflation Thread"   daemon [_thread_blocked, id=22932, stack(0x000000fc58700000,0x000000fc58800000) (1024K)]
  0x00000285cdd9b620 JavaThread "C2 CompilerThread0"         daemon [_thread_in_native, id=22928, stack(0x000000fc58800000,0x000000fc58900000) (1024K)]
  0x00000285cdd9d620 JavaThread "C1 CompilerThread0"         daemon [_thread_blocked, id=22948, stack(0x000000fc58900000,0x000000fc58a00000) (1024K)]
  0x00000285cdd7da40 JavaThread "Common-Cleaner"             daemon [_thread_blocked, id=22952, stack(0x000000fc58a00000,0x000000fc58b00000) (1024K)]
  0x00000285cdd7f480 JavaThread "Notification Thread"        daemon [_thread_blocked, id=22920, stack(0x000000fc58c00000,0x000000fc58d00000) (1024K)]
  0x00000285cdd7cd20 JavaThread "Active Thread: Equinox Container: 9987a77d-4d2f-4bd4-a925-9441b7cb479d"        [_thread_blocked, id=14224, stack(0x000000fc59400000,0x000000fc59500000) (1024K)]
  0x00000285cdd7e0d0 JavaThread "Refresh Thread: Equinox Container: 9987a77d-4d2f-4bd4-a925-9441b7cb479d" daemon [_thread_blocked, id=6372, stack(0x000000fc59500000,0x000000fc59600000) (1024K)]
  0x00000285cdd7c000 JavaThread "Framework Event Dispatcher: Equinox Container: 9987a77d-4d2f-4bd4-a925-9441b7cb479d" daemon [_thread_blocked, id=15224, stack(0x000000fc59700000,0x000000fc59800000) (1024K)]
  0x00000286109ddd10 JavaThread "Start Level: Equinox Container: 9987a77d-4d2f-4bd4-a925-9441b7cb479d" daemon [_thread_in_Java, id=5016, stack(0x000000fc58b00000,0x000000fc58c00000) (1024K)]
  0x00000286109df750 JavaThread "Bundle File Closer"         daemon [_thread_blocked, id=4116, stack(0x000000fc59800000,0x000000fc59900000) (1024K)]
  0x00000286109dc2d0 JavaThread "SCR Component Actor"        daemon [_thread_blocked, id=17016, stack(0x000000fc58d00000,0x000000fc58e00000) (1024K)]
  0x00000286109de3a0 JavaThread "Worker-JM"                         [_thread_blocked, id=23016, stack(0x000000fc59b00000,0x000000fc59c00000) (1024K)]
  0x00000286109dd680 JavaThread "JNA Cleaner"                daemon [_thread_blocked, id=23064, stack(0x000000fc59900000,0x000000fc59a00000) (1024K)]
  0x00000286109dc960 JavaThread "Worker-0"                          [_thread_blocked, id=23020, stack(0x000000fc59a00000,0x000000fc59b00000) (1024K)]
  0x00000286109dcff0 JavaThread "Worker-1"                          [_thread_blocked, id=23052, stack(0x000000fc59c00000,0x000000fc59d00000) (1024K)]
=>0x000002861623dbd0 JavaThread "C2 CompilerThread1"         daemon [_thread_in_native, id=23012, stack(0x000000fc59d00000,0x000000fc59e00000) (1024K)]
  0x000002861623c090 JavaThread "C2 CompilerThread2"         daemon [_thread_in_native, id=23104, stack(0x000000fc59e00000,0x000000fc59f00000) (1024K)]
  0x0000028616aa3d10 JavaThread "Java indexing"              daemon [_thread_blocked, id=23108, stack(0x000000fc59f00000,0x000000fc5a000000) (1024K)]
Total: 24

Other Threads:
  0x00000285b739e7e0 VMThread "VM Thread"                           [id=3576, stack(0x000000fc58100000,0x000000fc58200000) (1024K)]
  0x00000285b736cda0 WatcherThread "VM Periodic Task Thread"        [id=7052, stack(0x000000fc58000000,0x000000fc58100000) (1024K)]
  0x00000285b731f730 WorkerThread "GC Thread#0"                     [id=20464, stack(0x000000fc57f00000,0x000000fc58000000) (1024K)]
  0x00000286156e0060 WorkerThread "GC Thread#1"                     [id=22980, stack(0x000000fc58e00000,0x000000fc58f00000) (1024K)]
  0x00000286159a38b0 WorkerThread "GC Thread#2"                     [id=22944, stack(0x000000fc58f00000,0x000000fc59000000) (1024K)]
  0x0000028615850970 WorkerThread "GC Thread#3"                     [id=22972, stack(0x000000fc59000000,0x000000fc59100000) (1024K)]
  0x0000028615850d20 WorkerThread "GC Thread#4"                     [id=22940, stack(0x000000fc59100000,0x000000fc59200000) (1024K)]
  0x00000286158510d0 WorkerThread "GC Thread#5"                     [id=22924, stack(0x000000fc59200000,0x000000fc59300000) (1024K)]
  0x0000028615851480 WorkerThread "GC Thread#6"                     [id=22916, stack(0x000000fc59300000,0x000000fc59400000) (1024K)]
  0x00000286159bff10 WorkerThread "GC Thread#7"                     [id=20420, stack(0x000000fc59600000,0x000000fc59700000) (1024K)]
Total: 10

Threads with active compile tasks:
C2 CompilerThread0  5817 3980       4       org.lombokweb.asm.ClassReader::readMethod (1070 bytes)
C2 CompilerThread1  5817 4192       4       org.eclipse.osgi.internal.serviceregistry.ServiceRegistry::notifyHooksPrivileged (57 bytes)
C2 CompilerThread2  5817 4276       4       java.lang.StringBuilder::append (8 bytes)
Total: 3

VM state: not at safepoint (normal execution)

VM Mutex/Monitor currently owned by a thread: None

Heap address: 0x0000000080000000, size: 2048 MB, Compressed Oops mode: 32-bit

CDS archive(s) mapped at: [0x00000285ce000000-0x00000285ceba0000-0x00000285ceba0000), size 12189696, SharedBaseAddress: 0x00000285ce000000, ArchiveRelocationMode: 1.
Compressed class space mapped at: 0x00000285cf000000-0x000002860f000000, reserved size: 1073741824
Narrow klass base: 0x00000285ce000000, Narrow klass shift: 0, Narrow klass range: 0x100000000

GC Precious Log:
 CardTable entry size: 512
 CPUs: 8 total, 8 available
 Memory: 16100M
 Large Page Support: Disabled
 NUMA Support: Disabled
 Compressed Oops: Enabled (32-bit)
 Alignments: Space 512K, Generation 512K, Heap 2M
 Heap Min Capacity: 100M
 Heap Initial Capacity: 100M
 Heap Max Capacity: 2G
 Pre-touch: Disabled
 Parallel Workers: 8

Heap:
 PSYoungGen      total 25088K, used 12941K [0x00000000d5580000, 0x00000000d7500000, 0x0000000100000000)
  eden space 23040K, 47% used [0x00000000d5580000,0x00000000d6024940,0x00000000d6c00000)
  from space 2048K, 99% used [0x00000000d7180000,0x00000000d737eda0,0x00000000d7380000)
  to   space 4608K, 0% used [0x00000000d6c00000,0x00000000d6c00000,0x00000000d7080000)
 ParOldGen       total 68608K, used 15099K [0x0000000080000000, 0x0000000084300000, 0x00000000d5580000)
  object space 68608K, 22% used [0x0000000080000000,0x0000000080ebeef0,0x0000000084300000)
 Metaspace       used 29536K, committed 30528K, reserved 1114112K
  class space    used 2933K, committed 3328K, reserved 1048576K

Card table byte_map: [0x00000285b6cc0000,0x00000285b70d0000] _byte_map_base: 0x00000285b68c0000

Marking Bits: (ParMarkBitMap*) 0x00007ffb1a8a3450
 Begin Bits: [0x00000285c97b0000, 0x00000285cb7b0000)
 End Bits:   [0x00000285cb7b0000, 0x00000285cd7b0000)

Polling page: 0x00000285b53f0000

Metaspace:

Usage:
  Non-class:     25.98 MB used.
      Class:      2.87 MB used.
       Both:     28.84 MB used.

Virtual space:
  Non-class space:       64.00 MB reserved,      26.56 MB ( 42%) committed,  1 nodes.
      Class space:        1.00 GB reserved,       3.25 MB ( <1%) committed,  1 nodes.
             Both:        1.06 GB reserved,      29.81 MB (  3%) committed. 

Chunk freelists:
   Non-Class:  5.44 MB
       Class:  12.62 MB
        Both:  18.06 MB

MaxMetaspaceSize: unlimited
CompressedClassSpaceSize: 1.00 GB
Initial GC threshold: 21.00 MB
Current GC threshold: 35.00 MB
CDS: on
 - commit_granule_bytes: 65536.
 - commit_granule_words: 8192.
 - virtual_space_node_default_size: 8388608.
 - enlarge_chunks_in_place: 1.
 - use_allocation_guard: 0.


Internal statistics:

num_allocs_failed_limit: 3.
num_arena_births: 840.
num_arena_deaths: 14.
num_vsnodes_births: 2.
num_vsnodes_deaths: 0.
num_space_committed: 477.
num_space_uncommitted: 0.
num_chunks_returned_to_freelist: 17.
num_chunks_taken_from_freelist: 2044.
num_chunk_merges: 5.
num_chunk_splits: 1316.
num_chunks_enlarged: 798.
num_inconsistent_stats: 0.

CodeHeap 'non-profiled nmethods': size=120000Kb used=2044Kb max_used=2044Kb free=117955Kb
 bounds [0x00000285c1fd0000, 0x00000285c2240000, 0x00000285c9500000]
CodeHeap 'profiled nmethods': size=120000Kb used=8813Kb max_used=8813Kb free=111187Kb
 bounds [0x00000285ba500000, 0x00000285bada0000, 0x00000285c1a30000]
CodeHeap 'non-nmethods': size=5760Kb used=1352Kb max_used=1374Kb free=4407Kb
 bounds [0x00000285c1a30000, 0x00000285c1ca0000, 0x00000285c1fd0000]
CodeCache: size=245760Kb, used=12209Kb, max_used=12231Kb, free=233549Kb
 total_blobs=4904, nmethods=4271, adapters=539, full_count=0
Compilation: enabled, stopped_count=0, restarted_count=0

Compilation events (20 events):
Event: 5.786 Thread 0x00000285cdd9d620 nmethod 4244 0x00000285bad8dc10 code [0x00000285bad8dde0, 0x00000285bad8e138]
Event: 5.786 Thread 0x00000285cdd9d620 4246       3       java.lang.String$CaseInsensitiveComparator::compare (68 bytes)
Event: 5.786 Thread 0x000002861623c090 4247       4       java.lang.StringLatin1::compareToCI (108 bytes)
Event: 5.786 Thread 0x00000285cdd9d620 nmethod 4246 0x00000285bad8e310 code [0x00000285bad8e520, 0x00000285bad8e9a8]
Event: 5.786 Thread 0x00000285cdd9d620 4245       3       java.lang.String$CaseInsensitiveComparator::compare (13 bytes)
Event: 5.787 Thread 0x00000285cdd9d620 nmethod 4245 0x00000285bad8eb90 code [0x00000285bad8ed40, 0x00000285bad8f068]
Event: 5.787 Thread 0x00000285cdd9d620 4248       3       java.util.TreeMap::putIfAbsent (8 bytes)
Event: 5.787 Thread 0x00000285cdd9d620 nmethod 4248 0x00000285bad8f190 code [0x00000285bad8f340, 0x00000285bad8f480]
Event: 5.787 Thread 0x00000285cdd9d620 4249       3       java.util.TreeMap::rotateLeft (96 bytes)
Event: 5.787 Thread 0x00000285cdd9d620 nmethod 4249 0x00000285bad8f510 code [0x00000285bad8f6c0, 0x00000285bad8f9b0]
Event: 5.788 Thread 0x00000285cdd9d620 4251       3       java.util.TreeMap::rotateRight (96 bytes)
Event: 5.788 Thread 0x00000285cdd9d620 nmethod 4251 0x00000285bad8fb10 code [0x00000285bad8fcc0, 0x00000285bad8ffb0]
Event: 5.790 Thread 0x00000285cdd9d620 4254   !   3       sun.nio.cs.ext.AbstractCharsetProvider::charset (84 bytes)
Event: 5.790 Thread 0x00000285cdd9d620 nmethod 4254 0x00000285bad90110 code [0x00000285bad90320, 0x00000285bad90940]
Event: 5.790 Thread 0x00000285cdd9d620 4255       2       jdk.internal.misc.VM::isBooted (13 bytes)
Event: 5.791 Thread 0x00000285cdd9d620 nmethod 4255 0x00000285bad90c90 code [0x00000285bad90e20, 0x00000285bad90f28]
Event: 5.791 Thread 0x00000285cdd9d620 4256       3       java.util.List::of (4 bytes)
Event: 5.791 Thread 0x00000285cdd9d620 nmethod 4256 0x00000285bad90f90 code [0x00000285bad91120, 0x00000285bad91218]
Event: 5.791 Thread 0x00000285cdd9d620 4257       3       java.util.TreeMap::clear (21 bytes)
Event: 5.791 Thread 0x00000285cdd9d620 nmethod 4257 0x00000285bad91290 code [0x00000285bad91420, 0x00000285bad91558]

GC Heap History (20 events):
Event: 1.609 GC heap before
{Heap before GC invocations=2 (full 0):
 PSYoungGen      total 29696K, used 28896K [0x00000000d5580000, 0x00000000d7680000, 0x0000000100000000)
  eden space 25600K, 100% used [0x00000000d5580000,0x00000000d6e80000,0x00000000d6e80000)
  from space 4096K, 80% used [0x00000000d6e80000,0x00000000d71b8158,0x00000000d7280000)
  to   space 4096K, 0% used [0x00000000d7280000,0x00000000d7280000,0x00000000d7680000)
 ParOldGen       total 68608K, used 16K [0x0000000080000000, 0x0000000084300000, 0x00000000d5580000)
  object space 68608K, 0% used [0x0000000080000000,0x0000000080004000,0x0000000084300000)
 Metaspace       used 8021K, committed 8320K, reserved 1114112K
  class space    used 840K, committed 960K, reserved 1048576K
}
Event: 1.616 GC heap after
{Heap after GC invocations=2 (full 0):
 PSYoungGen      total 29696K, used 4086K [0x00000000d5580000, 0x00000000d7680000, 0x0000000100000000)
  eden space 25600K, 0% used [0x00000000d5580000,0x00000000d5580000,0x00000000d6e80000)
  from space 4096K, 99% used [0x00000000d7280000,0x00000000d767d810,0x00000000d7680000)
  to   space 4096K, 0% used [0x00000000d6e80000,0x00000000d6e80000,0x00000000d7280000)
 ParOldGen       total 68608K, used 1757K [0x0000000080000000, 0x0000000084300000, 0x00000000d5580000)
  object space 68608K, 2% used [0x0000000080000000,0x00000000801b7658,0x0000000084300000)
 Metaspace       used 8021K, committed 8320K, reserved 1114112K
  class space    used 840K, committed 960K, reserved 1048576K
}
Event: 2.588 GC heap before
{Heap before GC invocations=3 (full 0):
 PSYoungGen      total 29696K, used 29685K [0x00000000d5580000, 0x00000000d7680000, 0x0000000100000000)
  eden space 25600K, 99% used [0x00000000d5580000,0x00000000d6e7fd38,0x00000000d6e80000)
  from space 4096K, 99% used [0x00000000d7280000,0x00000000d767d810,0x00000000d7680000)
  to   space 4096K, 0% used [0x00000000d6e80000,0x00000000d6e80000,0x00000000d7280000)
 ParOldGen       total 68608K, used 1757K [0x0000000080000000, 0x0000000084300000, 0x00000000d5580000)
  object space 68608K, 2% used [0x0000000080000000,0x00000000801b7658,0x0000000084300000)
 Metaspace       used 9406K, committed 9728K, reserved 1114112K
  class space    used 1004K, committed 1152K, reserved 1048576K
}
Event: 2.594 GC heap after
{Heap after GC invocations=3 (full 0):
 PSYoungGen      total 29696K, used 4073K [0x00000000d5580000, 0x00000000d7680000, 0x0000000100000000)
  eden space 25600K, 0% used [0x00000000d5580000,0x00000000d5580000,0x00000000d6e80000)
  from space 4096K, 99% used [0x00000000d6e80000,0x00000000d727a5b0,0x00000000d7280000)
  to   space 4096K, 0% used [0x00000000d7280000,0x00000000d7280000,0x00000000d7680000)
 ParOldGen       total 68608K, used 5156K [0x0000000080000000, 0x0000000084300000, 0x00000000d5580000)
  object space 68608K, 7% used [0x0000000080000000,0x00000000805091e8,0x0000000084300000)
 Metaspace       used 9406K, committed 9728K, reserved 1114112K
  class space    used 1004K, committed 1152K, reserved 1048576K
}
Event: 4.038 GC heap before
{Heap before GC invocations=4 (full 0):
 PSYoungGen      total 29696K, used 29673K [0x00000000d5580000, 0x00000000d7680000, 0x0000000100000000)
  eden space 25600K, 100% used [0x00000000d5580000,0x00000000d6e80000,0x00000000d6e80000)
  from space 4096K, 99% used [0x00000000d6e80000,0x00000000d727a5b0,0x00000000d7280000)
  to   space 4096K, 0% used [0x00000000d7280000,0x00000000d7280000,0x00000000d7680000)
 ParOldGen       total 68608K, used 5156K [0x0000000080000000, 0x0000000084300000, 0x00000000d5580000)
  object space 68608K, 7% used [0x0000000080000000,0x00000000805091e8,0x0000000084300000)
 Metaspace       used 12001K, committed 12352K, reserved 1114112K
  class space    used 1282K, committed 1472K, reserved 1048576K
}
Event: 4.042 GC heap after
{Heap after GC invocations=4 (full 0):
 PSYoungGen      total 29696K, used 4091K [0x00000000d5580000, 0x00000000d7680000, 0x0000000100000000)
  eden space 25600K, 0% used [0x00000000d5580000,0x00000000d5580000,0x00000000d6e80000)
  from space 4096K, 99% used [0x00000000d7280000,0x00000000d767ee70,0x00000000d7680000)
  to   space 4096K, 0% used [0x00000000d6e80000,0x00000000d6e80000,0x00000000d7280000)
 ParOldGen       total 68608K, used 8714K [0x0000000080000000, 0x0000000084300000, 0x00000000d5580000)
  object space 68608K, 12% used [0x0000000080000000,0x0000000080882a40,0x0000000084300000)
 Metaspace       used 12001K, committed 12352K, reserved 1114112K
  class space    used 1282K, committed 1472K, reserved 1048576K
}
Event: 4.444 GC heap before
{Heap before GC invocations=5 (full 0):
 PSYoungGen      total 29696K, used 29691K [0x00000000d5580000, 0x00000000d7680000, 0x0000000100000000)
  eden space 25600K, 100% used [0x00000000d5580000,0x00000000d6e80000,0x00000000d6e80000)
  from space 4096K, 99% used [0x00000000d7280000,0x00000000d767ee70,0x00000000d7680000)
  to   space 4096K, 0% used [0x00000000d6e80000,0x00000000d6e80000,0x00000000d7280000)
 ParOldGen       total 68608K, used 8714K [0x0000000080000000, 0x0000000084300000, 0x00000000d5580000)
  object space 68608K, 12% used [0x0000000080000000,0x0000000080882a40,0x0000000084300000)
 Metaspace       used 16011K, committed 16640K, reserved 1114112K
  class space    used 1669K, committed 1920K, reserved 1048576K
}
Event: 4.449 GC heap after
{Heap after GC invocations=5 (full 0):
 PSYoungGen      total 29184K, used 4072K [0x00000000d5580000, 0x00000000d7b00000, 0x0000000100000000)
  eden space 25088K, 0% used [0x00000000d5580000,0x00000000d5580000,0x00000000d6e00000)
  from space 4096K, 99% used [0x00000000d6e80000,0x00000000d727a0a0,0x00000000d7280000)
  to   space 6656K, 0% used [0x00000000d7480000,0x00000000d7480000,0x00000000d7b00000)
 ParOldGen       total 68608K, used 10058K [0x0000000080000000, 0x0000000084300000, 0x00000000d5580000)
  object space 68608K, 14% used [0x0000000080000000,0x00000000809d2800,0x0000000084300000)
 Metaspace       used 16011K, committed 16640K, reserved 1114112K
  class space    used 1669K, committed 1920K, reserved 1048576K
}
Event: 4.885 GC heap before
{Heap before GC invocations=6 (full 0):
 PSYoungGen      total 29184K, used 29160K [0x00000000d5580000, 0x00000000d7b00000, 0x0000000100000000)
  eden space 25088K, 100% used [0x00000000d5580000,0x00000000d6e00000,0x00000000d6e00000)
  from space 4096K, 99% used [0x00000000d6e80000,0x00000000d727a0a0,0x00000000d7280000)
  to   space 6656K, 0% used [0x00000000d7480000,0x00000000d7480000,0x00000000d7b00000)
 ParOldGen       total 68608K, used 10058K [0x0000000080000000, 0x0000000084300000, 0x00000000d5580000)
  object space 68608K, 14% used [0x0000000080000000,0x00000000809d2800,0x0000000084300000)
 Metaspace       used 18932K, committed 19776K, reserved 1114112K
  class space    used 2001K, committed 2368K, reserved 1048576K
}
Event: 4.888 GC heap after
{Heap after GC invocations=6 (full 0):
 PSYoungGen      total 28160K, used 3338K [0x00000000d5580000, 0x00000000d7800000, 0x0000000100000000)
  eden space 24576K, 0% used [0x00000000d5580000,0x00000000d5580000,0x00000000d6d80000)
  from space 3584K, 93% used [0x00000000d7480000,0x00000000d77c29e0,0x00000000d7800000)
  to   space 4608K, 0% used [0x00000000d6f00000,0x00000000d6f00000,0x00000000d7380000)
 ParOldGen       total 68608K, used 10066K [0x0000000080000000, 0x0000000084300000, 0x00000000d5580000)
  object space 68608K, 14% used [0x0000000080000000,0x00000000809d4800,0x0000000084300000)
 Metaspace       used 18932K, committed 19776K, reserved 1114112K
  class space    used 2001K, committed 2368K, reserved 1048576K
}
Event: 5.064 GC heap before
{Heap before GC invocations=7 (full 0):
 PSYoungGen      total 28160K, used 19465K [0x00000000d5580000, 0x00000000d7800000, 0x0000000100000000)
  eden space 24576K, 65% used [0x00000000d5580000,0x00000000d653fcf0,0x00000000d6d80000)
  from space 3584K, 93% used [0x00000000d7480000,0x00000000d77c29e0,0x00000000d7800000)
  to   space 4608K, 0% used [0x00000000d6f00000,0x00000000d6f00000,0x00000000d7380000)
 ParOldGen       total 68608K, used 10066K [0x0000000080000000, 0x0000000084300000, 0x00000000d5580000)
  object space 68608K, 14% used [0x0000000080000000,0x00000000809d4800,0x0000000084300000)
 Metaspace       used 20541K, committed 21504K, reserved 1114112K
  class space    used 2196K, committed 2624K, reserved 1048576K
}
Event: 5.068 GC heap after
{Heap after GC invocations=7 (full 0):
 PSYoungGen      total 28672K, used 3877K [0x00000000d5580000, 0x00000000d7580000, 0x0000000100000000)
  eden space 24576K, 0% used [0x00000000d5580000,0x00000000d5580000,0x00000000d6d80000)
  from space 4096K, 94% used [0x00000000d6f00000,0x00000000d72c9718,0x00000000d7300000)
  to   space 2560K, 0% used [0x00000000d7300000,0x00000000d7300000,0x00000000d7580000)
 ParOldGen       total 68608K, used 10833K [0x0000000080000000, 0x0000000084300000, 0x00000000d5580000)
  object space 68608K, 15% used [0x0000000080000000,0x0000000080a94750,0x0000000084300000)
 Metaspace       used 20541K, committed 21504K, reserved 1114112K
  class space    used 2196K, committed 2624K, reserved 1048576K
}
Event: 5.068 GC heap before
{Heap before GC invocations=8 (full 1):
 PSYoungGen      total 28672K, used 3877K [0x00000000d5580000, 0x00000000d7580000, 0x0000000100000000)
  eden space 24576K, 0% used [0x00000000d5580000,0x00000000d5580000,0x00000000d6d80000)
  from space 4096K, 94% used [0x00000000d6f00000,0x00000000d72c9718,0x00000000d7300000)
  to   space 2560K, 0% used [0x00000000d7300000,0x00000000d7300000,0x00000000d7580000)
 ParOldGen       total 68608K, used 10833K [0x0000000080000000, 0x0000000084300000, 0x00000000d5580000)
  object space 68608K, 15% used [0x0000000080000000,0x0000000080a94750,0x0000000084300000)
 Metaspace       used 20541K, committed 21504K, reserved 1114112K
  class space    used 2196K, committed 2624K, reserved 1048576K
}
Event: 5.100 GC heap after
{Heap after GC invocations=8 (full 1):
 PSYoungGen      total 28672K, used 0K [0x00000000d5580000, 0x00000000d7580000, 0x0000000100000000)
  eden space 24576K, 0% used [0x00000000d5580000,0x00000000d5580000,0x00000000d6d80000)
  from space 4096K, 0% used [0x00000000d6f00000,0x00000000d6f00000,0x00000000d7300000)
  to   space 2560K, 0% used [0x00000000d7300000,0x00000000d7300000,0x00000000d7580000)
 ParOldGen       total 68608K, used 12860K [0x0000000080000000, 0x0000000084300000, 0x00000000d5580000)
  object space 68608K, 18% used [0x0000000080000000,0x0000000080c8f140,0x0000000084300000)
 Metaspace       used 20528K, committed 21504K, reserved 1114112K
  class space    used 2193K, committed 2624K, reserved 1048576K
}
Event: 5.300 GC heap before
{Heap before GC invocations=9 (full 1):
 PSYoungGen      total 28672K, used 24576K [0x00000000d5580000, 0x00000000d7580000, 0x0000000100000000)
  eden space 24576K, 100% used [0x00000000d5580000,0x00000000d6d80000,0x00000000d6d80000)
  from space 4096K, 0% used [0x00000000d6f00000,0x00000000d6f00000,0x00000000d7300000)
  to   space 2560K, 0% used [0x00000000d7300000,0x00000000d7300000,0x00000000d7580000)
 ParOldGen       total 68608K, used 12860K [0x0000000080000000, 0x0000000084300000, 0x00000000d5580000)
  object space 68608K, 18% used [0x0000000080000000,0x0000000080c8f140,0x0000000084300000)
 Metaspace       used 22443K, committed 23424K, reserved 1114112K
  class space    used 2367K, committed 2752K, reserved 1048576K
}
Event: 5.302 GC heap after
{Heap after GC invocations=9 (full 1):
 PSYoungGen      total 26624K, used 2390K [0x00000000d5580000, 0x00000000d7580000, 0x0000000100000000)
  eden space 24064K, 0% used [0x00000000d5580000,0x00000000d5580000,0x00000000d6d00000)
  from space 2560K, 93% used [0x00000000d7300000,0x00000000d7555bb0,0x00000000d7580000)
  to   space 3072K, 0% used [0x00000000d6f80000,0x00000000d6f80000,0x00000000d7280000)
 ParOldGen       total 68608K, used 13112K [0x0000000080000000, 0x0000000084300000, 0x00000000d5580000)
  object space 68608K, 19% used [0x0000000080000000,0x0000000080cce180,0x0000000084300000)
 Metaspace       used 22443K, committed 23424K, reserved 1114112K
  class space    used 2367K, committed 2752K, reserved 1048576K
}
Event: 5.462 GC heap before
{Heap before GC invocations=10 (full 1):
 PSYoungGen      total 26624K, used 26454K [0x00000000d5580000, 0x00000000d7580000, 0x0000000100000000)
  eden space 24064K, 100% used [0x00000000d5580000,0x00000000d6d00000,0x00000000d6d00000)
  from space 2560K, 93% used [0x00000000d7300000,0x00000000d7555bb0,0x00000000d7580000)
  to   space 3072K, 0% used [0x00000000d6f80000,0x00000000d6f80000,0x00000000d7280000)
 ParOldGen       total 68608K, used 13112K [0x0000000080000000, 0x0000000084300000, 0x00000000d5580000)
  object space 68608K, 19% used [0x0000000080000000,0x0000000080cce180,0x0000000084300000)
 Metaspace       used 26169K, committed 27200K, reserved 1114112K
  class space    used 2637K, committed 3072K, reserved 1048576K
}
Event: 5.463 GC heap after
{Heap after GC invocations=10 (full 1):
 PSYoungGen      total 25600K, used 1800K [0x00000000d5580000, 0x00000000d7380000, 0x0000000100000000)
  eden space 23552K, 0% used [0x00000000d5580000,0x00000000d5580000,0x00000000d6c80000)
  from space 2048K, 87% used [0x00000000d6f80000,0x00000000d7142070,0x00000000d7180000)
  to   space 2048K, 0% used [0x00000000d7180000,0x00000000d7180000,0x00000000d7380000)
 ParOldGen       total 68608K, used 13120K [0x0000000080000000, 0x0000000084300000, 0x00000000d5580000)
  object space 68608K, 19% used [0x0000000080000000,0x0000000080cd0180,0x0000000084300000)
 Metaspace       used 26169K, committed 27200K, reserved 1114112K
  class space    used 2637K, committed 3072K, reserved 1048576K
}
Event: 5.624 GC heap before
{Heap before GC invocations=11 (full 1):
 PSYoungGen      total 25600K, used 25352K [0x00000000d5580000, 0x00000000d7380000, 0x0000000100000000)
  eden space 23552K, 100% used [0x00000000d5580000,0x00000000d6c80000,0x00000000d6c80000)
  from space 2048K, 87% used [0x00000000d6f80000,0x00000000d7142070,0x00000000d7180000)
  to   space 2048K, 0% used [0x00000000d7180000,0x00000000d7180000,0x00000000d7380000)
 ParOldGen       total 68608K, used 13120K [0x0000000080000000, 0x0000000084300000, 0x00000000d5580000)
  object space 68608K, 19% used [0x0000000080000000,0x0000000080cd0180,0x0000000084300000)
 Metaspace       used 27665K, committed 28672K, reserved 1114112K
  class space    used 2734K, committed 3136K, reserved 1048576K
}
Event: 5.627 GC heap after
{Heap after GC invocations=11 (full 1):
 PSYoungGen      total 25088K, used 2043K [0x00000000d5580000, 0x00000000d7500000, 0x0000000100000000)
  eden space 23040K, 0% used [0x00000000d5580000,0x00000000d5580000,0x00000000d6c00000)
  from space 2048K, 99% used [0x00000000d7180000,0x00000000d737eda0,0x00000000d7380000)
  to   space 4608K, 0% used [0x00000000d6c00000,0x00000000d6c00000,0x00000000d7080000)
 ParOldGen       total 68608K, used 15099K [0x0000000080000000, 0x0000000084300000, 0x00000000d5580000)
  object space 68608K, 22% used [0x0000000080000000,0x0000000080ebeef0,0x0000000084300000)
 Metaspace       used 27665K, committed 28672K, reserved 1114112K
  class space    used 2734K, committed 3136K, reserved 1048576K
}

Dll operation events (10 events):
Event: 0.011 Loaded shared library c:\Users\vothi\.vscode\extensions\redhat.java-1.54.0-win32-x64\jre\21.0.10-win32-x86_64\bin\java.dll
Event: 0.074 Loaded shared library c:\Users\vothi\.vscode\extensions\redhat.java-1.54.0-win32-x64\jre\21.0.10-win32-x86_64\bin\zip.dll
Event: 0.097 Loaded shared library C:\Users\vothi\.vscode\extensions\redhat.java-1.54.0-win32-x64\jre\21.0.10-win32-x86_64\bin\instrument.dll
Event: 0.102 Loaded shared library C:\Users\vothi\.vscode\extensions\redhat.java-1.54.0-win32-x64\jre\21.0.10-win32-x86_64\bin\net.dll
Event: 0.104 Loaded shared library C:\Users\vothi\.vscode\extensions\redhat.java-1.54.0-win32-x64\jre\21.0.10-win32-x86_64\bin\nio.dll
Event: 0.107 Loaded shared library C:\Users\vothi\.vscode\extensions\redhat.java-1.54.0-win32-x64\jre\21.0.10-win32-x86_64\bin\zip.dll
Event: 0.124 Loaded shared library C:\Users\vothi\.vscode\extensions\redhat.java-1.54.0-win32-x64\jre\21.0.10-win32-x86_64\bin\jimage.dll
Event: 0.191 Loaded shared library c:\Users\vothi\.vscode\extensions\redhat.java-1.54.0-win32-x64\jre\21.0.10-win32-x86_64\bin\verify.dll
Event: 1.621 Loaded shared library C:\Users\vothi\AppData\Roaming\Code\User\globalStorage\redhat.java\1.54.0\config_win\org.eclipse.equinox.launcher\org.eclipse.equinox.launcher.win32.win32.x86_64_1.3.0.v20260203-2149\eclipse_11919.dll
Event: 4.612 Loaded shared library C:\Users\vothi\AppData\Local\Temp\jna-112397084\jna5966352342053892932.dll

Deoptimization events (20 events):
Event: 5.680 Thread 0x00000286109ddd10 Uncommon trap: trap_request=0xffffff45 fr.pc=0x00000285c20e72b0 relative=0x0000000000000470
Event: 5.680 Thread 0x00000286109ddd10 Uncommon trap: reason=unstable_if action=reinterpret pc=0x00000285c20e72b0 method=java.lang.AbstractStringBuilder.isLatin1()Z @ 10 c2
Event: 5.680 Thread 0x00000286109ddd10 DEOPT PACKING pc=0x00000285c20e72b0 sp=0x000000fc58bfe4f0
Event: 5.680 Thread 0x00000286109ddd10 DEOPT UNPACKING pc=0x00000285c1a86da2 sp=0x000000fc58bfe460 mode 2
Event: 5.682 Thread 0x00000286109ddd10 Uncommon trap: trap_request=0xffffffc6 fr.pc=0x00000285c208a4e0 relative=0x0000000000000ae0
Event: 5.682 Thread 0x00000286109ddd10 Uncommon trap: reason=bimorphic_or_optimized_type_check action=maybe_recompile pc=0x00000285c208a4e0 method=java.util.HashMap.putVal(ILjava/lang/Object;Ljava/lang/Object;ZZ)Ljava/lang/Object; @ 56 c2
Event: 5.682 Thread 0x00000286109ddd10 DEOPT PACKING pc=0x00000285c208a4e0 sp=0x000000fc58bfdd60
Event: 5.682 Thread 0x00000286109ddd10 DEOPT UNPACKING pc=0x00000285c1a86da2 sp=0x000000fc58bfdc60 mode 2
Event: 5.682 Thread 0x00000286109ddd10 Uncommon trap: trap_request=0xffffffc6 fr.pc=0x00000285c208a4e0 relative=0x0000000000000ae0
Event: 5.682 Thread 0x00000286109ddd10 Uncommon trap: reason=bimorphic_or_optimized_type_check action=maybe_recompile pc=0x00000285c208a4e0 method=java.util.HashMap.putVal(ILjava/lang/Object;Ljava/lang/Object;ZZ)Ljava/lang/Object; @ 56 c2
Event: 5.682 Thread 0x00000286109ddd10 DEOPT PACKING pc=0x00000285c208a4e0 sp=0x000000fc58bfdd60
Event: 5.682 Thread 0x00000286109ddd10 DEOPT UNPACKING pc=0x00000285c1a86da2 sp=0x000000fc58bfdc60 mode 2
Event: 5.682 Thread 0x00000286109ddd10 Uncommon trap: trap_request=0xffffffc6 fr.pc=0x00000285c208a534 relative=0x0000000000000b34
Event: 5.682 Thread 0x00000286109ddd10 Uncommon trap: reason=bimorphic_or_optimized_type_check action=maybe_recompile pc=0x00000285c208a534 method=java.util.HashMap.putVal(ILjava/lang/Object;Ljava/lang/Object;ZZ)Ljava/lang/Object; @ 152 c2
Event: 5.682 Thread 0x00000286109ddd10 DEOPT PACKING pc=0x00000285c208a534 sp=0x000000fc58bfdd60
Event: 5.682 Thread 0x00000286109ddd10 DEOPT UNPACKING pc=0x00000285c1a86da2 sp=0x000000fc58bfdc68 mode 2
Event: 5.682 Thread 0x00000286109ddd10 Uncommon trap: trap_request=0xffffffc6 fr.pc=0x00000285c208a4e0 relative=0x0000000000000ae0
Event: 5.682 Thread 0x00000286109ddd10 Uncommon trap: reason=bimorphic_or_optimized_type_check action=maybe_recompile pc=0x00000285c208a4e0 method=java.util.HashMap.putVal(ILjava/lang/Object;Ljava/lang/Object;ZZ)Ljava/lang/Object; @ 56 c2
Event: 5.682 Thread 0x00000286109ddd10 DEOPT PACKING pc=0x00000285c208a4e0 sp=0x000000fc58bfdd60
Event: 5.682 Thread 0x00000286109ddd10 DEOPT UNPACKING pc=0x00000285c1a86da2 sp=0x000000fc58bfdc60 mode 2

Classes loaded (20 events):
Event: 5.781 Loading class com/sun/org/apache/xml/internal/serializer/ToStream$BoolStack
Event: 5.781 Loading class com/sun/org/apache/xml/internal/serializer/ToStream$BoolStack done
Event: 5.781 Loading class com/sun/org/apache/xml/internal/serializer/EncodingInfo
Event: 5.781 Loading class com/sun/org/apache/xml/internal/serializer/EncodingInfo done
Event: 5.781 Loading class com/sun/org/apache/xml/internal/serializer/ToStream$CharacterBuffer
Event: 5.781 Loading class com/sun/org/apache/xml/internal/serializer/ToStream$CharacterBuffer done
Event: 5.781 Loading class com/sun/org/apache/xml/internal/serializer/Encodings
Event: 5.781 Loading class com/sun/org/apache/xml/internal/serializer/Encodings done
Event: 5.781 Loading class com/sun/org/apache/xml/internal/serializer/Encodings$EncodingInfos
Event: 5.782 Loading class com/sun/org/apache/xml/internal/serializer/Encodings$EncodingInfos done
Event: 5.782 Loading class java/nio/charset/Charset$ExtendedProviderHolder
Event: 5.782 Loading class java/nio/charset/Charset$ExtendedProviderHolder done
Event: 5.782 Loading class java/nio/charset/Charset$ExtendedProviderHolder$1
Event: 5.783 Loading class java/nio/charset/Charset$ExtendedProviderHolder$1 done
Event: 5.789 Loading class java/nio/charset/Charset$ThreadTrackHolder
Event: 5.789 Loading class java/nio/charset/Charset$ThreadTrackHolder done
Event: 5.789 Loading class java/nio/charset/Charset$2
Event: 5.789 Loading class java/nio/charset/Charset$2 done
Event: 5.789 Loading class java/nio/charset/Charset$1
Event: 5.789 Loading class java/nio/charset/Charset$1 done

Classes unloaded (7 events):
Event: 5.074 Thread 0x00000285b739e7e0 Unloading class 0x00000285cf1a3800 'java/lang/invoke/LambdaForm$MH+0x00000285cf1a3800'
Event: 5.074 Thread 0x00000285b739e7e0 Unloading class 0x00000285cf1a3400 'java/lang/invoke/LambdaForm$MH+0x00000285cf1a3400'
Event: 5.074 Thread 0x00000285b739e7e0 Unloading class 0x00000285cf1a3000 'java/lang/invoke/LambdaForm$MH+0x00000285cf1a3000'
Event: 5.074 Thread 0x00000285b739e7e0 Unloading class 0x00000285cf1a2c00 'java/lang/invoke/LambdaForm$MH+0x00000285cf1a2c00'
Event: 5.074 Thread 0x00000285b739e7e0 Unloading class 0x00000285cf1a2800 'java/lang/invoke/LambdaForm$BMH+0x00000285cf1a2800'
Event: 5.074 Thread 0x00000285b739e7e0 Unloading class 0x00000285cf1a2400 'java/lang/invoke/LambdaForm$DMH+0x00000285cf1a2400'
Event: 5.074 Thread 0x00000285b739e7e0 Unloading class 0x00000285cf1a1000 'java/lang/invoke/LambdaForm$DMH+0x00000285cf1a1000'

Classes redefined (0 events):
No events

Internal exceptions (20 events):
Event: 5.032 Thread 0x00000286109ddd10 Exception <a 'java/lang/NoSuchMethodError'{0x00000000d63ebeb0}: 'int java.lang.invoke.DirectMethodHandle$Holder.invokeStatic(java.lang.Object, long)'> (0x00000000d63ebeb0) 
thrown [s\src\hotspot\share\interpreter\linkResolver.cpp, line 773]
Event: 5.034 Thread 0x00000286109ddd10 Exception <a 'java/lang/NoSuchMethodError'{0x00000000d640ae00}: 'int java.lang.invoke.Invokers$Holder.linkToTargetMethod(java.lang.Object, java.lang.Object)'> (0x00000000d640ae00) 
thrown [s\src\hotspot\share\interpreter\linkResolver.cpp, line 773]
Event: 5.101 Thread 0x00000286109ddd10 Exception <a 'java/lang/NoSuchMethodError'{0x00000000d5582230}: 'java.lang.Object java.lang.invoke.Invokers$Holder.invoke_MT(java.lang.Object, java.lang.Object, java.lang.Object, java.lang.Object, java.lang.Object, java.lang.Object, java.lang.Object, java.lang.Object, java.lang.Object, java.lang.Object, java.lang.Object)'> (0x00000000d5582230) 
thrown [s\src\hotspot\share\interpreter\linkResolver.cpp, line 773]
Event: 5.113 Thread 0x00000286109ddd10 Exception <a 'java/lang/NoSuchMethodError'{0x00000000d561c6b8}: 'java.lang.Object java.lang.invoke.Invokers$Holder.invoke_MT(java.lang.Object, java.lang.Object, java.lang.Object, java.lang.Object, java.lang.Object, java.lang.Object, java.lang.Object, java.lang.Object, java.lang.Object, java.lang.Object)'> (0x00000000d561c6b8) 
thrown [s\src\hotspot\share\interpreter\linkResolver.cpp, line 773]
Event: 5.127 Thread 0x00000286109ddd10 Exception <a 'java/lang/NoSuchMethodError'{0x00000000d56df660}: 'java.lang.Object java.lang.invoke.DirectMethodHandle$Holder.newInvokeSpecial(java.lang.Object, java.lang.Object, java.lang.Object, java.lang.Object, java.lang.Object, java.lang.Object, java.lang.Object)'> (0x00000000d56df660) 
thrown [s\src\hotspot\share\interpreter\linkResolver.cpp, line 773]
Event: 5.133 Thread 0x00000286109ddd10 Exception <a 'java/lang/NoSuchMethodError'{0x00000000d5757258}: 'java.lang.Object java.lang.invoke.Invokers$Holder.invoker(java.lang.Object, java.lang.Object, java.lang.Object, java.lang.Object, java.lang.Object, java.lang.Object, java.lang.Object, java.lang.Object, java.lang.Object, java.lang.Object, java.lang.Object, java.lang.Object, java.lang.Object)'> (0x00000000d5757258) 
thrown [s\src\hotspot\share\interpreter\linkResolver.cpp, line 773]
Event: 5.133 Thread 0x00000286109ddd10 Exception <a 'java/lang/NoSuchMethodError'{0x00000000d57616f0}: 'java.lang.Object java.lang.invoke.DelegatingMethodHandle$Holder.delegate(java.lang.Object, java.lang.Object, java.lang.Object, java.lang.Object, java.lang.Object, java.lang.Object, java.lang.Object, java.lang.Object, java.lang.Object, java.lang.Object, java.lang.Object, java.lang.Object, java.lang.Object)'> (0x00000000d57616f0) 
thrown [s\src\hotspot\share\interpreter\linkResolver.cpp, line 773]
Event: 5.140 Thread 0x00000286109ddd10 Exception <a 'java/lang/NoSuchMethodError'{0x00000000d57cd460}: static Lorg/eclipse/m2e/core/internal/lifecyclemapping/model/PluginExecutionMetadata;.<clinit>()V> (0x00000000d57cd460) 
thrown [s\src\hotspot\share\prims\jni.cpp, line 1111]
Event: 5.144 Thread 0x00000286109ddd10 Exception <a 'java/lang/NoSuchMethodError'{0x00000000d582d648}: static Lorg/eclipse/m2e/core/internal/lifecyclemapping/model/PluginExecutionFilter;.<clinit>()V> (0x00000000d582d648) 
thrown [s\src\hotspot\share\prims\jni.cpp, line 1111]
Event: 5.146 Thread 0x00000286109ddd10 Exception <a 'java/lang/NoSuchMethodError'{0x00000000d585d068}: static Lorg/eclipse/m2e/core/internal/project/registry/MavenProjectFacade$MavenProjectConfiguration;.<clinit>()V> (0x00000000d585d068) 
thrown [s\src\hotspot\share\prims\jni.cpp, line 1111]
Event: 5.210 Thread 0x00000286109ddd10 Exception <a 'java/lang/NoSuchMethodError'{0x00000000d5dedb58}: 'double java.lang.invoke.DirectMethodHandle$Holder.invokeStatic(java.lang.Object, java.lang.Object)'> (0x00000000d5dedb58) 
thrown [s\src\hotspot\share\interpreter\linkResolver.cpp, line 773]
Event: 5.211 Thread 0x00000286109ddd10 Exception <a 'java/lang/NoSuchMethodError'{0x00000000d5df1218}: 'double java.lang.invoke.DirectMethodHandle$Holder.invokeStaticInit(java.lang.Object, java.lang.Object)'> (0x00000000d5df1218) 
thrown [s\src\hotspot\share\interpreter\linkResolver.cpp, line 773]
Event: 5.428 Thread 0x00000286109ddd10 Implicit null exception at 0x00000285c219b775 to 0x00000285c219b888
Event: 5.515 Thread 0x00000286109ddd10 Exception <a 'java/lang/NoSuchMethodError'{0x00000000d63f2e10}: 'java.lang.Object java.lang.invoke.DirectMethodHandle$Holder.newInvokeSpecial(java.lang.Object, int, java.lang.Object, java.lang.Object)'> (0x00000000d63f2e10) 
thrown [s\src\hotspot\share\interpreter\linkResolver.cpp, line 773]
Event: 5.516 Thread 0x00000286109ddd10 Exception <a 'java/io/FileNotFoundException'{0x00000000d6408c40}> (0x00000000d6408c40) 
thrown [s\src\hotspot\share\prims\jni.cpp, line 520]
Event: 5.516 Thread 0x00000286109ddd10 Exception <a 'java/io/FileNotFoundException'{0x00000000d6409c38}> (0x00000000d6409c38) 
thrown [s\src\hotspot\share\prims\jni.cpp, line 520]
Event: 5.640 Thread 0x00000286109ddd10 Exception <a 'java/lang/ClassNotFoundException'{0x00000000d5637278}: com/sun/org/apache/xerces/internal/impl/msg/spi/DOMMessagesProvider> (0x00000000d5637278) 
thrown [s\src\hotspot\share\classfile\systemDictionary.cpp, line 312]
Event: 5.641 Thread 0x00000286109ddd10 Exception <a 'java/lang/ClassNotFoundException'{0x00000000d5648a30}: com/sun/org/apache/xerces/internal/impl/msg/spi/XMLSerializerMessagesProvider> (0x00000000d5648a30) 
thrown [s\src\hotspot\share\classfile\systemDictionary.cpp, line 312]
Event: 5.642 Thread 0x00000286109ddd10 Exception <a 'java/lang/ClassNotFoundException'{0x00000000d5655d50}: com/sun/org/apache/xerces/internal/impl/msg/spi/XMLMessagesProvider> (0x00000000d5655d50) 
thrown [s\src\hotspot\share\classfile\systemDictionary.cpp, line 312]
Event: 5.779 Thread 0x00000286109ddd10 Exception <a 'java/lang/ClassNotFoundException'{0x00000000d5e085f8}: com/sun/org/apache/xml/internal/serializer/spi/XMLEntitiesProvider> (0x00000000d5e085f8) 
thrown [s\src\hotspot\share\classfile\systemDictionary.cpp, line 312]

ZGC Phase Switch (0 events):
No events

VM Operations (20 events):
Event: 4.762 Executing non-safepoint VM operation: HandshakeAllThreads (Deoptimize)
Event: 4.762 Executing non-safepoint VM operation: HandshakeAllThreads (Deoptimize) done
Event: 4.767 Executing non-safepoint VM operation: HandshakeAllThreads (Deoptimize)
Event: 4.767 Executing non-safepoint VM operation: HandshakeAllThreads (Deoptimize) done
Event: 4.802 Executing safepoint VM operation: ICBufferFull
Event: 4.802 Executing safepoint VM operation: ICBufferFull done
Event: 4.885 Executing safepoint VM operation: ParallelGCFailedAllocation (Allocation Failure)
Event: 4.888 Executing safepoint VM operation: ParallelGCFailedAllocation (Allocation Failure) done
Event: 5.021 Executing non-safepoint VM operation: HandshakeAllThreads (Deoptimize)
Event: 5.021 Executing non-safepoint VM operation: HandshakeAllThreads (Deoptimize) done
Event: 5.064 Executing safepoint VM operation: CollectForMetadataAllocation (Metadata GC Threshold)
Event: 5.100 Executing safepoint VM operation: CollectForMetadataAllocation (Metadata GC Threshold) done
Event: 5.300 Executing safepoint VM operation: ParallelGCFailedAllocation (Allocation Failure)
Event: 5.302 Executing safepoint VM operation: ParallelGCFailedAllocation (Allocation Failure) done
Event: 5.462 Executing safepoint VM operation: ParallelGCFailedAllocation (Allocation Failure)
Event: 5.463 Executing safepoint VM operation: ParallelGCFailedAllocation (Allocation Failure) done
Event: 5.624 Executing safepoint VM operation: ParallelGCFailedAllocation (Allocation Failure)
Event: 5.627 Executing safepoint VM operation: ParallelGCFailedAllocation (Allocation Failure) done
Event: 5.682 Executing non-safepoint VM operation: HandshakeAllThreads (Deoptimize)
Event: 5.682 Executing non-safepoint VM operation: HandshakeAllThreads (Deoptimize) done

Memory protections (0 events):
No events

Nmethod flushes (0 events):
No events

Events (20 events):
Event: 1.732 Thread 0x00000285b7301dc0 Thread added: 0x00000286109ddd10
Event: 1.910 Thread 0x00000285cdd9d620 Thread added: 0x000002861573b9f0
Event: 1.910 Thread 0x00000285cdd9d620 Thread added: 0x00000286157397e0
Event: 2.272 Thread 0x00000286157397e0 Thread exited: 0x00000286157397e0
Event: 2.272 Thread 0x000002861573b9f0 Thread exited: 0x000002861573b9f0
Event: 2.611 Thread 0x00000285cdd9d620 Thread added: 0x000002861573a580
Event: 2.630 Thread 0x00000286109ddd10 Thread added: 0x00000286109df750
Event: 3.524 Thread 0x000002861573a580 Thread exited: 0x000002861573a580
Event: 3.978 Thread 0x00000286109ddd10 Thread added: 0x00000286109dc2d0
Event: 4.050 Thread 0x00000285cdd9d620 Thread added: 0x000002861623f710
Event: 4.050 Thread 0x00000285cdd9d620 Thread added: 0x000002861623e2a0
Event: 4.241 Thread 0x00000286109ddd10 Thread added: 0x00000286109de3a0
Event: 4.615 Thread 0x000002861623e2a0 Thread exited: 0x000002861623e2a0
Event: 4.617 Thread 0x000002861623f710 Thread exited: 0x000002861623f710
Event: 4.632 Thread 0x00000286109ddd10 Thread added: 0x00000286109dd680
Event: 4.659 Thread 0x00000286109ddd10 Thread added: 0x00000286109dc960
Event: 4.676 Thread 0x00000286109ddd10 Thread added: 0x00000286109dcff0
Event: 4.755 Thread 0x00000285cdd9d620 Thread added: 0x000002861623dbd0
Event: 5.117 Thread 0x00000285cdd9d620 Thread added: 0x000002861623c090
Event: 5.671 Thread 0x00000286109ddd10 Thread added: 0x0000028616aa3d10


Dynamic libraries:
0x00007ff6b2850000 - 0x00007ff6b285e000 	c:\Users\vothi\.vscode\extensions\redhat.java-1.54.0-win32-x64\jre\21.0.10-win32-x86_64\bin\java.exe
0x00007ffc1a440000 - 0x00007ffc1a6a7000 	C:\WINDOWS\SYSTEM32\ntdll.dll
0x00007ffc198d0000 - 0x00007ffc19999000 	C:\WINDOWS\System32\KERNEL32.DLL
0x00007ffc17be0000 - 0x00007ffc17fd4000 	C:\WINDOWS\System32\KERNELBASE.dll
0x00007ffc179d0000 - 0x00007ffc17b1b000 	C:\WINDOWS\System32\ucrtbase.dll
0x00007ffbfa9e0000 - 0x00007ffbfa9f8000 	c:\Users\vothi\.vscode\extensions\redhat.java-1.54.0-win32-x64\jre\21.0.10-win32-x86_64\bin\jli.dll
0x00007ffc1a090000 - 0x00007ffc1a255000 	C:\WINDOWS\System32\USER32.dll
0x00007ffc17fe0000 - 0x00007ffc18007000 	C:\WINDOWS\System32\win32u.dll
0x00007ffc18fd0000 - 0x00007ffc18ffb000 	C:\WINDOWS\System32\GDI32.dll
0x00007ffc180a0000 - 0x00007ffc181ca000 	C:\WINDOWS\System32\gdi32full.dll
0x00007ffc17920000 - 0x00007ffc179c3000 	C:\WINDOWS\System32\msvcp_win.dll
0x00007ffc08670000 - 0x00007ffc0868e000 	c:\Users\vothi\.vscode\extensions\redhat.java-1.54.0-win32-x64\jre\21.0.10-win32-x86_64\bin\VCRUNTIME140.dll
0x00007ffbee710000 - 0x00007ffbee9a3000 	C:\WINDOWS\WinSxS\amd64_microsoft.windows.common-controls_6595b64144ccf1df_6.0.26100.8115_none_3e075c82e3354f9c\COMCTL32.dll
0x00007ffc19670000 - 0x00007ffc19719000 	C:\WINDOWS\System32\msvcrt.dll
0x00007ffc18390000 - 0x00007ffc183c2000 	C:\WINDOWS\System32\IMM32.DLL
0x00007ffbf8650000 - 0x00007ffbf865c000 	c:\Users\vothi\.vscode\extensions\redhat.java-1.54.0-win32-x64\jre\21.0.10-win32-x86_64\bin\vcruntime140_1.dll
0x00007ffbf85c0000 - 0x00007ffbf864d000 	c:\Users\vothi\.vscode\extensions\redhat.java-1.54.0-win32-x64\jre\21.0.10-win32-x86_64\bin\msvcp140.dll
0x00007ffb19be0000 - 0x00007ffb1a981000 	c:\Users\vothi\.vscode\extensions\redhat.java-1.54.0-win32-x64\jre\21.0.10-win32-x86_64\bin\server\jvm.dll
0x00007ffc1a340000 - 0x00007ffc1a3f6000 	C:\WINDOWS\System32\ADVAPI32.dll
0x00007ffc1a260000 - 0x00007ffc1a307000 	C:\WINDOWS\System32\sechost.dll
0x00007ffc181d0000 - 0x00007ffc182e8000 	C:\WINDOWS\System32\RPCRT4.dll
0x00007ffc18b40000 - 0x00007ffc18bc0000 	C:\WINDOWS\System32\WS2_32.dll
0x00007ffc16b70000 - 0x00007ffc16bce000 	C:\WINDOWS\SYSTEM32\POWRPROF.dll
0x00007ffc0ead0000 - 0x00007ffc0eb06000 	C:\WINDOWS\SYSTEM32\WINMM.dll
0x00007ffc0ea10000 - 0x00007ffc0ea1b000 	C:\WINDOWS\SYSTEM32\VERSION.dll
0x00007ffc16b50000 - 0x00007ffc16b64000 	C:\WINDOWS\SYSTEM32\UMPDC.dll
0x00007ffc15aa0000 - 0x00007ffc15abb000 	C:\WINDOWS\SYSTEM32\kernel.appcore.dll
0x00007ffbf85b0000 - 0x00007ffbf85ba000 	c:\Users\vothi\.vscode\extensions\redhat.java-1.54.0-win32-x64\jre\21.0.10-win32-x86_64\bin\jimage.dll
0x00007ffc0fd00000 - 0x00007ffc0ff42000 	C:\WINDOWS\SYSTEM32\DBGHELP.DLL
0x00007ffc19cf0000 - 0x00007ffc1a072000 	C:\WINDOWS\System32\combase.dll
0x00007ffc197f0000 - 0x00007ffc198c7000 	C:\WINDOWS\System32\OLEAUT32.dll
0x00007ffbef2e0000 - 0x00007ffbef31b000 	C:\WINDOWS\SYSTEM32\dbgcore.DLL
0x00007ffc17580000 - 0x00007ffc17625000 	C:\WINDOWS\System32\bcryptPrimitives.dll
0x00007ffbd59d0000 - 0x00007ffbd59df000 	c:\Users\vothi\.vscode\extensions\redhat.java-1.54.0-win32-x64\jre\21.0.10-win32-x86_64\bin\instrument.dll
0x00007ffbcf5f0000 - 0x00007ffbcf610000 	c:\Users\vothi\.vscode\extensions\redhat.java-1.54.0-win32-x64\jre\21.0.10-win32-x86_64\bin\java.dll
0x00007ffc183d0000 - 0x00007ffc18b36000 	C:\WINDOWS\System32\SHELL32.dll
0x00007ffc17630000 - 0x00007ffc1779a000 	C:\WINDOWS\System32\wintypes.dll
0x00007ffc16d10000 - 0x00007ffc17575000 	C:\WINDOWS\System32\windows.storage.dll
0x00007ffc18d30000 - 0x00007ffc18e27000 	C:\WINDOWS\System32\SHCORE.dll
0x00007ffc19ba0000 - 0x00007ffc19c06000 	C:\WINDOWS\System32\shlwapi.dll
0x00007ffc16c30000 - 0x00007ffc16c59000 	C:\WINDOWS\SYSTEM32\profapi.dll
0x00007ffbce860000 - 0x00007ffbce878000 	c:\Users\vothi\.vscode\extensions\redhat.java-1.54.0-win32-x64\jre\21.0.10-win32-x86_64\bin\zip.dll
0x00007ffbf85a0000 - 0x00007ffbf85b0000 	C:\Users\vothi\.vscode\extensions\redhat.java-1.54.0-win32-x64\jre\21.0.10-win32-x86_64\bin\net.dll
0x00007ffc10bf0000 - 0x00007ffc10d1d000 	C:\WINDOWS\SYSTEM32\WINHTTP.dll
0x00007ffc16010000 - 0x00007ffc1607c000 	C:\WINDOWS\system32\mswsock.dll
0x00007ffbce710000 - 0x00007ffbce726000 	C:\Users\vothi\.vscode\extensions\redhat.java-1.54.0-win32-x64\jre\21.0.10-win32-x86_64\bin\nio.dll
0x00007ffbcf290000 - 0x00007ffbcf2a0000 	c:\Users\vothi\.vscode\extensions\redhat.java-1.54.0-win32-x64\jre\21.0.10-win32-x86_64\bin\verify.dll
0x00007ffbc7270000 - 0x00007ffbc72b5000 	C:\Users\vothi\AppData\Roaming\Code\User\globalStorage\redhat.java\1.54.0\config_win\org.eclipse.equinox.launcher\org.eclipse.equinox.launcher.win32.win32.x86_64_1.3.0.v20260203-2149\eclipse_11919.dll
0x00007ffc18e30000 - 0x00007ffc18fc7000 	C:\WINDOWS\System32\ole32.dll
0x00007ffc162f0000 - 0x00007ffc1630b000 	C:\WINDOWS\SYSTEM32\CRYPTSP.dll
0x00007ffc15a00000 - 0x00007ffc15a39000 	C:\WINDOWS\system32\rsaenh.dll
0x00007ffc160c0000 - 0x00007ffc160f3000 	C:\WINDOWS\SYSTEM32\USERENV.dll
0x00007ffc16c00000 - 0x00007ffc16c2a000 	C:\WINDOWS\SYSTEM32\bcrypt.dll
0x00007ffc16310000 - 0x00007ffc1631c000 	C:\WINDOWS\SYSTEM32\CRYPTBASE.dll
0x00007ffc15510000 - 0x00007ffc15542000 	C:\WINDOWS\SYSTEM32\IPHLPAPI.DLL
0x00007ffc19a70000 - 0x00007ffc19a7a000 	C:\WINDOWS\System32\NSI.dll
0x00007ffbb7ff0000 - 0x00007ffbb8039000 	C:\Users\vothi\AppData\Local\Temp\jna-112397084\jna5966352342053892932.dll
0x00007ffc197e0000 - 0x00007ffc197e8000 	C:\WINDOWS\System32\PSAPI.DLL

JVMTI agents:
c:\Users\vothi\.vscode\extensions\redhat.java-1.54.0-win32-x64\lombok\lombok-1.18.39-4050.jar path:c:\Users\vothi\.vscode\extensions\redhat.java-1.54.0-win32-x64\jre\21.0.10-win32-x86_64\bin\instrument.dll, loaded, initialized, instrumentlib options:none

dbghelp: loaded successfully - version: 4.0.5 - missing functions: none
symbol engine: initialized successfully - sym options: 0x614 - pdb path: .;c:\Users\vothi\.vscode\extensions\redhat.java-1.54.0-win32-x64\jre\21.0.10-win32-x86_64\bin;C:\WINDOWS\SYSTEM32;C:\WINDOWS\WinSxS\amd64_microsoft.windows.common-controls_6595b64144ccf1df_6.0.26100.8115_none_3e075c82e3354f9c;c:\Users\vothi\.vscode\extensions\redhat.java-1.54.0-win32-x64\jre\21.0.10-win32-x86_64\bin\server;C:\Users\vothi\AppData\Roaming\Code\User\globalStorage\redhat.java\1.54.0\config_win\org.eclipse.equinox.launcher\org.eclipse.equinox.launcher.win32.win32.x86_64_1.3.0.v20260203-2149;C:\Users\vothi\AppData\Local\Temp\jna-112397084

VM Arguments:
jvm_args: --add-modules=ALL-SYSTEM --add-opens=java.base/java.util=ALL-UNNAMED --add-opens=java.base/java.lang=ALL-UNNAMED --add-opens=java.base/sun.nio.fs=ALL-UNNAMED -Declipse.application=org.eclipse.jdt.ls.core.id1 -Dosgi.bundles.defaultStartLevel=4 -Declipse.product=org.eclipse.jdt.ls.core.product -Djava.import.generatesMetadataFilesAtProjectRoot=false -DDetectVMInstallationsJob.disabled=true -Dfile.encoding=utf8 -XX:+UseParallelGC -XX:GCTimeRatio=4 -XX:AdaptiveSizePolicyWeight=90 -Dsun.zip.disableMemoryMapping=true -Xmx2G -Xms100m -Xlog:disable -javaagent:c:\Users\vothi\.vscode\extensions\redhat.java-1.54.0-win32-x64\lombok\lombok-1.18.39-4050.jar -XX:+HeapDumpOnOutOfMemoryError -XX:HeapDumpPath=c:\Users\vothi\AppData\Roaming\Code\User\workspaceStorage\e2ec343072c3df4871035c3780abb845\redhat.java -Daether.dependencyCollector.impl=bf 
java_command: c:\Users\vothi\.vscode\extensions\redhat.java-1.54.0-win32-x64\server\plugins\org.eclipse.equinox.launcher_1.7.100.v20251111-0406.jar -configuration c:\Users\vothi\AppData\Roaming\Code\User\globalStorage\redhat.java\1.54.0\config_win -data c:\Users\vothi\AppData\Roaming\Code\User\workspaceStorage\e2ec343072c3df4871035c3780abb845\redhat.java\jdt_ws --pipe=\\.\pipe\lsp-cb6c7be6b7514b55e3a81ded02099a84-sock
java_class_path (initial): c:\Users\vothi\.vscode\extensions\redhat.java-1.54.0-win32-x64\server\plugins\org.eclipse.equinox.launcher_1.7.100.v20251111-0406.jar
Launcher Type: SUN_STANDARD

[Global flags]
    uintx AdaptiveSizePolicyWeight                 = 90                                        {product} {command line}
     intx CICompilerCount                          = 4                                         {product} {ergonomic}
    uintx GCTimeRatio                              = 4                                         {product} {command line}
     bool HeapDumpOnOutOfMemoryError               = true                                   {manageable} {command line}
    ccstr HeapDumpPath                             = c:\Users\vothi\AppData\Roaming\Code\User\workspaceStorage\e2ec343072c3df4871035c3780abb845\redhat.java         {manageable} {command line}
   size_t InitialHeapSize                          = 104857600                                 {product} {command line}
   size_t MaxHeapSize                              = 2147483648                                {product} {command line}
   size_t MaxNewSize                               = 715653120                                 {product} {ergonomic}
   size_t MinHeapDeltaBytes                        = 524288                                    {product} {ergonomic}
   size_t MinHeapSize                              = 104857600                                 {product} {command line}
   size_t NewSize                                  = 34603008                                  {product} {ergonomic}
    uintx NonNMethodCodeHeapSize                   = 5839372                                {pd product} {ergonomic}
    uintx NonProfiledCodeHeapSize                  = 122909434                              {pd product} {ergonomic}
   size_t OldSize                                  = 70254592                                  {product} {ergonomic}
    uintx ProfiledCodeHeapSize                     = 122909434                              {pd product} {ergonomic}
    uintx ReservedCodeCacheSize                    = 251658240                              {pd product} {ergonomic}
     bool SegmentedCodeCache                       = true                                      {product} {ergonomic}
   size_t SoftMaxHeapSize                          = 2147483648                             {manageable} {ergonomic}
     bool UseCompressedOops                        = true                           {product lp64_product} {ergonomic}
     bool UseLargePagesIndividualAllocation        = false                                  {pd product} {ergonomic}
     bool UseParallelGC                            = true                                      {product} {command line}

Logging:
Log output configuration:
 #0: stdout all=off uptime,level,tags foldmultilines=false
 #1: stderr all=off uptime,level,tags foldmultilines=false

Release file:
JAVA_VERSION="21.0.10" 
MODULES="java.base java.compiler java.datatransfer java.xml java.prefs java.desktop java.instrument java.logging java.management java.security.sasl java.naming java.rmi java.management.rmi java.net.http java.scripting java.security.jgss java.transaction.xa java.sql java.sql.rowset java.xml.crypto java.se java.smartcardio jdk.accessibility jdk.internal.jvmstat jdk.attach jdk.charsets jdk.internal.opt jdk.zipfs jdk.compiler jdk.crypto.ec jdk.crypto.cryptoki jdk.crypto.mscapi jdk.dynalink jdk.internal.ed jdk.editpad jdk.hotspot.agent jdk.httpserver jdk.internal.le jdk.internal.vm.ci jdk.internal.vm.compiler jdk.internal.vm.compiler.management jdk.jartool jdk.javadoc jdk.jcmd jdk.management jdk.management.agent jdk.jconsole jdk.jdeps jdk.jdwp.agent jdk.jdi jdk.jfr jdk.jshell jdk.jsobject jdk.jstatd jdk.localedata jdk.management.jfr jdk.naming.dns jdk.naming.rmi jdk.net jdk.nio.mapmode jdk.random jdk.sctp jdk.security.auth jdk.security.jgss jdk.unsupported jdk.unsupported.desktop jdk.xml.dom" 

Environment Variables:
JAVA_HOME=C:\Program Files\Java\jdk-17
PATH=C:\Program Files\Common Files\Oracle\Java\javapath;C:\Program Files\Microsoft\jdk-11.0.16.101-hotspot\bin;C:\WINDOWS\system32;C:\WINDOWS;C:\WINDOWS\System32\Wbem;C:\WINDOWS\System32\WindowsPowerShell\v1.0\;C:\WINDOWS\System32\OpenSSH\;C:\Program Files\Git\cmd;C:\Program Files (x86)\Microsoft SQL Server\160\Tools\Binn\;C:\Program Files\Microsoft SQL Server\160\Tools\Binn\;C:\Program Files\Microsoft SQL Server\Client SDK\ODBC\170\Tools\Binn\;C:\Program Files\Microsoft SQL Server\160\DTS\Binn\;C:\Users\vothi\Downloads\mingw-w64-v11.0.0.zip\mingw-w64-v11.0.0;C:\Program Files\PuTTY\;C:\Program Files\Java\jdk-17\bin;C:\Program Files\nodejs\;D:\wamp\bin\php\php8.3.14;D:\maven\apache-maven-3.9.11\bin;C:\Program Files\Docker\Docker\resources\bin;C:\ProgramData\ComposerSetup\bin;C:\Program Files (x86)\ComposerSetup;C:\Program Files\PostgreSQL\18\bin;E:\cursor\resources\app\bin;C:\Program Files\qemu;C:\msys64\mingw64\bin;D:\Sdk_andr\emulator;D:\Sdk_andr\platform-tools;E:\FlutterSDK\flutter\bin;C:\Users\vothi\AppData\Local\Programs\Python\Launcher\;C:\Users\vothi\AppData\Local\Microsoft\WindowsApps;C:\Users\vothi\AppData\Local\GitHubDesktop\bin;C:\Users\vothi\AppData\Local\Programs\Microsoft VS Code\bin;C:\msys64\ucrt64\bin;D:\Software\node_modules\npm\node_modules\@npmcli\arborist\lib\node.js;C:\Program Files\nodejs\;D:\IntelliJ IDEA Community Edition 2025.1.3\bin;;C:\Users\vothi\AppData\Roaming\npm;C:\Users\vothi\AppData\Roaming\Composer\vendor\bin;D:\IntelliJ IDEA 2025.3.3\bin;D:\app\Antigravity\bin
USERNAME=vothi
OS=Windows_NT
PROCESSOR_IDENTIFIER=Intel64 Family 6 Model 140 Stepping 1, GenuineIntel
TMP=C:\Users\vothi\AppData\Local\Temp
TEMP=C:\Users\vothi\AppData\Local\Temp




Periodic native trim disabled

---------------  S Y S T E M  ---------------

OS:
 Windows 11 , 64 bit Build 26100 (10.0.26100.8115)
OS uptime: 0 days 1:50 hours
Hyper-V role detected

CPU: total 8 (initial active 8) (4 cores per cpu, 2 threads per core) family 6 model 140 stepping 1 microcode 0xbc, cx8, cmov, fxsr, ht, mmx, 3dnowpref, sse, sse2, sse3, ssse3, sse4.1, sse4.2, popcnt, lzcnt, tsc, tscinvbit, avx, avx2, aes, erms, clmul, bmi1, bmi2, adx, avx512f, avx512dq, avx512cd, avx512bw, avx512vl, sha, fma, vzeroupper, avx512_vpopcntdq, avx512_vpclmulqdq, avx512_vaes, avx512_vnni, clflush, clflushopt, clwb, avx512_vbmi2, avx512_vbmi, hv, rdtscp, rdpid, fsrm, gfni, avx512_bitalg, f16c, cet_ibt, cet_ss, avx512_ifma
Processor Information for processor 0
  Max Mhz: 2419, Current Mhz: 2419, Mhz Limit: 2419
Processor Information for processor 1
  Max Mhz: 2419, Current Mhz: 2419, Mhz Limit: 2419
Processor Information for processor 2
  Max Mhz: 2419, Current Mhz: 2419, Mhz Limit: 2419
Processor Information for processor 3
  Max Mhz: 2419, Current Mhz: 2419, Mhz Limit: 2419
Processor Information for processor 4
  Max Mhz: 2419, Current Mhz: 2419, Mhz Limit: 2419
Processor Information for processor 5
  Max Mhz: 2419, Current Mhz: 1209, Mhz Limit: 2419
Processor Information for processor 6
  Max Mhz: 2419, Current Mhz: 2419, Mhz Limit: 2419
Processor Information for processor 7
  Max Mhz: 2419, Current Mhz: 2419, Mhz Limit: 2419

Memory: 4k page, system-wide physical 16100M (1473M free)
TotalPageFile size 27487M (AvailPageFile size 4M)
current process WorkingSet (physical memory assigned to process): 178M, peak: 178M
current process commit charge ("private bytes"): 306M, peak: 306M

vm_info: OpenJDK 64-Bit Server VM (21.0.10+7-LTS) for windows-amd64 JRE (21.0.10+7-LTS), built on 2026-01-20T00:00:00Z by "admin" with MS VC++ 17.12 (VS2022)

END.
